2016-10-07 16:51:35.109/6.237 Oracle Coherence 12.2.1.0.0 <Info> (thread=main, member=n/a): Loaded operational configuration from "jar:file:/E:/Jdev1221/Middleware/Oracle_Home/coherence/lib/coherence.jar!/tangosol-coherence.xml"
2016-10-07 16:51:35.214/6.342 Oracle Coherence 12.2.1.0.0 <Info> (thread=main, member=n/a): Loaded operational overrides from "jar:file:/E:/Jdev1221/Middleware/Oracle_Home/coherence/lib/coherence.jar!/tangosol-coherence-override-dev.xml"
2016-10-07 16:51:35.226/6.354 Oracle Coherence 12.2.1.0.0 <D5> (thread=main, member=n/a): Optional configuration override "/tangosol-coherence-override.xml" is not specified
2016-10-07 16:51:35.231/6.359 Oracle Coherence 12.2.1.0.0 <D5> (thread=main, member=n/a): Optional configuration override "cache-factory-config.xml" is not specified
2016-10-07 16:51:35.234/6.362 Oracle Coherence 12.2.1.0.0 <D5> (thread=main, member=n/a): Optional configuration override "cache-factory-builder-config.xml" is not specified
2016-10-07 16:51:35.236/6.364 Oracle Coherence 12.2.1.0.0 <D5> (thread=main, member=n/a): Optional configuration override "/custom-mbeans.xml" is not specified

Oracle Coherence Version 12.2.1.0.0 Build 60603
 Grid Edition: Development mode
Copyright (c) 2000, 2015, Oracle and/or its affiliates. All rights reserved.

2016-10-07 16:51:35.613/6.741 Oracle Coherence GE 12.2.1.0.0 <Info> (thread=main, member=n/a): Loaded FMW commons version: 12.2.1-0-0-SNAPSHOT b60603
2016-10-07 16:51:35.620/6.749 Oracle Coherence GE 12.2.1.0.0 <Info> (thread=main, member=n/a): Created cache factory com.tangosol.net.DefaultConfigurableCacheFactory
2016-10-07 16:51:36.947/8.074 Oracle Coherence GE 12.2.1.0.0 <Info> (thread=main, member=n/a): The cluster name has not been configured, a value of "RD42768's cluster" has been automatically generated
Oct 07, 2016 4:51:42 PM oracle.soa.scac.ValidateComposite loadWSDLs
WARNING: Validating WSDLs from WSDLManager....  with option UseSoaInfraMds:false
Oct 07, 2016 4:51:47 PM oracle.fabric.common.wsdl.SchemaManager isIncrementalBuildSupported
INFO: XMLSchema incremental build enabled.
Oct 07, 2016 4:51:51 PM com.collaxa.cube.CubeLogger info
INFO: validating "ACBGetAllActivitesmergeProv_BPEL.bpel" ...
Oct 07, 2016 4:51:51 PM oracle.integration.platform.blocks.PlatformConfigurationProvider getPlatformConfigurationProvider
WARNING: JRF is unable to determine the current application server platform.
Oct 07, 2016 4:52:01 PM com.collaxa.cube.CubeLogger info
INFO: Composed "ACBGetAllActivitesmergeProv_BPEL" in 194.9 milliseconds [nodes 43=0+43, 220.6 nodes/sec]
Oct 07, 2016 4:52:05 PM com.collaxa.cube.CubeLogger info
INFO: Compiled "ACBGetAllActivitesmergeProv_BPEL" in 3.832 seconds
Oct 07, 2016 4:52:05 PM com.collaxa.cube.CubeLogger info
INFO: Gathered 5 files in 1.1 milliseconds
Oct 07, 2016 4:52:05 PM com.collaxa.cube.CubeLogger info
INFO: Packaged "ACBGetAllActivitesmergeProv_BPEL" in 215.7 milliseconds
Schema validation failed with exception "null"
oracle.xml.parser.schema.XSDException
	at oracle.xml.parser.schema.XSDBuilder.buildSchema(XSDBuilder.java:1124)
	at oracle.xml.parser.schema.XSDBuilder.build(XSDBuilder.java:630)
	at oracle.soa.scac.ValidationFaultUtil.validateSourceWithSchema(ValidationFaultUtil.java:182)
	at oracle.soa.scac.ValidationFaultUtil.validateWithSchema(ValidationFaultUtil.java:241)
	at oracle.soa.scac.ValidationFaultUtil.validateWithSchema(ValidationFaultUtil.java:225)
	at oracle.soa.scac.ValidateComposite.validateFaultPolicy(ValidateComposite.java:1399)
	at oracle.soa.scac.ValidateComposite.doValidation0(ValidateComposite.java:604)
	at oracle.soa.scac.ValidateComposite.doValidation(ValidateComposite.java:577)
	at oracle.soa.scac.ValidateComposite.run0(ValidateComposite.java:228)
	at oracle.soa.scac.ValidateComposite.run(ValidateComposite.java:209)
	at oracle.soa.scac.ValidateComposite.main(ValidateComposite.java:201)
Java HotSpot(TM) 64-Bit Server VM warning: ignoring option PermSize=32m; support was removed in 8.0
Java HotSpot(TM) 64-Bit Server VM warning: ignoring option MaxPermSize=256m; support was removed in 8.0
