2016-10-18 14:22:45.334/1.891 Oracle Coherence 12.2.1.0.0 <Info> (thread=main, member=n/a): Loaded operational configuration from "jar:file:/C:/Oracle/Middleware12c/Oracle_Home/coherence/lib/coherence.jar!/tangosol-coherence.xml"
2016-10-18 14:22:45.391/1.947 Oracle Coherence 12.2.1.0.0 <Info> (thread=main, member=n/a): Loaded operational overrides from "jar:file:/C:/Oracle/Middleware12c/Oracle_Home/coherence/lib/coherence.jar!/tangosol-coherence-override-dev.xml"
2016-10-18 14:22:45.392/1.949 Oracle Coherence 12.2.1.0.0 <D5> (thread=main, member=n/a): Optional configuration override "/tangosol-coherence-override.xml" is not specified
2016-10-18 14:22:45.395/1.951 Oracle Coherence 12.2.1.0.0 <D5> (thread=main, member=n/a): Optional configuration override "cache-factory-config.xml" is not specified
2016-10-18 14:22:45.396/1.953 Oracle Coherence 12.2.1.0.0 <D5> (thread=main, member=n/a): Optional configuration override "cache-factory-builder-config.xml" is not specified
2016-10-18 14:22:45.397/1.954 Oracle Coherence 12.2.1.0.0 <D5> (thread=main, member=n/a): Optional configuration override "/custom-mbeans.xml" is not specified

Oracle Coherence Version 12.2.1.0.0 Build 60603
 Grid Edition: Development mode
Copyright (c) 2000, 2015, Oracle and/or its affiliates. All rights reserved.

2016-10-18 14:22:45.527/2.083 Oracle Coherence GE 12.2.1.0.0 <Info> (thread=main, member=n/a): Loaded FMW commons version: 12.2.1-0-0-SNAPSHOT b60603
2016-10-18 14:22:45.532/2.088 Oracle Coherence GE 12.2.1.0.0 <Info> (thread=main, member=n/a): Created cache factory com.tangosol.net.DefaultConfigurableCacheFactory
2016-10-18 14:22:46.027/2.583 Oracle Coherence GE 12.2.1.0.0 <Info> (thread=main, member=n/a): The cluster name has not been configured, a value of "VA39018's cluster" has been automatically generated
Oct 18, 2016 2:22:47 PM oracle.soa.scac.ValidateComposite loadWSDLs
WARNING: Validating WSDLs from WSDLManager....  with option UseSoaInfraMds:false
Oct 18, 2016 2:22:47 PM oracle.fabric.common.wsdl.SchemaManager isIncrementalBuildSupported
INFO: XMLSchema incremental build enabled.
Oct 18, 2016 2:22:47 PM com.collaxa.cube.CubeLogger info
INFO: validating "OracleSFDCNoItemOperatingUnitProv_BPEL.bpel" ...
Oct 18, 2016 2:22:48 PM oracle.integration.platform.blocks.PlatformConfigurationProvider getPlatformConfigurationProvider
WARNING: JRF is unable to determine the current application server platform.
Oct 18, 2016 2:22:49 PM com.collaxa.cube.CubeLogger info
INFO: Composed "OracleSFDCNoItemOperatingUnitProv_BPEL" in 103.4 milliseconds [nodes 22=0+22, 212.8 nodes/sec]
Oct 18, 2016 2:22:51 PM com.collaxa.cube.CubeLogger info
INFO: Compiled "OracleSFDCNoItemOperatingUnitProv_BPEL" in 2.028 seconds
Oct 18, 2016 2:22:51 PM com.collaxa.cube.CubeLogger info
INFO: Gathered 4 files in 0.7 milliseconds
Oct 18, 2016 2:22:51 PM com.collaxa.cube.CubeLogger info
INFO: Packaged "OracleSFDCNoItemOperatingUnitProv_BPEL" in 44.8 milliseconds
Java HotSpot(TM) 64-Bit Server VM warning: ignoring option PermSize=32m; support was removed in 8.0
Java HotSpot(TM) 64-Bit Server VM warning: ignoring option MaxPermSize=256m; support was removed in 8.0
