2016-10-19 15:30:39.987/3.210 Oracle Coherence 12.2.1.0.0 <Info> (thread=main, member=n/a): Loaded operational configuration from "jar:file:/C:/Oracle/Middleware12c/Oracle_Home/coherence/lib/coherence.jar!/tangosol-coherence.xml"
2016-10-19 15:30:40.201/3.424 Oracle Coherence 12.2.1.0.0 <Info> (thread=main, member=n/a): Loaded operational overrides from "jar:file:/C:/Oracle/Middleware12c/Oracle_Home/coherence/lib/coherence.jar!/tangosol-coherence-override-dev.xml"
2016-10-19 15:30:40.202/3.425 Oracle Coherence 12.2.1.0.0 <D5> (thread=main, member=n/a): Optional configuration override "/tangosol-coherence-override.xml" is not specified
2016-10-19 15:30:40.213/3.436 Oracle Coherence 12.2.1.0.0 <D5> (thread=main, member=n/a): Optional configuration override "cache-factory-config.xml" is not specified
2016-10-19 15:30:40.216/3.439 Oracle Coherence 12.2.1.0.0 <D5> (thread=main, member=n/a): Optional configuration override "cache-factory-builder-config.xml" is not specified
2016-10-19 15:30:40.217/3.440 Oracle Coherence 12.2.1.0.0 <D5> (thread=main, member=n/a): Optional configuration override "/custom-mbeans.xml" is not specified

Oracle Coherence Version 12.2.1.0.0 Build 60603
 Grid Edition: Development mode
Copyright (c) 2000, 2015, Oracle and/or its affiliates. All rights reserved.

2016-10-19 15:30:40.453/3.676 Oracle Coherence GE 12.2.1.0.0 <Info> (thread=main, member=n/a): Loaded FMW commons version: 12.2.1-0-0-SNAPSHOT b60603
2016-10-19 15:30:40.457/3.680 Oracle Coherence GE 12.2.1.0.0 <Info> (thread=main, member=n/a): Created cache factory com.tangosol.net.DefaultConfigurableCacheFactory
2016-10-19 15:30:41.077/4.300 Oracle Coherence GE 12.2.1.0.0 <Info> (thread=main, member=n/a): The cluster name has not been configured, a value of "VA39018's cluster" has been automatically generated
Oct 19, 2016 3:30:42 PM oracle.fabric.common.wsdl.WSDLManager loadWSDL
WARNING: Failed to load WSDL from WSDLs/CallCommSFDCErrMediatorWrapper.wsdl due to: WSDLException: faultCode=INVALID_WSDL: Error reading import of file:/C:/SunPower/ANT_Script/12cMigrationScripts/12c_Ant/ant_soa/code/SyncOEOrdersOracleReq/SOA/WSDLs/CallCommSFDCErrMediatorWrapper.wsdl: oracle.j2ee.ws.wsdl.LocalizedWSDLException: WSDLException: faultCode=OTHER_ERROR: Failed to read WSDL from http://dev-fusappdca02.sunpowercorp.com:7003/soa-infra/services/default/CommonSFDCErrorLogService/CallCommSFDCErrMediator.wsdl:WSDL not found
Oct 19, 2016 3:30:42 PM oracle.soa.scac.ValidateComposite loadWSDLs
WARNING: Validating WSDLs from WSDLManager....  with option UseSoaInfraMds:false
Oct 19, 2016 3:30:44 PM oracle.fabric.common.wsdl.SchemaManager isIncrementalBuildSupported
INFO: XMLSchema incremental build enabled.
Oct 19, 2016 3:30:46 PM com.collaxa.cube.CubeLogger info
INFO: validating "SyncOEOrdersOracleReq_BPEL.bpel" ...
Oct 19, 2016 3:30:46 PM oracle.integration.platform.blocks.PlatformConfigurationProvider getPlatformConfigurationProvider
WARNING: JRF is unable to determine the current application server platform.
Oct 19, 2016 3:30:46 PM oracle.fabric.common.wsdl.WSDLManager loadWSDL
WARNING: Failed to load WSDL from WSDLs/CallCommSFDCErrMediatorWrapper.wsdl due to: WSDLException: faultCode=INVALID_WSDL: Error reading import of file:/C:/SunPower/ANT_Script/12cMigrationScripts/12c_Ant/ant_soa/code/SyncOEOrdersOracleReq/SOA/WSDLs/CallCommSFDCErrMediatorWrapper.wsdl: oracle.j2ee.ws.wsdl.LocalizedWSDLException: WSDLException: faultCode=OTHER_ERROR: Failed to read WSDL from http://dev-fusappdca02.sunpowercorp.com:7003/soa-infra/services/default/CommonSFDCErrorLogService/CallCommSFDCErrMediator.wsdl:WSDL not found
Oct 19, 2016 3:30:46 PM BpelParser assertPartnerLink
SEVERE: 
oracle.j2ee.ws.wsdl.LocalizedWSDLException: WSDLException: faultCode=OTHER_ERROR: Failed to read WSDL from http://dev-fusappdca02.sunpowercorp.com:7003/soa-infra/services/default/CommonSFDCErrorLogService/CallCommSFDCErrMediator.wsdl:WSDL not found
	at oracle.j2ee.ws.wsdl.xml.WSDLReaderImpl.openAsStreamConnection(WSDLReaderImpl.java:655)
	at oracle.j2ee.ws.wsdl.xml.WSDLReaderImpl.readDocument(WSDLReaderImpl.java:465)
	at oracle.j2ee.ws.wsdl.xml.WSDLReaderImpl.readWSDL(WSDLReaderImpl.java:404)
	at oracle.j2ee.ws.wsdl.xml.WSDLReaderImpl.parseImport(WSDLReaderImpl.java:1046)
	at oracle.j2ee.ws.wsdl.xml.WSDLReaderImpl.parseDefinition(WSDLReaderImpl.java:922)
	at oracle.j2ee.ws.wsdl.xml.WSDLReaderImpl.readWSDL(WSDLReaderImpl.java:821)
	at oracle.j2ee.ws.wsdl.xml.WSDLReaderImpl.readWSDL(WSDLReaderImpl.java:768)
	at oracle.j2ee.ws.wsdl.xml.WSDLReaderImpl.readWSDL(WSDLReaderImpl.java:760)
	at oracle.j2ee.ws.wsdl.xml.WSDLReaderImpl.readWSDL(WSDLReaderImpl.java:219)
	at oracle.fabric.common.wsdl.WSDLManager.loadWSDL(WSDLManager.java:311)
	at oracle.fabric.common.wsdl.WSDLManager.loadWSDL(WSDLManager.java:408)
	at oracle.fabric.composite.model.CompositeModel.loadImports(CompositeModel.java:545)
	at oracle.fabric.composite.model.CompositeModel.getWSDLManager(CompositeModel.java:251)
	at com.collaxa.cube.lang.compiler.ComponentCompilationModel.getWSDLManager(ComponentCompilationModel.java:62)
	at com.collaxa.cube.lang.compiler.BPELComponentCompilationModel.lookupPartnerLinkType(BPELComponentCompilationModel.java:253)
	at com.collaxa.cube.lang.compiler.bpel.BpelParser.assertWsdlPartnerLink(BpelParser.java:4929)
	at com.collaxa.cube.lang.compiler.bpel.BpelParser.assertPartnerLink(BpelParser.java:4907)
	at com.collaxa.cube.lang.compiler.bpel.BpelParser.parsePartnerLink(BpelParser.java:1453)
	at com.collaxa.cube.lang.compiler.bpel.BpelParser.startElement(BpelParser.java:603)
	at com.collaxa.cube.lang.compiler.bpel.BpelParser.parseElement(BpelParser.java:528)
	at com.collaxa.cube.lang.compiler.bpel.BpelParser.parseElement(BpelParser.java:535)
	at com.collaxa.cube.lang.compiler.bpel.BpelParser.parseElement(BpelParser.java:535)
	at com.collaxa.cube.lang.compiler.bpel.BpelParser.parse(BpelParser.java:481)
	at com.collaxa.cube.lang.compiler.bpel.BpelParser.parse(BpelParser.java:431)
	at com.collaxa.cube.lang.compiler.bpel.BPELValidator.step2_ParseAndValidate(BPELValidator.java:77)
	at com.collaxa.cube.lang.compiler.bpel.BPELValidator.validate(BPELValidator.java:59)
	at com.collaxa.cube.lang.compiler.BPEL1Processor.validate(BPEL1Processor.java:341)
	at com.collaxa.cube.lang.compiler.BPEL1Processor.process(BPEL1Processor.java:162)
	at oracle.fabric.bpel.bpelc.BPELComponentValidator.validate(BPELComponentValidator.java:87)
	at oracle.soa.scac.ValidateComposite.validateComponentTypeServicesReferences(ValidateComposite.java:1161)
	at oracle.soa.scac.ValidateComposite.doValidation0(ValidateComposite.java:598)
	at oracle.soa.scac.ValidateComposite.doValidation(ValidateComposite.java:577)
	at oracle.soa.scac.ValidateComposite.run0(ValidateComposite.java:228)
	at oracle.soa.scac.ValidateComposite.run(ValidateComposite.java:209)
	at oracle.soa.scac.ValidateComposite.main(ValidateComposite.java:201)

Oct 19, 2016 3:30:46 PM oracle.fabric.common.wsdl.WSDLManager loadWSDL
WARNING: Failed to load WSDL from WSDLs/CallCommSFDCErrMediatorWrapper.wsdl due to: WSDLException: faultCode=INVALID_WSDL: Error reading import of file:/C:/SunPower/ANT_Script/12cMigrationScripts/12c_Ant/ant_soa/code/SyncOEOrdersOracleReq/SOA/WSDLs/CallCommSFDCErrMediatorWrapper.wsdl: oracle.j2ee.ws.wsdl.LocalizedWSDLException: WSDLException: faultCode=OTHER_ERROR: Failed to read WSDL from http://dev-fusappdca02.sunpowercorp.com:7003/soa-infra/services/default/CommonSFDCErrorLogService/CallCommSFDCErrMediator.wsdl:WSDL not found
Oct 19, 2016 3:30:46 PM BpelParser assertPartnerLink
SEVERE: 
oracle.j2ee.ws.wsdl.LocalizedWSDLException: WSDLException: faultCode=OTHER_ERROR: Failed to read WSDL from http://dev-fusappdca02.sunpowercorp.com:7003/soa-infra/services/default/CommonSFDCErrorLogService/CallCommSFDCErrMediator.wsdl:WSDL not found
	at oracle.j2ee.ws.wsdl.xml.WSDLReaderImpl.openAsStreamConnection(WSDLReaderImpl.java:655)
	at oracle.j2ee.ws.wsdl.xml.WSDLReaderImpl.readDocument(WSDLReaderImpl.java:465)
	at oracle.j2ee.ws.wsdl.xml.WSDLReaderImpl.readWSDL(WSDLReaderImpl.java:404)
	at oracle.j2ee.ws.wsdl.xml.WSDLReaderImpl.parseImport(WSDLReaderImpl.java:1046)
	at oracle.j2ee.ws.wsdl.xml.WSDLReaderImpl.parseDefinition(WSDLReaderImpl.java:922)
	at oracle.j2ee.ws.wsdl.xml.WSDLReaderImpl.readWSDL(WSDLReaderImpl.java:821)
	at oracle.j2ee.ws.wsdl.xml.WSDLReaderImpl.readWSDL(WSDLReaderImpl.java:768)
	at oracle.j2ee.ws.wsdl.xml.WSDLReaderImpl.readWSDL(WSDLReaderImpl.java:760)
	at oracle.j2ee.ws.wsdl.xml.WSDLReaderImpl.readWSDL(WSDLReaderImpl.java:219)
	at oracle.fabric.common.wsdl.WSDLManager.loadWSDL(WSDLManager.java:311)
	at oracle.fabric.common.wsdl.WSDLManager.loadWSDL(WSDLManager.java:408)
	at oracle.fabric.composite.model.CompositeModel.loadImports(CompositeModel.java:545)
	at oracle.fabric.composite.model.CompositeModel.getWSDLManager(CompositeModel.java:251)
	at com.collaxa.cube.lang.compiler.ComponentCompilationModel.getWSDLManager(ComponentCompilationModel.java:62)
	at com.collaxa.cube.lang.compiler.BPELComponentCompilationModel.lookupPartnerLinkType(BPELComponentCompilationModel.java:253)
	at com.collaxa.cube.lang.compiler.bpel.BpelParser.assertWsdlPartnerLink(BpelParser.java:4929)
	at com.collaxa.cube.lang.compiler.bpel.BpelParser.assertPartnerLink(BpelParser.java:4907)
	at com.collaxa.cube.lang.compiler.bpel.BpelParser.parsePartnerLink(BpelParser.java:1453)
	at com.collaxa.cube.lang.compiler.bpel.BpelParser.startElement(BpelParser.java:603)
	at com.collaxa.cube.lang.compiler.bpel.BpelParser.parseElement(BpelParser.java:528)
	at com.collaxa.cube.lang.compiler.bpel.BpelParser.parseElement(BpelParser.java:535)
	at com.collaxa.cube.lang.compiler.bpel.BpelParser.parseElement(BpelParser.java:535)
	at com.collaxa.cube.lang.compiler.bpel.BpelParser.parse(BpelParser.java:481)
	at com.collaxa.cube.lang.compiler.bpel.BpelParser.parse(BpelParser.java:431)
	at com.collaxa.cube.lang.compiler.bpel.BPELValidator.step2_ParseAndValidate(BPELValidator.java:77)
	at com.collaxa.cube.lang.compiler.bpel.BPELValidator.validate(BPELValidator.java:59)
	at com.collaxa.cube.lang.compiler.BPEL1Processor.validate(BPEL1Processor.java:341)
	at com.collaxa.cube.lang.compiler.BPEL1Processor.process(BPEL1Processor.java:162)
	at oracle.fabric.bpel.bpelc.BPELComponentValidator.validate(BPELComponentValidator.java:87)
	at oracle.soa.scac.ValidateComposite.validateComponentTypeServicesReferences(ValidateComposite.java:1161)
	at oracle.soa.scac.ValidateComposite.doValidation0(ValidateComposite.java:598)
	at oracle.soa.scac.ValidateComposite.doValidation(ValidateComposite.java:577)
	at oracle.soa.scac.ValidateComposite.run0(ValidateComposite.java:228)
	at oracle.soa.scac.ValidateComposite.run(ValidateComposite.java:209)
	at oracle.soa.scac.ValidateComposite.main(ValidateComposite.java:201)

Oct 19, 2016 3:30:47 PM oracle.fabric.common.wsdl.WSDLManager loadWSDL
WARNING: Failed to load WSDL from WSDLs/CallCommSFDCErrMediatorWrapper.wsdl due to: WSDLException: faultCode=INVALID_WSDL: Error reading import of file:/C:/SunPower/ANT_Script/12cMigrationScripts/12c_Ant/ant_soa/code/SyncOEOrdersOracleReq/SOA/WSDLs/CallCommSFDCErrMediatorWrapper.wsdl: oracle.j2ee.ws.wsdl.LocalizedWSDLException: WSDLException: faultCode=OTHER_ERROR: Failed to read WSDL from http://dev-fusappdca02.sunpowercorp.com:7003/soa-infra/services/default/CommonSFDCErrorLogService/CallCommSFDCErrMediator.wsdl:WSDL not found
Oct 19, 2016 3:30:47 PM BpelParser assertPartnerLink
SEVERE: 
oracle.j2ee.ws.wsdl.LocalizedWSDLException: WSDLException: faultCode=OTHER_ERROR: Failed to read WSDL from http://dev-fusappdca02.sunpowercorp.com:7003/soa-infra/services/default/CommonSFDCErrorLogService/CallCommSFDCErrMediator.wsdl:WSDL not found
	at oracle.j2ee.ws.wsdl.xml.WSDLReaderImpl.openAsStreamConnection(WSDLReaderImpl.java:655)
	at oracle.j2ee.ws.wsdl.xml.WSDLReaderImpl.readDocument(WSDLReaderImpl.java:465)
	at oracle.j2ee.ws.wsdl.xml.WSDLReaderImpl.readWSDL(WSDLReaderImpl.java:404)
	at oracle.j2ee.ws.wsdl.xml.WSDLReaderImpl.parseImport(WSDLReaderImpl.java:1046)
	at oracle.j2ee.ws.wsdl.xml.WSDLReaderImpl.parseDefinition(WSDLReaderImpl.java:922)
	at oracle.j2ee.ws.wsdl.xml.WSDLReaderImpl.readWSDL(WSDLReaderImpl.java:821)
	at oracle.j2ee.ws.wsdl.xml.WSDLReaderImpl.readWSDL(WSDLReaderImpl.java:768)
	at oracle.j2ee.ws.wsdl.xml.WSDLReaderImpl.readWSDL(WSDLReaderImpl.java:760)
	at oracle.j2ee.ws.wsdl.xml.WSDLReaderImpl.readWSDL(WSDLReaderImpl.java:219)
	at oracle.fabric.common.wsdl.WSDLManager.loadWSDL(WSDLManager.java:311)
	at oracle.fabric.common.wsdl.WSDLManager.loadWSDL(WSDLManager.java:408)
	at oracle.fabric.composite.model.CompositeModel.loadImports(CompositeModel.java:545)
	at oracle.fabric.composite.model.CompositeModel.getWSDLManager(CompositeModel.java:251)
	at com.collaxa.cube.lang.compiler.ComponentCompilationModel.getWSDLManager(ComponentCompilationModel.java:62)
	at com.collaxa.cube.lang.compiler.BPELComponentCompilationModel.lookupPartnerLinkType(BPELComponentCompilationModel.java:253)
	at com.collaxa.cube.lang.compiler.bpel.BpelParser.assertWsdlPartnerLink(BpelParser.java:4929)
	at com.collaxa.cube.lang.compiler.bpel.BpelParser.assertPartnerLink(BpelParser.java:4907)
	at com.collaxa.cube.lang.compiler.bpel.BpelParser.parsePartnerLink(BpelParser.java:1453)
	at com.collaxa.cube.lang.compiler.bpel.BpelParser.startElement(BpelParser.java:603)
	at com.collaxa.cube.lang.compiler.bpel.BpelParser.parseElement(BpelParser.java:528)
	at com.collaxa.cube.lang.compiler.bpel.BpelParser.parseElement(BpelParser.java:535)
	at com.collaxa.cube.lang.compiler.bpel.BpelParser.parseElement(BpelParser.java:535)
	at com.collaxa.cube.lang.compiler.bpel.BpelParser.parse(BpelParser.java:481)
	at com.collaxa.cube.lang.compiler.bpel.BpelParser.parse(BpelParser.java:431)
	at com.collaxa.cube.lang.compiler.bpel.BPELValidator.step2_ParseAndValidate(BPELValidator.java:77)
	at com.collaxa.cube.lang.compiler.bpel.BPELValidator.validate(BPELValidator.java:59)
	at com.collaxa.cube.lang.compiler.BPEL1Processor.validate(BPEL1Processor.java:341)
	at com.collaxa.cube.lang.compiler.BPEL1Processor.process(BPEL1Processor.java:162)
	at oracle.fabric.bpel.bpelc.BPELComponentValidator.validate(BPELComponentValidator.java:87)
	at oracle.soa.scac.ValidateComposite.validateComponentTypeServicesReferences(ValidateComposite.java:1161)
	at oracle.soa.scac.ValidateComposite.doValidation0(ValidateComposite.java:598)
	at oracle.soa.scac.ValidateComposite.doValidation(ValidateComposite.java:577)
	at oracle.soa.scac.ValidateComposite.run0(ValidateComposite.java:228)
	at oracle.soa.scac.ValidateComposite.run(ValidateComposite.java:209)
	at oracle.soa.scac.ValidateComposite.main(ValidateComposite.java:201)

Oct 19, 2016 3:30:47 PM oracle.fabric.common.wsdl.WSDLManager loadWSDL
WARNING: Failed to load WSDL from WSDLs/CallCommSFDCErrMediatorWrapper.wsdl due to: WSDLException: faultCode=INVALID_WSDL: Error reading import of file:/C:/SunPower/ANT_Script/12cMigrationScripts/12c_Ant/ant_soa/code/SyncOEOrdersOracleReq/SOA/WSDLs/CallCommSFDCErrMediatorWrapper.wsdl: oracle.j2ee.ws.wsdl.LocalizedWSDLException: WSDLException: faultCode=OTHER_ERROR: Failed to read WSDL from http://dev-fusappdca02.sunpowercorp.com:7003/soa-infra/services/default/CommonSFDCErrorLogService/CallCommSFDCErrMediator.wsdl:WSDL not found
Oct 19, 2016 3:30:47 PM BpelParser assertPartnerLink
SEVERE: 
oracle.j2ee.ws.wsdl.LocalizedWSDLException: WSDLException: faultCode=OTHER_ERROR: Failed to read WSDL from http://dev-fusappdca02.sunpowercorp.com:7003/soa-infra/services/default/CommonSFDCErrorLogService/CallCommSFDCErrMediator.wsdl:WSDL not found
	at oracle.j2ee.ws.wsdl.xml.WSDLReaderImpl.openAsStreamConnection(WSDLReaderImpl.java:655)
	at oracle.j2ee.ws.wsdl.xml.WSDLReaderImpl.readDocument(WSDLReaderImpl.java:465)
	at oracle.j2ee.ws.wsdl.xml.WSDLReaderImpl.readWSDL(WSDLReaderImpl.java:404)
	at oracle.j2ee.ws.wsdl.xml.WSDLReaderImpl.parseImport(WSDLReaderImpl.java:1046)
	at oracle.j2ee.ws.wsdl.xml.WSDLReaderImpl.parseDefinition(WSDLReaderImpl.java:922)
	at oracle.j2ee.ws.wsdl.xml.WSDLReaderImpl.readWSDL(WSDLReaderImpl.java:821)
	at oracle.j2ee.ws.wsdl.xml.WSDLReaderImpl.readWSDL(WSDLReaderImpl.java:768)
	at oracle.j2ee.ws.wsdl.xml.WSDLReaderImpl.readWSDL(WSDLReaderImpl.java:760)
	at oracle.j2ee.ws.wsdl.xml.WSDLReaderImpl.readWSDL(WSDLReaderImpl.java:219)
	at oracle.fabric.common.wsdl.WSDLManager.loadWSDL(WSDLManager.java:311)
	at oracle.fabric.common.wsdl.WSDLManager.loadWSDL(WSDLManager.java:408)
	at oracle.fabric.composite.model.CompositeModel.loadImports(CompositeModel.java:545)
	at oracle.fabric.composite.model.CompositeModel.getWSDLManager(CompositeModel.java:251)
	at com.collaxa.cube.lang.compiler.ComponentCompilationModel.getWSDLManager(ComponentCompilationModel.java:62)
	at com.collaxa.cube.lang.compiler.BPELComponentCompilationModel.lookupPartnerLinkType(BPELComponentCompilationModel.java:253)
	at com.collaxa.cube.lang.compiler.bpel.BpelParser.assertWsdlPartnerLink(BpelParser.java:4929)
	at com.collaxa.cube.lang.compiler.bpel.BpelParser.assertPartnerLink(BpelParser.java:4907)
	at com.collaxa.cube.lang.compiler.bpel.BpelParser.parsePartnerLink(BpelParser.java:1453)
	at com.collaxa.cube.lang.compiler.bpel.BpelParser.startElement(BpelParser.java:603)
	at com.collaxa.cube.lang.compiler.bpel.BpelParser.parseElement(BpelParser.java:528)
	at com.collaxa.cube.lang.compiler.bpel.BpelParser.parseElement(BpelParser.java:535)
	at com.collaxa.cube.lang.compiler.bpel.BpelParser.parseElement(BpelParser.java:535)
	at com.collaxa.cube.lang.compiler.bpel.BpelParser.parse(BpelParser.java:481)
	at com.collaxa.cube.lang.compiler.bpel.BpelParser.parse(BpelParser.java:431)
	at com.collaxa.cube.lang.compiler.bpel.BPELValidator.step2_ParseAndValidate(BPELValidator.java:77)
	at com.collaxa.cube.lang.compiler.bpel.BPELValidator.validate(BPELValidator.java:59)
	at com.collaxa.cube.lang.compiler.BPEL1Processor.validate(BPEL1Processor.java:341)
	at com.collaxa.cube.lang.compiler.BPEL1Processor.process(BPEL1Processor.java:162)
	at oracle.fabric.bpel.bpelc.BPELComponentValidator.validate(BPELComponentValidator.java:87)
	at oracle.soa.scac.ValidateComposite.validateComponentTypeServicesReferences(ValidateComposite.java:1161)
	at oracle.soa.scac.ValidateComposite.doValidation0(ValidateComposite.java:598)
	at oracle.soa.scac.ValidateComposite.doValidation(ValidateComposite.java:577)
	at oracle.soa.scac.ValidateComposite.run0(ValidateComposite.java:228)
	at oracle.soa.scac.ValidateComposite.run(ValidateComposite.java:209)
	at oracle.soa.scac.ValidateComposite.main(ValidateComposite.java:201)

Oct 19, 2016 3:30:47 PM oracle.fabric.common.wsdl.WSDLManager loadWSDL
WARNING: Failed to load WSDL from WSDLs/CallCommSFDCErrMediatorWrapper.wsdl due to: WSDLException: faultCode=INVALID_WSDL: Error reading import of file:/C:/SunPower/ANT_Script/12cMigrationScripts/12c_Ant/ant_soa/code/SyncOEOrdersOracleReq/SOA/WSDLs/CallCommSFDCErrMediatorWrapper.wsdl: oracle.j2ee.ws.wsdl.LocalizedWSDLException: WSDLException: faultCode=OTHER_ERROR: Failed to read WSDL from http://dev-fusappdca02.sunpowercorp.com:7003/soa-infra/services/default/CommonSFDCErrorLogService/CallCommSFDCErrMediator.wsdl:WSDL not found
Oct 19, 2016 3:30:47 PM BpelParser assertPartnerLink
SEVERE: 
oracle.j2ee.ws.wsdl.LocalizedWSDLException: WSDLException: faultCode=OTHER_ERROR: Failed to read WSDL from http://dev-fusappdca02.sunpowercorp.com:7003/soa-infra/services/default/CommonSFDCErrorLogService/CallCommSFDCErrMediator.wsdl:WSDL not found
	at oracle.j2ee.ws.wsdl.xml.WSDLReaderImpl.openAsStreamConnection(WSDLReaderImpl.java:655)
	at oracle.j2ee.ws.wsdl.xml.WSDLReaderImpl.readDocument(WSDLReaderImpl.java:465)
	at oracle.j2ee.ws.wsdl.xml.WSDLReaderImpl.readWSDL(WSDLReaderImpl.java:404)
	at oracle.j2ee.ws.wsdl.xml.WSDLReaderImpl.parseImport(WSDLReaderImpl.java:1046)
	at oracle.j2ee.ws.wsdl.xml.WSDLReaderImpl.parseDefinition(WSDLReaderImpl.java:922)
	at oracle.j2ee.ws.wsdl.xml.WSDLReaderImpl.readWSDL(WSDLReaderImpl.java:821)
	at oracle.j2ee.ws.wsdl.xml.WSDLReaderImpl.readWSDL(WSDLReaderImpl.java:768)
	at oracle.j2ee.ws.wsdl.xml.WSDLReaderImpl.readWSDL(WSDLReaderImpl.java:760)
	at oracle.j2ee.ws.wsdl.xml.WSDLReaderImpl.readWSDL(WSDLReaderImpl.java:219)
	at oracle.fabric.common.wsdl.WSDLManager.loadWSDL(WSDLManager.java:311)
	at oracle.fabric.common.wsdl.WSDLManager.loadWSDL(WSDLManager.java:408)
	at oracle.fabric.composite.model.CompositeModel.loadImports(CompositeModel.java:545)
	at oracle.fabric.composite.model.CompositeModel.getWSDLManager(CompositeModel.java:251)
	at com.collaxa.cube.lang.compiler.ComponentCompilationModel.getWSDLManager(ComponentCompilationModel.java:62)
	at com.collaxa.cube.lang.compiler.BPELComponentCompilationModel.lookupPartnerLinkType(BPELComponentCompilationModel.java:253)
	at com.collaxa.cube.lang.compiler.bpel.BpelParser.assertWsdlPartnerLink(BpelParser.java:4929)
	at com.collaxa.cube.lang.compiler.bpel.BpelParser.assertPartnerLink(BpelParser.java:4907)
	at com.collaxa.cube.lang.compiler.bpel.BpelParser.parsePartnerLink(BpelParser.java:1453)
	at com.collaxa.cube.lang.compiler.bpel.BpelParser.startElement(BpelParser.java:603)
	at com.collaxa.cube.lang.compiler.bpel.BpelParser.parseElement(BpelParser.java:528)
	at com.collaxa.cube.lang.compiler.bpel.BpelParser.parseElement(BpelParser.java:535)
	at com.collaxa.cube.lang.compiler.bpel.BpelParser.parseElement(BpelParser.java:535)
	at com.collaxa.cube.lang.compiler.bpel.BpelParser.parse(BpelParser.java:481)
	at com.collaxa.cube.lang.compiler.bpel.BpelParser.parse(BpelParser.java:431)
	at com.collaxa.cube.lang.compiler.bpel.BPELValidator.step2_ParseAndValidate(BPELValidator.java:77)
	at com.collaxa.cube.lang.compiler.bpel.BPELValidator.validate(BPELValidator.java:59)
	at com.collaxa.cube.lang.compiler.BPEL1Processor.validate(BPEL1Processor.java:341)
	at com.collaxa.cube.lang.compiler.BPEL1Processor.process(BPEL1Processor.java:162)
	at oracle.fabric.bpel.bpelc.BPELComponentValidator.validate(BPELComponentValidator.java:87)
	at oracle.soa.scac.ValidateComposite.validateComponentTypeServicesReferences(ValidateComposite.java:1161)
	at oracle.soa.scac.ValidateComposite.doValidation0(ValidateComposite.java:598)
	at oracle.soa.scac.ValidateComposite.doValidation(ValidateComposite.java:577)
	at oracle.soa.scac.ValidateComposite.run0(ValidateComposite.java:228)
	at oracle.soa.scac.ValidateComposite.run(ValidateComposite.java:209)
	at oracle.soa.scac.ValidateComposite.main(ValidateComposite.java:201)

Oct 19, 2016 3:30:47 PM oracle.fabric.common.wsdl.WSDLManager loadWSDL
WARNING: Failed to load WSDL from WSDLs/CallCommSFDCErrMediatorWrapper.wsdl due to: WSDLException: faultCode=INVALID_WSDL: Error reading import of file:/C:/SunPower/ANT_Script/12cMigrationScripts/12c_Ant/ant_soa/code/SyncOEOrdersOracleReq/SOA/WSDLs/CallCommSFDCErrMediatorWrapper.wsdl: oracle.j2ee.ws.wsdl.LocalizedWSDLException: WSDLException: faultCode=OTHER_ERROR: Failed to read WSDL from http://dev-fusappdca02.sunpowercorp.com:7003/soa-infra/services/default/CommonSFDCErrorLogService/CallCommSFDCErrMediator.wsdl:WSDL not found
Oct 19, 2016 3:30:47 PM BpelParser startElement
SEVERE: 
oracle.j2ee.ws.wsdl.LocalizedWSDLException: WSDLException: faultCode=OTHER_ERROR: Failed to read WSDL from http://dev-fusappdca02.sunpowercorp.com:7003/soa-infra/services/default/CommonSFDCErrorLogService/CallCommSFDCErrMediator.wsdl:WSDL not found
	at oracle.j2ee.ws.wsdl.xml.WSDLReaderImpl.openAsStreamConnection(WSDLReaderImpl.java:655)
	at oracle.j2ee.ws.wsdl.xml.WSDLReaderImpl.readDocument(WSDLReaderImpl.java:465)
	at oracle.j2ee.ws.wsdl.xml.WSDLReaderImpl.readWSDL(WSDLReaderImpl.java:404)
	at oracle.j2ee.ws.wsdl.xml.WSDLReaderImpl.parseImport(WSDLReaderImpl.java:1046)
	at oracle.j2ee.ws.wsdl.xml.WSDLReaderImpl.parseDefinition(WSDLReaderImpl.java:922)
	at oracle.j2ee.ws.wsdl.xml.WSDLReaderImpl.readWSDL(WSDLReaderImpl.java:821)
	at oracle.j2ee.ws.wsdl.xml.WSDLReaderImpl.readWSDL(WSDLReaderImpl.java:768)
	at oracle.j2ee.ws.wsdl.xml.WSDLReaderImpl.readWSDL(WSDLReaderImpl.java:760)
	at oracle.j2ee.ws.wsdl.xml.WSDLReaderImpl.readWSDL(WSDLReaderImpl.java:219)
	at oracle.fabric.common.wsdl.WSDLManager.loadWSDL(WSDLManager.java:311)
	at oracle.fabric.common.wsdl.WSDLManager.loadWSDL(WSDLManager.java:408)
	at oracle.fabric.composite.model.CompositeModel.loadImports(CompositeModel.java:545)
	at oracle.fabric.composite.model.CompositeModel.getWSDLManager(CompositeModel.java:251)
	at com.collaxa.cube.lang.compiler.ComponentCompilationModel.getWSDLManager(ComponentCompilationModel.java:62)
	at com.collaxa.cube.lang.compiler.BPELComponentCompilationModel.lookupMessage(BPELComponentCompilationModel.java:185)
	at com.collaxa.cube.lang.compiler.bpel.BpelParser.assertMessageType(BpelParser.java:4603)
	at com.collaxa.cube.lang.compiler.bpel.BpelParser.parseVariable(BpelParser.java:1991)
	at com.collaxa.cube.lang.compiler.bpel.BpelParser.startElement(BpelParser.java:623)
	at com.collaxa.cube.lang.compiler.bpel.BpelParser.parseElement(BpelParser.java:528)
	at com.collaxa.cube.lang.compiler.bpel.BpelParser.parseElement(BpelParser.java:535)
	at com.collaxa.cube.lang.compiler.bpel.BpelParser.parseElement(BpelParser.java:535)
	at com.collaxa.cube.lang.compiler.bpel.BpelParser.parse(BpelParser.java:481)
	at com.collaxa.cube.lang.compiler.bpel.BpelParser.parse(BpelParser.java:431)
	at com.collaxa.cube.lang.compiler.bpel.BPELValidator.step2_ParseAndValidate(BPELValidator.java:77)
	at com.collaxa.cube.lang.compiler.bpel.BPELValidator.validate(BPELValidator.java:59)
	at com.collaxa.cube.lang.compiler.BPEL1Processor.validate(BPEL1Processor.java:341)
	at com.collaxa.cube.lang.compiler.BPEL1Processor.process(BPEL1Processor.java:162)
	at oracle.fabric.bpel.bpelc.BPELComponentValidator.validate(BPELComponentValidator.java:87)
	at oracle.soa.scac.ValidateComposite.validateComponentTypeServicesReferences(ValidateComposite.java:1161)
	at oracle.soa.scac.ValidateComposite.doValidation0(ValidateComposite.java:598)
	at oracle.soa.scac.ValidateComposite.doValidation(ValidateComposite.java:577)
	at oracle.soa.scac.ValidateComposite.run0(ValidateComposite.java:228)
	at oracle.soa.scac.ValidateComposite.run(ValidateComposite.java:209)
	at oracle.soa.scac.ValidateComposite.main(ValidateComposite.java:201)

Oct 19, 2016 3:30:47 PM BPELValidator validate
SEVERE: SyncOEOrdersOracleReq_BPEL
oracle.j2ee.ws.wsdl.LocalizedWSDLException: WSDLException: faultCode=OTHER_ERROR: Failed to read WSDL from http://dev-fusappdca02.sunpowercorp.com:7003/soa-infra/services/default/CommonSFDCErrorLogService/CallCommSFDCErrMediator.wsdl:WSDL not found
	at oracle.j2ee.ws.wsdl.xml.WSDLReaderImpl.openAsStreamConnection(WSDLReaderImpl.java:655)
	at oracle.j2ee.ws.wsdl.xml.WSDLReaderImpl.readDocument(WSDLReaderImpl.java:465)
	at oracle.j2ee.ws.wsdl.xml.WSDLReaderImpl.readWSDL(WSDLReaderImpl.java:404)
	at oracle.j2ee.ws.wsdl.xml.WSDLReaderImpl.parseImport(WSDLReaderImpl.java:1046)
	at oracle.j2ee.ws.wsdl.xml.WSDLReaderImpl.parseDefinition(WSDLReaderImpl.java:922)
	at oracle.j2ee.ws.wsdl.xml.WSDLReaderImpl.readWSDL(WSDLReaderImpl.java:821)
	at oracle.j2ee.ws.wsdl.xml.WSDLReaderImpl.readWSDL(WSDLReaderImpl.java:768)
	at oracle.j2ee.ws.wsdl.xml.WSDLReaderImpl.readWSDL(WSDLReaderImpl.java:760)
	at oracle.j2ee.ws.wsdl.xml.WSDLReaderImpl.readWSDL(WSDLReaderImpl.java:219)
	at oracle.fabric.common.wsdl.WSDLManager.loadWSDL(WSDLManager.java:311)
	at oracle.fabric.common.wsdl.WSDLManager.loadWSDL(WSDLManager.java:408)
	at oracle.fabric.composite.model.CompositeModel.loadImports(CompositeModel.java:545)
	at oracle.fabric.composite.model.CompositeModel.getWSDLManager(CompositeModel.java:251)
	at com.collaxa.cube.lang.compiler.ComponentCompilationModel.getWSDLManager(ComponentCompilationModel.java:62)
	at com.collaxa.cube.lang.compiler.BPELComponentCompilationModel.lookupMessage(BPELComponentCompilationModel.java:185)
	at com.collaxa.cube.lang.compiler.bpel.BpelParser.assertMessageType(BpelParser.java:4603)
	at com.collaxa.cube.lang.compiler.bpel.BpelParser.parseVariable(BpelParser.java:1991)
	at com.collaxa.cube.lang.compiler.bpel.BpelParser.startElement(BpelParser.java:623)
	at com.collaxa.cube.lang.compiler.bpel.BpelParser.parseElement(BpelParser.java:528)
	at com.collaxa.cube.lang.compiler.bpel.BpelParser.parseElement(BpelParser.java:535)
	at com.collaxa.cube.lang.compiler.bpel.BpelParser.parseElement(BpelParser.java:535)
	at com.collaxa.cube.lang.compiler.bpel.BpelParser.parse(BpelParser.java:481)
	at com.collaxa.cube.lang.compiler.bpel.BpelParser.parse(BpelParser.java:431)
	at com.collaxa.cube.lang.compiler.bpel.BPELValidator.step2_ParseAndValidate(BPELValidator.java:77)
	at com.collaxa.cube.lang.compiler.bpel.BPELValidator.validate(BPELValidator.java:59)
	at com.collaxa.cube.lang.compiler.BPEL1Processor.validate(BPEL1Processor.java:341)
	at com.collaxa.cube.lang.compiler.BPEL1Processor.process(BPEL1Processor.java:162)
	at oracle.fabric.bpel.bpelc.BPELComponentValidator.validate(BPELComponentValidator.java:87)
	at oracle.soa.scac.ValidateComposite.validateComponentTypeServicesReferences(ValidateComposite.java:1161)
	at oracle.soa.scac.ValidateComposite.doValidation0(ValidateComposite.java:598)
	at oracle.soa.scac.ValidateComposite.doValidation(ValidateComposite.java:577)
	at oracle.soa.scac.ValidateComposite.run0(ValidateComposite.java:228)
	at oracle.soa.scac.ValidateComposite.run(ValidateComposite.java:209)
	at oracle.soa.scac.ValidateComposite.main(ValidateComposite.java:201)

Java HotSpot(TM) 64-Bit Server VM warning: ignoring option PermSize=32m; support was removed in 8.0
Java HotSpot(TM) 64-Bit Server VM warning: ignoring option MaxPermSize=256m; support was removed in 8.0
