2016-12-07 17:55:44.005/2.648 Oracle Coherence 12.2.1.0.0 <Info> (thread=main, member=n/a): Loaded operational configuration from "jar:file:/C:/Oracle/Middleware/Oracle_Home/coherence/lib/coherence.jar!/tangosol-coherence.xml"
2016-12-07 17:55:44.089/2.733 Oracle Coherence 12.2.1.0.0 <Info> (thread=main, member=n/a): Loaded operational overrides from "jar:file:/C:/Oracle/Middleware/Oracle_Home/coherence/lib/coherence.jar!/tangosol-coherence-override-dev.xml"
2016-12-07 17:55:44.092/2.736 Oracle Coherence 12.2.1.0.0 <D5> (thread=main, member=n/a): Optional configuration override "/tangosol-coherence-override.xml" is not specified
2016-12-07 17:55:44.098/2.741 Oracle Coherence 12.2.1.0.0 <D5> (thread=main, member=n/a): Optional configuration override "cache-factory-config.xml" is not specified
2016-12-07 17:55:44.100/2.743 Oracle Coherence 12.2.1.0.0 <D5> (thread=main, member=n/a): Optional configuration override "cache-factory-builder-config.xml" is not specified
2016-12-07 17:55:44.102/2.745 Oracle Coherence 12.2.1.0.0 <D5> (thread=main, member=n/a): Optional configuration override "/custom-mbeans.xml" is not specified

Oracle Coherence Version 12.2.1.0.0 Build 60603
 Grid Edition: Development mode
Copyright (c) 2000, 2015, Oracle and/or its affiliates. All rights reserved.

2016-12-07 17:55:44.254/2.897 Oracle Coherence GE 12.2.1.0.0 <Info> (thread=main, member=n/a): Loaded FMW commons version: 12.2.1-0-0-SNAPSHOT b60603
2016-12-07 17:55:44.260/2.903 Oracle Coherence GE 12.2.1.0.0 <Info> (thread=main, member=n/a): Created cache factory com.tangosol.net.DefaultConfigurableCacheFactory
2016-12-07 17:55:44.805/3.448 Oracle Coherence GE 12.2.1.0.0 <Info> (thread=main, member=n/a): The cluster name has not been configured, a value of "sn38854's cluster" has been automatically generated
Dec 07, 2016 5:55:49 PM oracle.soa.scac.ValidateComposite loadWSDLs
WARNING: Validating WSDLs from WSDLManager....  with option UseSoaInfraMds:false
Dec 07, 2016 5:55:58 PM oracle.fabric.common.wsdl.SchemaManager isIncrementalBuildSupported
INFO: XMLSchema incremental build enabled.
Dec 07, 2016 5:55:59 PM com.collaxa.cube.CubeLogger info
INFO: validating "OracleSFDCNoItemOperatingUnitReq_BPEL.bpel" ...
Dec 07, 2016 5:55:59 PM oracle.integration.platform.blocks.PlatformConfigurationProvider getPlatformConfigurationProvider
WARNING: JRF is unable to determine the current application server platform.
Dec 07, 2016 5:56:12 PM com.collaxa.cube.CubeLogger info
INFO: Composed "OracleSFDCNoItemOperatingUnitReq_BPEL" in 94.2 milliseconds [nodes 13=0+13, 138.0 nodes/sec]
Dec 07, 2016 5:56:14 PM com.collaxa.cube.CubeLogger info
INFO: Compiled "OracleSFDCNoItemOperatingUnitReq_BPEL" in 2.237 seconds
Dec 07, 2016 5:56:14 PM com.collaxa.cube.CubeLogger info
INFO: Gathered 4 files in 1.0 milliseconds
Dec 07, 2016 5:56:14 PM com.collaxa.cube.CubeLogger info
INFO: Packaged "OracleSFDCNoItemOperatingUnitReq_BPEL" in 193.9 milliseconds
Java HotSpot(TM) 64-Bit Server VM warning: ignoring option PermSize=32m; support was removed in 8.0
Java HotSpot(TM) 64-Bit Server VM warning: ignoring option MaxPermSize=256m; support was removed in 8.0
