2020-12-10 18:28:32.535/2.941 Oracle Coherence 12.2.1.3.0 <Info> (thread=main, member=n/a): Loaded operational configuration from "jar:file:/D:/SOA/Oracle/Middleware/Oracle_Home/coherence/lib/coherence.jar!/tangosol-coherence.xml"
2020-12-10 18:28:32.572/2.978 Oracle Coherence 12.2.1.3.0 <Info> (thread=main, member=n/a): Loaded operational overrides from "jar:file:/D:/SOA/Oracle/Middleware/Oracle_Home/coherence/lib/coherence.jar!/tangosol-coherence-override-dev.xml"
2020-12-10 18:28:32.575/2.981 Oracle Coherence 12.2.1.3.0 <D5> (thread=main, member=n/a): Optional configuration override "/tangosol-coherence-override.xml" is not specified
2020-12-10 18:28:32.581/2.987 Oracle Coherence 12.2.1.3.0 <D5> (thread=main, member=n/a): Optional configuration override "cache-factory-config.xml" is not specified
2020-12-10 18:28:32.583/2.989 Oracle Coherence 12.2.1.3.0 <D5> (thread=main, member=n/a): Optional configuration override "cache-factory-builder-config.xml" is not specified
2020-12-10 18:28:32.584/2.990 Oracle Coherence 12.2.1.3.0 <D5> (thread=main, member=n/a): Optional configuration override "/custom-mbeans.xml" is not specified

Oracle Coherence Version 12.2.1.3.0 Build 68243
 Grid Edition: Development mode
Copyright (c) 2000, 2017, Oracle and/or its affiliates. All rights reserved.

2020-12-10 18:28:33.871/4.277 Oracle Coherence GE 12.2.1.3.0 <Info> (thread=main, member=n/a): Created cache factory com.tangosol.net.ExtensibleConfigurableCacheFactory
2020-12-10 18:28:34.039/4.445 Oracle Coherence GE 12.2.1.3.0 <Info> (thread=main, member=n/a): The cluster name has not been configured, a value of "sn38854's cluster" has been automatically generated
Dec 10, 2020 6:28:38 PM oracle.soa.scac.ValidateComposite loadWSDLs
WARNING: Validating WSDLs from WSDLManager....  with option UseSoaInfraMds:false
Dec 10, 2020 6:28:42 PM oracle.fabric.common.wsdl.SchemaManager isIncrementalBuildSupported
INFO: XMLSchema incremental build enabled.
Dec 10, 2020 6:28:43 PM com.collaxa.cube.CubeLogger info
INFO: validating "EmployeeContractorFeedSF2Oracle_BPEL.bpel" ...
Dec 10, 2020 6:28:54 PM com.collaxa.cube.CubeLogger info
INFO: Composed "EmployeeContractorFeedSF2Oracle_BPEL" in 97.8 milliseconds [nodes 34=0+34, 347.7 nodes/sec]
Dec 10, 2020 6:28:56 PM com.collaxa.cube.CubeLogger info
INFO: Compiled "EmployeeContractorFeedSF2Oracle_BPEL" in 2.393 seconds
Dec 10, 2020 6:28:56 PM com.collaxa.cube.CubeLogger info
INFO: Gathered 5 files in 0.9 milliseconds
Dec 10, 2020 6:28:56 PM com.collaxa.cube.CubeLogger info
INFO: Packaged "EmployeeContractorFeedSF2Oracle_BPEL" in 21.3 milliseconds
Java HotSpot(TM) Client VM warning: ignoring option PermSize=32m; support was removed in 8.0
Java HotSpot(TM) Client VM warning: ignoring option MaxPermSize=256m; support was removed in 8.0
