2016-10-06 21:37:52.668/2.824 Oracle Coherence 12.2.1.0.0 <Info> (thread=main, member=n/a): Loaded operational configuration from "jar:file:/E:/Jdev1221/Middleware/Oracle_Home/coherence/lib/coherence.jar!/tangosol-coherence.xml"
2016-10-06 21:37:52.813/2.968 Oracle Coherence 12.2.1.0.0 <Info> (thread=main, member=n/a): Loaded operational overrides from "jar:file:/E:/Jdev1221/Middleware/Oracle_Home/coherence/lib/coherence.jar!/tangosol-coherence-override-dev.xml"
2016-10-06 21:37:52.817/2.972 Oracle Coherence 12.2.1.0.0 <D5> (thread=main, member=n/a): Optional configuration override "/tangosol-coherence-override.xml" is not specified
2016-10-06 21:37:52.823/2.977 Oracle Coherence 12.2.1.0.0 <D5> (thread=main, member=n/a): Optional configuration override "cache-factory-config.xml" is not specified
2016-10-06 21:37:52.826/2.981 Oracle Coherence 12.2.1.0.0 <D5> (thread=main, member=n/a): Optional configuration override "cache-factory-builder-config.xml" is not specified
2016-10-06 21:37:52.828/2.983 Oracle Coherence 12.2.1.0.0 <D5> (thread=main, member=n/a): Optional configuration override "/custom-mbeans.xml" is not specified

Oracle Coherence Version 12.2.1.0.0 Build 60603
 Grid Edition: Development mode
Copyright (c) 2000, 2015, Oracle and/or its affiliates. All rights reserved.

2016-10-06 21:37:52.992/3.147 Oracle Coherence GE 12.2.1.0.0 <Info> (thread=main, member=n/a): Loaded FMW commons version: 12.2.1-0-0-SNAPSHOT b60603
2016-10-06 21:37:53.000/3.155 Oracle Coherence GE 12.2.1.0.0 <Info> (thread=main, member=n/a): Created cache factory com.tangosol.net.DefaultConfigurableCacheFactory
2016-10-06 21:37:53.591/3.745 Oracle Coherence GE 12.2.1.0.0 <Info> (thread=main, member=n/a): The cluster name has not been configured, a value of "RD42768's cluster" has been automatically generated
Oct 06, 2016 9:38:05 PM oracle.soa.scac.ValidateComposite loadWSDLs
WARNING: Validating WSDLs from WSDLManager....  with option UseSoaInfraMds:false
Oct 06, 2016 9:38:14 PM oracle.fabric.common.wsdl.SchemaManager isIncrementalBuildSupported
INFO: XMLSchema incremental build enabled.
Oct 06, 2016 9:38:16 PM com.collaxa.cube.CubeLogger info
INFO: validating "EmployeeContractorFeedSF2Oracle_BPEL.bpel" ...
Oct 06, 2016 9:38:17 PM oracle.integration.platform.blocks.PlatformConfigurationProvider getPlatformConfigurationProvider
WARNING: JRF is unable to determine the current application server platform.
Oct 06, 2016 9:38:29 PM com.collaxa.cube.CubeLogger info
INFO: Composed "EmployeeContractorFeedSF2Oracle_BPEL" in 198.9 milliseconds [nodes 34=0+34, 170.9 nodes/sec]
Oct 06, 2016 9:38:33 PM com.collaxa.cube.CubeLogger info
INFO: Compiled "EmployeeContractorFeedSF2Oracle_BPEL" in 4.275 seconds
Oct 06, 2016 9:38:33 PM com.collaxa.cube.CubeLogger info
INFO: Gathered 5 files in 1.3 milliseconds
Oct 06, 2016 9:38:34 PM com.collaxa.cube.CubeLogger info
INFO: Packaged "EmployeeContractorFeedSF2Oracle_BPEL" in 231.4 milliseconds
Java HotSpot(TM) 64-Bit Server VM warning: ignoring option PermSize=32m; support was removed in 8.0
Java HotSpot(TM) 64-Bit Server VM warning: ignoring option MaxPermSize=256m; support was removed in 8.0
