2016-10-18 15:22:59.271/2.114 Oracle Coherence 12.2.1.0.0 <Info> (thread=main, member=n/a): Loaded operational configuration from "jar:file:/C:/Oracle/Middleware12c/Oracle_Home/coherence/lib/coherence.jar!/tangosol-coherence.xml"
2016-10-18 15:22:59.375/2.218 Oracle Coherence 12.2.1.0.0 <Info> (thread=main, member=n/a): Loaded operational overrides from "jar:file:/C:/Oracle/Middleware12c/Oracle_Home/coherence/lib/coherence.jar!/tangosol-coherence-override-dev.xml"
2016-10-18 15:22:59.377/2.220 Oracle Coherence 12.2.1.0.0 <D5> (thread=main, member=n/a): Optional configuration override "/tangosol-coherence-override.xml" is not specified
2016-10-18 15:22:59.381/2.224 Oracle Coherence 12.2.1.0.0 <D5> (thread=main, member=n/a): Optional configuration override "cache-factory-config.xml" is not specified
2016-10-18 15:22:59.383/2.227 Oracle Coherence 12.2.1.0.0 <D5> (thread=main, member=n/a): Optional configuration override "cache-factory-builder-config.xml" is not specified
2016-10-18 15:22:59.385/2.228 Oracle Coherence 12.2.1.0.0 <D5> (thread=main, member=n/a): Optional configuration override "/custom-mbeans.xml" is not specified

Oracle Coherence Version 12.2.1.0.0 Build 60603
 Grid Edition: Development mode
Copyright (c) 2000, 2015, Oracle and/or its affiliates. All rights reserved.

2016-10-18 15:22:59.513/2.356 Oracle Coherence GE 12.2.1.0.0 <Info> (thread=main, member=n/a): Loaded FMW commons version: 12.2.1-0-0-SNAPSHOT b60603
2016-10-18 15:22:59.520/2.363 Oracle Coherence GE 12.2.1.0.0 <Info> (thread=main, member=n/a): Created cache factory com.tangosol.net.DefaultConfigurableCacheFactory
2016-10-18 15:23:00.606/3.450 Oracle Coherence GE 12.2.1.0.0 <Info> (thread=main, member=n/a): The cluster name has not been configured, a value of "VA39018's cluster" has been automatically generated
Oct 18, 2016 3:23:01 PM oracle.soa.scac.ValidateComposite loadWSDLs
WARNING: Validating WSDLs from WSDLManager....  with option UseSoaInfraMds:false
Oct 18, 2016 3:23:02 PM oracle.fabric.common.wsdl.SchemaManager isIncrementalBuildSupported
INFO: XMLSchema incremental build enabled.
Oct 18, 2016 3:23:03 PM com.collaxa.cube.CubeLogger info
INFO: validating "SOAPDFMETASyncReq_BPEL.bpel" ...
Oct 18, 2016 3:23:03 PM oracle.integration.platform.blocks.PlatformConfigurationProvider getPlatformConfigurationProvider
WARNING: JRF is unable to determine the current application server platform.
Oct 18, 2016 3:23:05 PM oracle.fabric.common.wsdl.SchemaManager buildXDKSchema
INFO: Namespace specified for the lookup belongs to a default namespace URI: http://www.w3.org/2001/XMLSchema. Will not attempt to build the schema model for it...
Oct 18, 2016 3:23:05 PM oracle.fabric.common.wsdl.SchemaManager buildXDKSchema
INFO: Namespace specified for the lookup belongs to a default namespace URI: http://www.w3.org/2001/XMLSchema. Will not attempt to build the schema model for it...
Oct 18, 2016 3:23:05 PM oracle.fabric.common.wsdl.SchemaManager buildXDKSchema
INFO: Namespace specified for the lookup belongs to a default namespace URI: http://www.w3.org/2001/XMLSchema. Will not attempt to build the schema model for it...
Oct 18, 2016 3:23:05 PM oracle.fabric.common.wsdl.SchemaManager buildXDKSchema
INFO: Namespace specified for the lookup belongs to a default namespace URI: http://www.w3.org/2001/XMLSchema. Will not attempt to build the schema model for it...
Oct 18, 2016 3:23:05 PM oracle.fabric.common.wsdl.SchemaManager buildXDKSchema
INFO: Namespace specified for the lookup belongs to a default namespace URI: http://www.w3.org/2001/XMLSchema. Will not attempt to build the schema model for it...
Oct 18, 2016 3:23:05 PM oracle.fabric.common.wsdl.SchemaManager buildXDKSchema
INFO: Namespace specified for the lookup belongs to a default namespace URI: http://www.w3.org/2001/XMLSchema. Will not attempt to build the schema model for it...
Oct 18, 2016 3:23:05 PM com.collaxa.cube.CubeLogger info
INFO: Composed "SOAPDFMETASyncReq_BPEL" in 87.0 milliseconds [nodes 31=0+31, 356.5 nodes/sec]
Oct 18, 2016 3:23:07 PM com.collaxa.cube.CubeLogger info
INFO: Compiled "SOAPDFMETASyncReq_BPEL" in 1.910 seconds
Oct 18, 2016 3:23:07 PM com.collaxa.cube.CubeLogger info
INFO: Gathered 4 files in 1.6 milliseconds
Oct 18, 2016 3:23:07 PM com.collaxa.cube.CubeLogger info
INFO: Packaged "SOAPDFMETASyncReq_BPEL" in 76.5 milliseconds
Schema validation failed with exception "null"
oracle.xml.parser.schema.XSDException
	at oracle.xml.parser.schema.XSDBuilder.buildSchema(XSDBuilder.java:1124)
	at oracle.xml.parser.schema.XSDBuilder.build(XSDBuilder.java:630)
	at oracle.soa.scac.ValidationFaultUtil.validateSourceWithSchema(ValidationFaultUtil.java:182)
	at oracle.soa.scac.ValidationFaultUtil.validateWithSchema(ValidationFaultUtil.java:241)
	at oracle.soa.scac.ValidationFaultUtil.validateWithSchema(ValidationFaultUtil.java:225)
	at oracle.soa.scac.ValidateComposite.validateFaultPolicy(ValidateComposite.java:1399)
	at oracle.soa.scac.ValidateComposite.doValidation0(ValidateComposite.java:604)
	at oracle.soa.scac.ValidateComposite.doValidation(ValidateComposite.java:577)
	at oracle.soa.scac.ValidateComposite.run0(ValidateComposite.java:228)
	at oracle.soa.scac.ValidateComposite.run(ValidateComposite.java:209)
	at oracle.soa.scac.ValidateComposite.main(ValidateComposite.java:201)
Java HotSpot(TM) 64-Bit Server VM warning: ignoring option PermSize=32m; support was removed in 8.0
Java HotSpot(TM) 64-Bit Server VM warning: ignoring option MaxPermSize=256m; support was removed in 8.0
