2016-10-10 15:20:38.180/1.848 Oracle Coherence 12.2.1.0.0 <Info> (thread=main, member=n/a): Loaded operational configuration from "jar:file:/C:/Oracle/Middleware12c/Oracle_Home/coherence/lib/coherence.jar!/tangosol-coherence.xml"
2016-10-10 15:20:38.267/1.934 Oracle Coherence 12.2.1.0.0 <Info> (thread=main, member=n/a): Loaded operational overrides from "jar:file:/C:/Oracle/Middleware12c/Oracle_Home/coherence/lib/coherence.jar!/tangosol-coherence-override-dev.xml"
2016-10-10 15:20:38.269/1.936 Oracle Coherence 12.2.1.0.0 <D5> (thread=main, member=n/a): Optional configuration override "/tangosol-coherence-override.xml" is not specified
2016-10-10 15:20:38.271/1.938 Oracle Coherence 12.2.1.0.0 <D5> (thread=main, member=n/a): Optional configuration override "cache-factory-config.xml" is not specified
2016-10-10 15:20:38.272/1.939 Oracle Coherence 12.2.1.0.0 <D5> (thread=main, member=n/a): Optional configuration override "cache-factory-builder-config.xml" is not specified
2016-10-10 15:20:38.273/1.940 Oracle Coherence 12.2.1.0.0 <D5> (thread=main, member=n/a): Optional configuration override "/custom-mbeans.xml" is not specified

Oracle Coherence Version 12.2.1.0.0 Build 60603
 Grid Edition: Development mode
Copyright (c) 2000, 2015, Oracle and/or its affiliates. All rights reserved.

2016-10-10 15:20:38.377/2.044 Oracle Coherence GE 12.2.1.0.0 <Info> (thread=main, member=n/a): Loaded FMW commons version: 12.2.1-0-0-SNAPSHOT b60603
2016-10-10 15:20:38.382/2.050 Oracle Coherence GE 12.2.1.0.0 <Info> (thread=main, member=n/a): Created cache factory com.tangosol.net.DefaultConfigurableCacheFactory
2016-10-10 15:20:38.811/2.478 Oracle Coherence GE 12.2.1.0.0 <Info> (thread=main, member=n/a): The cluster name has not been configured, a value of "VA39018's cluster" has been automatically generated
Oct 10, 2016 3:20:40 PM oracle.soa.scac.ValidateComposite loadWSDLs
WARNING: Validating WSDLs from WSDLManager....  with option UseSoaInfraMds:false
Oct 10, 2016 3:20:41 PM oracle.fabric.common.wsdl.SchemaManager isIncrementalBuildSupported
INFO: XMLSchema incremental build enabled.
Oct 10, 2016 3:20:48 PM com.collaxa.cube.CubeLogger info
INFO: validating "UpdateCustomerSFDCProv.bpel" ...
Oct 10, 2016 3:20:48 PM oracle.integration.platform.blocks.PlatformConfigurationProvider getPlatformConfigurationProvider
WARNING: JRF is unable to determine the current application server platform.
Oct 10, 2016 3:20:50 PM com.collaxa.cube.CubeLogger info
INFO: Composed "UpdateCustomerSFDCProv" in 100.5 milliseconds [nodes 60=0+60, 597.0 nodes/sec]
Oct 10, 2016 3:20:51 PM com.collaxa.cube.CubeLogger info
INFO: Compiled "UpdateCustomerSFDCProv" in 1.541 seconds
Oct 10, 2016 3:20:51 PM com.collaxa.cube.CubeLogger info
INFO: Gathered 5 files in 1.2 milliseconds
Oct 10, 2016 3:20:51 PM com.collaxa.cube.CubeLogger info
INFO: Packaged "UpdateCustomerSFDCProv" in 67.0 milliseconds
Java HotSpot(TM) 64-Bit Server VM warning: ignoring option PermSize=32m; support was removed in 8.0
Java HotSpot(TM) 64-Bit Server VM warning: ignoring option MaxPermSize=256m; support was removed in 8.0
