2020-12-02 16:21:02.950/1.584 Oracle Coherence 12.2.1.3.0 <Info> (thread=main, member=n/a): Loaded operational configuration from "jar:file:/D:/SOA/Oracle/Middleware/Oracle_Home/coherence/lib/coherence.jar!/tangosol-coherence.xml"
2020-12-02 16:21:02.970/1.604 Oracle Coherence 12.2.1.3.0 <Info> (thread=main, member=n/a): Loaded operational overrides from "jar:file:/D:/SOA/Oracle/Middleware/Oracle_Home/coherence/lib/coherence.jar!/tangosol-coherence-override-dev.xml"
2020-12-02 16:21:02.972/1.605 Oracle Coherence 12.2.1.3.0 <D5> (thread=main, member=n/a): Optional configuration override "/tangosol-coherence-override.xml" is not specified
2020-12-02 16:21:02.974/1.607 Oracle Coherence 12.2.1.3.0 <D5> (thread=main, member=n/a): Optional configuration override "cache-factory-config.xml" is not specified
2020-12-02 16:21:02.974/1.608 Oracle Coherence 12.2.1.3.0 <D5> (thread=main, member=n/a): Optional configuration override "cache-factory-builder-config.xml" is not specified
2020-12-02 16:21:02.975/1.608 Oracle Coherence 12.2.1.3.0 <D5> (thread=main, member=n/a): Optional configuration override "/custom-mbeans.xml" is not specified

Oracle Coherence Version 12.2.1.3.0 Build 68243
 Grid Edition: Development mode
Copyright (c) 2000, 2017, Oracle and/or its affiliates. All rights reserved.

2020-12-02 16:21:03.716/2.349 Oracle Coherence GE 12.2.1.3.0 <Info> (thread=main, member=n/a): Created cache factory com.tangosol.net.ExtensibleConfigurableCacheFactory
2020-12-02 16:21:03.814/2.447 Oracle Coherence GE 12.2.1.3.0 <Info> (thread=main, member=n/a): The cluster name has not been configured, a value of "sn38854's cluster" has been automatically generated
Dec 02, 2020 4:21:08 PM oracle.soa.scac.ValidateComposite loadWSDLs
WARNING: Validating WSDLs from WSDLManager....  with option UseSoaInfraMds:false
Dec 02, 2020 4:21:12 PM oracle.fabric.common.wsdl.SchemaManager isIncrementalBuildSupported
INFO: XMLSchema incremental build enabled.
Dec 02, 2020 4:21:14 PM com.collaxa.cube.CubeLogger info
INFO: validating "MaxeonCostCenterFeedOracle2SF_BPEL.bpel" ...
Dec 02, 2020 4:21:22 PM com.collaxa.cube.CubeLogger info
INFO: Composed "CostCenterFeedOracle2SF_BPEL" in 55.8 milliseconds [nodes 28=0+28, 501.9 nodes/sec]
Dec 02, 2020 4:21:23 PM com.collaxa.cube.CubeLogger info
INFO: Compiled "CostCenterFeedOracle2SF_BPEL" in 1.138 seconds
Dec 02, 2020 4:21:23 PM com.collaxa.cube.CubeLogger info
INFO: Gathered 4 files in 0.9 milliseconds
Dec 02, 2020 4:21:23 PM com.collaxa.cube.CubeLogger info
INFO: Packaged "CostCenterFeedOracle2SF_BPEL" in 10.5 milliseconds
Java HotSpot(TM) Client VM warning: ignoring option PermSize=32m; support was removed in 8.0
Java HotSpot(TM) Client VM warning: ignoring option MaxPermSize=256m; support was removed in 8.0
