2016-10-19 14:20:25.802/2.139 Oracle Coherence 12.2.1.0.0 <Info> (thread=main, member=n/a): Loaded operational configuration from "jar:file:/C:/Oracle/Middleware12c/Oracle_Home/coherence/lib/coherence.jar!/tangosol-coherence.xml"
2016-10-19 14:20:25.868/2.205 Oracle Coherence 12.2.1.0.0 <Info> (thread=main, member=n/a): Loaded operational overrides from "jar:file:/C:/Oracle/Middleware12c/Oracle_Home/coherence/lib/coherence.jar!/tangosol-coherence-override-dev.xml"
2016-10-19 14:20:25.870/2.208 Oracle Coherence 12.2.1.0.0 <D5> (thread=main, member=n/a): Optional configuration override "/tangosol-coherence-override.xml" is not specified
2016-10-19 14:20:25.874/2.211 Oracle Coherence 12.2.1.0.0 <D5> (thread=main, member=n/a): Optional configuration override "cache-factory-config.xml" is not specified
2016-10-19 14:20:25.875/2.213 Oracle Coherence 12.2.1.0.0 <D5> (thread=main, member=n/a): Optional configuration override "cache-factory-builder-config.xml" is not specified
2016-10-19 14:20:25.877/2.215 Oracle Coherence 12.2.1.0.0 <D5> (thread=main, member=n/a): Optional configuration override "/custom-mbeans.xml" is not specified

Oracle Coherence Version 12.2.1.0.0 Build 60603
 Grid Edition: Development mode
Copyright (c) 2000, 2015, Oracle and/or its affiliates. All rights reserved.

2016-10-19 14:20:26.012/2.349 Oracle Coherence GE 12.2.1.0.0 <Info> (thread=main, member=n/a): Loaded FMW commons version: 12.2.1-0-0-SNAPSHOT b60603
2016-10-19 14:20:26.039/2.377 Oracle Coherence GE 12.2.1.0.0 <Info> (thread=main, member=n/a): Created cache factory com.tangosol.net.DefaultConfigurableCacheFactory
2016-10-19 14:20:26.535/2.872 Oracle Coherence GE 12.2.1.0.0 <Info> (thread=main, member=n/a): The cluster name has not been configured, a value of "VA39018's cluster" has been automatically generated
Oct 19, 2016 2:20:27 PM oracle.soa.scac.ValidateComposite loadWSDLs
WARNING: Validating WSDLs from WSDLManager....  with option UseSoaInfraMds:false
Oct 19, 2016 2:20:27 PM oracle.fabric.common.wsdl.SchemaManager isIncrementalBuildSupported
INFO: XMLSchema incremental build enabled.
Oct 19, 2016 2:20:27 PM com.collaxa.cube.CubeLogger info
INFO: validating "Lease2OutboundEBSReq_BPEL.bpel" ...
Oct 19, 2016 2:20:28 PM oracle.integration.platform.blocks.PlatformConfigurationProvider getPlatformConfigurationProvider
WARNING: JRF is unable to determine the current application server platform.
Oct 19, 2016 2:20:29 PM com.collaxa.cube.CubeLogger info
INFO: Composed "Lease2OutboundEBSReq_BPEL" in 80.1 milliseconds [nodes 14=0+14, 174.8 nodes/sec]
Oct 19, 2016 2:20:30 PM com.collaxa.cube.CubeLogger info
INFO: Compiled "Lease2OutboundEBSReq_BPEL" in 1.706 seconds
Oct 19, 2016 2:20:30 PM com.collaxa.cube.CubeLogger info
INFO: Gathered 4 files in 1.0 milliseconds
Oct 19, 2016 2:20:30 PM com.collaxa.cube.CubeLogger info
INFO: Packaged "Lease2OutboundEBSReq_BPEL" in 44.4 milliseconds
Schema validation failed with exception "null"
oracle.xml.parser.schema.XSDException
	at oracle.xml.parser.schema.XSDBuilder.buildSchema(XSDBuilder.java:1124)
	at oracle.xml.parser.schema.XSDBuilder.build(XSDBuilder.java:630)
	at oracle.soa.scac.ValidationFaultUtil.validateSourceWithSchema(ValidationFaultUtil.java:182)
	at oracle.soa.scac.ValidationFaultUtil.validateWithSchema(ValidationFaultUtil.java:241)
	at oracle.soa.scac.ValidationFaultUtil.validateWithSchema(ValidationFaultUtil.java:225)
	at oracle.soa.scac.ValidateComposite.validateFaultPolicy(ValidateComposite.java:1399)
	at oracle.soa.scac.ValidateComposite.doValidation0(ValidateComposite.java:604)
	at oracle.soa.scac.ValidateComposite.doValidation(ValidateComposite.java:577)
	at oracle.soa.scac.ValidateComposite.run0(ValidateComposite.java:228)
	at oracle.soa.scac.ValidateComposite.run(ValidateComposite.java:209)
	at oracle.soa.scac.ValidateComposite.main(ValidateComposite.java:201)
Java HotSpot(TM) 64-Bit Server VM warning: ignoring option PermSize=32m; support was removed in 8.0
Java HotSpot(TM) 64-Bit Server VM warning: ignoring option MaxPermSize=256m; support was removed in 8.0
