2021-01-17 08:25:02.227/1.758 Oracle Coherence 12.2.1.3.0 <Info> (thread=main, member=n/a): Loaded operational configuration from "jar:file:/D:/SOA/Oracle/Middleware/Oracle_Home/coherence/lib/coherence.jar!/tangosol-coherence.xml"
2021-01-17 08:25:02.247/1.777 Oracle Coherence 12.2.1.3.0 <Info> (thread=main, member=n/a): Loaded operational overrides from "jar:file:/D:/SOA/Oracle/Middleware/Oracle_Home/coherence/lib/coherence.jar!/tangosol-coherence-override-dev.xml"
2021-01-17 08:25:02.248/1.779 Oracle Coherence 12.2.1.3.0 <D5> (thread=main, member=n/a): Optional configuration override "/tangosol-coherence-override.xml" is not specified
2021-01-17 08:25:02.250/1.780 Oracle Coherence 12.2.1.3.0 <D5> (thread=main, member=n/a): Optional configuration override "cache-factory-config.xml" is not specified
2021-01-17 08:25:02.251/1.781 Oracle Coherence 12.2.1.3.0 <D5> (thread=main, member=n/a): Optional configuration override "cache-factory-builder-config.xml" is not specified
2021-01-17 08:25:02.251/1.782 Oracle Coherence 12.2.1.3.0 <D5> (thread=main, member=n/a): Optional configuration override "/custom-mbeans.xml" is not specified

Oracle Coherence Version 12.2.1.3.0 Build 68243
 Grid Edition: Development mode
Copyright (c) 2000, 2017, Oracle and/or its affiliates. All rights reserved.

2021-01-17 08:25:02.998/2.528 Oracle Coherence GE 12.2.1.3.0 <Info> (thread=main, member=n/a): Created cache factory com.tangosol.net.ExtensibleConfigurableCacheFactory
2021-01-17 08:25:03.103/2.633 Oracle Coherence GE 12.2.1.3.0 <Info> (thread=main, member=n/a): The cluster name has not been configured, a value of "sn38854's cluster" has been automatically generated
Jan 17, 2021 8:25:21 AM oracle.soa.scac.ValidateComposite loadWSDLs
WARNING: Validating WSDLs from WSDLManager....  with option UseSoaInfraMds:false
Jan 17, 2021 8:25:25 AM oracle.fabric.common.wsdl.SchemaManager isIncrementalBuildSupported
INFO: XMLSchema incremental build enabled.
Jan 17, 2021 8:25:27 AM com.collaxa.cube.CubeLogger info
INFO: validating "JobFeedSF2Oracle.bpel" ...
Jan 17, 2021 8:25:35 AM com.collaxa.cube.CubeLogger info
INFO: Composed "JobFeedSF2Oracle" in 136.9 milliseconds [nodes 44=0+44, 321.5 nodes/sec]
Jan 17, 2021 8:25:39 AM com.collaxa.cube.CubeLogger info
INFO: Compiled "JobFeedSF2Oracle" in 4.481 seconds
Jan 17, 2021 8:25:39 AM com.collaxa.cube.CubeLogger info
INFO: Gathered 5 files in 0.6 milliseconds
Jan 17, 2021 8:25:40 AM com.collaxa.cube.CubeLogger info
INFO: Packaged "JobFeedSF2Oracle" in 24.8 milliseconds
Java HotSpot(TM) Client VM warning: ignoring option PermSize=32m; support was removed in 8.0
Java HotSpot(TM) Client VM warning: ignoring option MaxPermSize=256m; support was removed in 8.0
