2016-10-06 19:01:59.471/2.718 Oracle Coherence 12.2.1.0.0 <Info> (thread=main, member=n/a): Loaded operational configuration from "jar:file:/E:/Jdev1221/Middleware/Oracle_Home/coherence/lib/coherence.jar!/tangosol-coherence.xml"
2016-10-06 19:01:59.564/2.810 Oracle Coherence 12.2.1.0.0 <Info> (thread=main, member=n/a): Loaded operational overrides from "jar:file:/E:/Jdev1221/Middleware/Oracle_Home/coherence/lib/coherence.jar!/tangosol-coherence-override-dev.xml"
2016-10-06 19:01:59.567/2.813 Oracle Coherence 12.2.1.0.0 <D5> (thread=main, member=n/a): Optional configuration override "/tangosol-coherence-override.xml" is not specified
2016-10-06 19:01:59.572/2.819 Oracle Coherence 12.2.1.0.0 <D5> (thread=main, member=n/a): Optional configuration override "cache-factory-config.xml" is not specified
2016-10-06 19:01:59.574/2.821 Oracle Coherence 12.2.1.0.0 <D5> (thread=main, member=n/a): Optional configuration override "cache-factory-builder-config.xml" is not specified
2016-10-06 19:01:59.576/2.823 Oracle Coherence 12.2.1.0.0 <D5> (thread=main, member=n/a): Optional configuration override "/custom-mbeans.xml" is not specified

Oracle Coherence Version 12.2.1.0.0 Build 60603
 Grid Edition: Development mode
Copyright (c) 2000, 2015, Oracle and/or its affiliates. All rights reserved.

2016-10-06 19:01:59.732/2.979 Oracle Coherence GE 12.2.1.0.0 <Info> (thread=main, member=n/a): Loaded FMW commons version: 12.2.1-0-0-SNAPSHOT b60603
2016-10-06 19:01:59.745/2.992 Oracle Coherence GE 12.2.1.0.0 <Info> (thread=main, member=n/a): Created cache factory com.tangosol.net.DefaultConfigurableCacheFactory
2016-10-06 19:02:00.318/3.564 Oracle Coherence GE 12.2.1.0.0 <Info> (thread=main, member=n/a): The cluster name has not been configured, a value of "RD42768's cluster" has been automatically generated
Oct 06, 2016 7:02:08 PM oracle.soa.scac.ValidateComposite loadWSDLs
WARNING: Validating WSDLs from WSDLManager....  with option UseSoaInfraMds:false
Oct 06, 2016 7:02:11 PM oracle.fabric.common.wsdl.SchemaManager isIncrementalBuildSupported
INFO: XMLSchema incremental build enabled.
Oct 06, 2016 7:02:12 PM com.collaxa.cube.CubeLogger info
INFO: validating "ProcessARReceiptsOSGToOracle_BPEL.bpel" ...
Oct 06, 2016 7:02:12 PM oracle.integration.platform.blocks.PlatformConfigurationProvider getPlatformConfigurationProvider
WARNING: JRF is unable to determine the current application server platform.
Oct 06, 2016 7:02:18 PM com.collaxa.cube.CubeLogger info
INFO: Composed "ProcessARReceiptsOSGToOracle_BPEL" in 110.2 milliseconds [nodes 12=0+12, 108.9 nodes/sec]
Oct 06, 2016 7:02:20 PM com.collaxa.cube.CubeLogger info
INFO: Compiled "ProcessARReceiptsOSGToOracle_BPEL" in 2.249 seconds
Oct 06, 2016 7:02:20 PM com.collaxa.cube.CubeLogger info
INFO: Gathered 4 files in 1.7 milliseconds
Oct 06, 2016 7:02:20 PM com.collaxa.cube.CubeLogger info
INFO: Packaged "ProcessARReceiptsOSGToOracle_BPEL" in 96.0 milliseconds
Java HotSpot(TM) 64-Bit Server VM warning: ignoring option PermSize=32m; support was removed in 8.0
Java HotSpot(TM) 64-Bit Server VM warning: ignoring option MaxPermSize=256m; support was removed in 8.0
