2020-12-07 14:52:17.463/1.640 Oracle Coherence 12.2.1.3.0 <Info> (thread=main, member=n/a): Loaded operational configuration from "jar:file:/D:/SOA/Oracle/Middleware/Oracle_Home/coherence/lib/coherence.jar!/tangosol-coherence.xml"
2020-12-07 14:52:17.482/1.659 Oracle Coherence 12.2.1.3.0 <Info> (thread=main, member=n/a): Loaded operational overrides from "jar:file:/D:/SOA/Oracle/Middleware/Oracle_Home/coherence/lib/coherence.jar!/tangosol-coherence-override-dev.xml"
2020-12-07 14:52:17.483/1.660 Oracle Coherence 12.2.1.3.0 <D5> (thread=main, member=n/a): Optional configuration override "/tangosol-coherence-override.xml" is not specified
2020-12-07 14:52:17.485/1.662 Oracle Coherence 12.2.1.3.0 <D5> (thread=main, member=n/a): Optional configuration override "cache-factory-config.xml" is not specified
2020-12-07 14:52:17.486/1.663 Oracle Coherence 12.2.1.3.0 <D5> (thread=main, member=n/a): Optional configuration override "cache-factory-builder-config.xml" is not specified
2020-12-07 14:52:17.487/1.664 Oracle Coherence 12.2.1.3.0 <D5> (thread=main, member=n/a): Optional configuration override "/custom-mbeans.xml" is not specified

Oracle Coherence Version 12.2.1.3.0 Build 68243
 Grid Edition: Development mode
Copyright (c) 2000, 2017, Oracle and/or its affiliates. All rights reserved.

2020-12-07 14:52:18.280/2.456 Oracle Coherence GE 12.2.1.3.0 <Info> (thread=main, member=n/a): Created cache factory com.tangosol.net.ExtensibleConfigurableCacheFactory
2020-12-07 14:52:18.383/2.559 Oracle Coherence GE 12.2.1.3.0 <Info> (thread=main, member=n/a): The cluster name has not been configured, a value of "sn38854's cluster" has been automatically generated
Dec 07, 2020 2:52:22 PM oracle.soa.scac.ValidateComposite loadWSDLs
WARNING: Validating WSDLs from WSDLManager....  with option UseSoaInfraMds:false
Dec 07, 2020 2:52:27 PM oracle.fabric.common.wsdl.SchemaManager isIncrementalBuildSupported
INFO: XMLSchema incremental build enabled.
Dec 07, 2020 2:52:29 PM com.collaxa.cube.CubeLogger info
INFO: validating "MaxeonEmployeeContractorFeedSF2Oracle_BPEL.bpel" ...
Dec 07, 2020 2:52:39 PM com.collaxa.cube.CubeLogger info
INFO: Composed "EmployeeContractorFeedSF2Oracle_BPEL" in 55.4 milliseconds [nodes 34=0+34, 613.3 nodes/sec]
Dec 07, 2020 2:52:40 PM com.collaxa.cube.CubeLogger info
INFO: Compiled "EmployeeContractorFeedSF2Oracle_BPEL" in 1.112 seconds
Dec 07, 2020 2:52:40 PM com.collaxa.cube.CubeLogger info
INFO: Gathered 5 files in 1.0 milliseconds
Dec 07, 2020 2:52:40 PM com.collaxa.cube.CubeLogger info
INFO: Packaged "EmployeeContractorFeedSF2Oracle_BPEL" in 12.4 milliseconds
Java HotSpot(TM) Client VM warning: ignoring option PermSize=32m; support was removed in 8.0
Java HotSpot(TM) Client VM warning: ignoring option MaxPermSize=256m; support was removed in 8.0
