2016-11-17 15:39:04.355/2.778 Oracle Coherence 12.2.1.0.0 <Info> (thread=main, member=n/a): Loaded operational configuration from "jar:file:/C:/Oracle/Middleware/Oracle_Home/coherence/lib/coherence.jar!/tangosol-coherence.xml"
2016-11-17 15:39:04.450/2.873 Oracle Coherence 12.2.1.0.0 <Info> (thread=main, member=n/a): Loaded operational overrides from "jar:file:/C:/Oracle/Middleware/Oracle_Home/coherence/lib/coherence.jar!/tangosol-coherence-override-dev.xml"
2016-11-17 15:39:04.453/2.875 Oracle Coherence 12.2.1.0.0 <D5> (thread=main, member=n/a): Optional configuration override "/tangosol-coherence-override.xml" is not specified
2016-11-17 15:39:04.457/2.879 Oracle Coherence 12.2.1.0.0 <D5> (thread=main, member=n/a): Optional configuration override "cache-factory-config.xml" is not specified
2016-11-17 15:39:04.458/2.881 Oracle Coherence 12.2.1.0.0 <D5> (thread=main, member=n/a): Optional configuration override "cache-factory-builder-config.xml" is not specified
2016-11-17 15:39:04.460/2.883 Oracle Coherence 12.2.1.0.0 <D5> (thread=main, member=n/a): Optional configuration override "/custom-mbeans.xml" is not specified

Oracle Coherence Version 12.2.1.0.0 Build 60603
 Grid Edition: Development mode
Copyright (c) 2000, 2015, Oracle and/or its affiliates. All rights reserved.

2016-11-17 15:39:04.644/3.067 Oracle Coherence GE 12.2.1.0.0 <Info> (thread=main, member=n/a): Loaded FMW commons version: 12.2.1-0-0-SNAPSHOT b60603
2016-11-17 15:39:04.651/3.074 Oracle Coherence GE 12.2.1.0.0 <Info> (thread=main, member=n/a): Created cache factory com.tangosol.net.DefaultConfigurableCacheFactory
2016-11-17 15:39:05.230/3.652 Oracle Coherence GE 12.2.1.0.0 <Info> (thread=main, member=n/a): The cluster name has not been configured, a value of "sn38854's cluster" has been automatically generated
Nov 17, 2016 3:39:08 PM oracle.soa.scac.ValidateComposite loadWSDLs
WARNING: Validating WSDLs from WSDLManager....  with option UseSoaInfraMds:false
Nov 17, 2016 3:39:12 PM oracle.fabric.common.wsdl.SchemaBuilder resolveWorkFlowSchemas
WARNING: Ignoring composite local workflow schema of file:/D:/12c_Ant/ant_soa/code/pollEDI214n861FilesToOracle/Schemas/NotificationService.xsd as there is a MDS shared version of the schema used by workflow engine oramds:/soa/shared/workflow/NotificationService.xsd
Nov 17, 2016 3:39:12 PM oracle.fabric.common.wsdl.SchemaManager isIncrementalBuildSupported
INFO: XMLSchema incremental build enabled.
Nov 17, 2016 3:39:13 PM com.collaxa.cube.CubeLogger info
INFO: validating "pollEDI214n861FilesToOracle_BPEL.bpel" ...
Nov 17, 2016 3:39:13 PM oracle.integration.platform.blocks.PlatformConfigurationProvider getPlatformConfigurationProvider
WARNING: JRF is unable to determine the current application server platform.
Nov 17, 2016 3:39:17 PM oracle.fabric.common.wsdl.SchemaBuilder resolveWorkFlowSchemas
WARNING: Ignoring composite local workflow schema of file:/D:/12c_Ant/ant_soa/code/pollEDI214n861FilesToOracle/Schemas/NotificationService.xsd as there is a MDS shared version of the schema used by workflow engine oramds:/soa/shared/workflow/NotificationService.xsd
Nov 17, 2016 3:39:20 PM com.collaxa.cube.CubeLogger info
INFO: Composed "pollEDI214n861FilesToOracle_BPEL" in 339.8 milliseconds [nodes 52=2+50, 153.0 nodes/sec]
Nov 17, 2016 3:39:23 PM com.collaxa.cube.CubeLogger info
INFO: Compiled "pollEDI214n861FilesToOracle_BPEL" in 2.931 seconds
Nov 17, 2016 3:39:23 PM com.collaxa.cube.CubeLogger info
INFO: Gathered 8 files in 2.6 milliseconds
Nov 17, 2016 3:39:23 PM com.collaxa.cube.CubeLogger info
INFO: Packaged "pollEDI214n861FilesToOracle_BPEL" in 219.1 milliseconds
Java HotSpot(TM) 64-Bit Server VM warning: ignoring option PermSize=32m; support was removed in 8.0
Java HotSpot(TM) 64-Bit Server VM warning: ignoring option MaxPermSize=256m; support was removed in 8.0
