2016-10-06 22:34:42.211/3.042 Oracle Coherence 12.2.1.0.0 <Info> (thread=main, member=n/a): Loaded operational configuration from "jar:file:/E:/Jdev1221/Middleware/Oracle_Home/coherence/lib/coherence.jar!/tangosol-coherence.xml"
2016-10-06 22:34:42.338/3.170 Oracle Coherence 12.2.1.0.0 <Info> (thread=main, member=n/a): Loaded operational overrides from "jar:file:/E:/Jdev1221/Middleware/Oracle_Home/coherence/lib/coherence.jar!/tangosol-coherence-override-dev.xml"
2016-10-06 22:34:42.342/3.173 Oracle Coherence 12.2.1.0.0 <D5> (thread=main, member=n/a): Optional configuration override "/tangosol-coherence-override.xml" is not specified
2016-10-06 22:34:42.347/3.178 Oracle Coherence 12.2.1.0.0 <D5> (thread=main, member=n/a): Optional configuration override "cache-factory-config.xml" is not specified
2016-10-06 22:34:42.350/3.182 Oracle Coherence 12.2.1.0.0 <D5> (thread=main, member=n/a): Optional configuration override "cache-factory-builder-config.xml" is not specified
2016-10-06 22:34:42.353/3.184 Oracle Coherence 12.2.1.0.0 <D5> (thread=main, member=n/a): Optional configuration override "/custom-mbeans.xml" is not specified

Oracle Coherence Version 12.2.1.0.0 Build 60603
 Grid Edition: Development mode
Copyright (c) 2000, 2015, Oracle and/or its affiliates. All rights reserved.

2016-10-06 22:34:42.522/3.353 Oracle Coherence GE 12.2.1.0.0 <Info> (thread=main, member=n/a): Loaded FMW commons version: 12.2.1-0-0-SNAPSHOT b60603
2016-10-06 22:34:42.529/3.360 Oracle Coherence GE 12.2.1.0.0 <Info> (thread=main, member=n/a): Created cache factory com.tangosol.net.DefaultConfigurableCacheFactory
2016-10-06 22:34:43.237/4.067 Oracle Coherence GE 12.2.1.0.0 <Info> (thread=main, member=n/a): The cluster name has not been configured, a value of "RD42768's cluster" has been automatically generated
Oct 06, 2016 10:34:51 PM oracle.soa.scac.ValidateComposite loadWSDLs
WARNING: Validating WSDLs from WSDLManager....  with option UseSoaInfraMds:false
Oct 06, 2016 10:34:56 PM oracle.fabric.common.wsdl.SchemaManager isIncrementalBuildSupported
INFO: XMLSchema incremental build enabled.
Oct 06, 2016 10:34:58 PM com.collaxa.cube.CubeLogger info
INFO: validating "JobFeedSF2Oracle.bpel" ...
Oct 06, 2016 10:34:58 PM oracle.integration.platform.blocks.PlatformConfigurationProvider getPlatformConfigurationProvider
WARNING: JRF is unable to determine the current application server platform.
Oct 06, 2016 10:35:13 PM com.collaxa.cube.CubeLogger info
INFO: Composed "JobFeedSF2Oracle" in 147.6 milliseconds [nodes 44=0+44, 298.2 nodes/sec]
Oct 06, 2016 10:35:16 PM com.collaxa.cube.CubeLogger info
INFO: Compiled "JobFeedSF2Oracle" in 2.565 seconds
Oct 06, 2016 10:35:16 PM com.collaxa.cube.CubeLogger info
INFO: Gathered 5 files in 1.2 milliseconds
Oct 06, 2016 10:35:16 PM com.collaxa.cube.CubeLogger info
INFO: Packaged "JobFeedSF2Oracle" in 175.6 milliseconds
Java HotSpot(TM) 64-Bit Server VM warning: ignoring option PermSize=32m; support was removed in 8.0
Java HotSpot(TM) 64-Bit Server VM warning: ignoring option MaxPermSize=256m; support was removed in 8.0
