2016-10-04 12:38:16.661/1.950 Oracle Coherence 12.2.1.0.0 <Info> (thread=main, member=n/a): Loaded operational configuration from "jar:file:/C:/Oracle/Middleware12c/Oracle_Home/coherence/lib/coherence.jar!/tangosol-coherence.xml"
2016-10-04 12:38:16.714/2.003 Oracle Coherence 12.2.1.0.0 <Info> (thread=main, member=n/a): Loaded operational overrides from "jar:file:/C:/Oracle/Middleware12c/Oracle_Home/coherence/lib/coherence.jar!/tangosol-coherence-override-dev.xml"
2016-10-04 12:38:16.716/2.005 Oracle Coherence 12.2.1.0.0 <D5> (thread=main, member=n/a): Optional configuration override "/tangosol-coherence-override.xml" is not specified
2016-10-04 12:38:16.720/2.009 Oracle Coherence 12.2.1.0.0 <D5> (thread=main, member=n/a): Optional configuration override "cache-factory-config.xml" is not specified
2016-10-04 12:38:16.722/2.010 Oracle Coherence 12.2.1.0.0 <D5> (thread=main, member=n/a): Optional configuration override "cache-factory-builder-config.xml" is not specified
2016-10-04 12:38:16.723/2.012 Oracle Coherence 12.2.1.0.0 <D5> (thread=main, member=n/a): Optional configuration override "/custom-mbeans.xml" is not specified

Oracle Coherence Version 12.2.1.0.0 Build 60603
 Grid Edition: Development mode
Copyright (c) 2000, 2015, Oracle and/or its affiliates. All rights reserved.

2016-10-04 12:38:16.843/2.132 Oracle Coherence GE 12.2.1.0.0 <Info> (thread=main, member=n/a): Loaded FMW commons version: 12.2.1-0-0-SNAPSHOT b60603
2016-10-04 12:38:16.850/2.139 Oracle Coherence GE 12.2.1.0.0 <Info> (thread=main, member=n/a): Created cache factory com.tangosol.net.DefaultConfigurableCacheFactory
2016-10-04 12:38:17.329/2.617 Oracle Coherence GE 12.2.1.0.0 <Info> (thread=main, member=n/a): The cluster name has not been configured, a value of "VA39018's cluster" has been automatically generated
Oct 04, 2016 12:38:18 PM oracle.soa.scac.ValidateComposite loadWSDLs
WARNING: Validating WSDLs from WSDLManager....  with option UseSoaInfraMds:false
Oct 04, 2016 12:38:18 PM oracle.fabric.common.wsdl.SchemaManager isIncrementalBuildSupported
INFO: XMLSchema incremental build enabled.
Oct 04, 2016 12:38:18 PM com.collaxa.cube.CubeLogger info
INFO: validating "SFDCLookUpUtilityService.bpel" ...
Oct 04, 2016 12:38:18 PM oracle.integration.platform.blocks.PlatformConfigurationProvider getPlatformConfigurationProvider
WARNING: JRF is unable to determine the current application server platform.
Oct 04, 2016 12:38:20 PM com.collaxa.cube.CubeLogger info
INFO: Composed "SFDCLookUpUtilityService" in 83.3 milliseconds [nodes 11=0+11, 132.0 nodes/sec]
Oct 04, 2016 12:38:21 PM com.collaxa.cube.CubeLogger info
INFO: Compiled "SFDCLookUpUtilityService" in 1.566 seconds
Oct 04, 2016 12:38:21 PM com.collaxa.cube.CubeLogger info
INFO: Gathered 4 files in 0.7 milliseconds
Oct 04, 2016 12:38:21 PM com.collaxa.cube.CubeLogger info
INFO: Packaged "SFDCLookUpUtilityService" in 38.5 milliseconds
Java HotSpot(TM) 64-Bit Server VM warning: ignoring option PermSize=32m; support was removed in 8.0
Java HotSpot(TM) 64-Bit Server VM warning: ignoring option MaxPermSize=256m; support was removed in 8.0
