Oct 11, 2016 2:36:12 PM oracle.mds
NOTIFICATION: PManager instance is created without multitenancy support as JVM flag "oracle.multitenant.enabled" is not set to enable multitenancy support.
Oct 11, 2016 2:36:14 PM oracle.fabric.common.wsdl.SchemaManager isIncrementalBuildSupported
INFO: XMLSchema incremental build enabled.
Oct 11, 2016 2:36:15 PM com.collaxa.cube.CubeLogger info
INFO: validating "SyncOEOrdersSFDCProv_BPEL.bpel" ...
Oct 11, 2016 2:36:15 PM oracle.integration.platform.blocks.FabricConfigManager <clinit>
WARNING: JRF is unable to determine the current application server platform.
Oct 11, 2016 2:36:15 PM oracle.integration.platform.blocks.WLSPlatformConfigurationProvider <clinit>
WARNING: JRF is unable to determine the current application server platform.
node class name com.collaxa.cube.engine.ext.bpel.v1.blocks.BPELSequenceBlock
node class name com.collaxa.cube.engine.ext.bpel.v1.blocks.BPELSwitchBlock
node class name com.collaxa.cube.engine.ext.bpel.v1.blocks.BPELWhileBlock
node class name com.collaxa.cube.engine.ext.bpel.v1.blocks.BPELScopeBlock
node class name com.collaxa.cube.engine.ext.bpel.v1.blocks.BPELCompensationHandlerBlock
node class name com.collaxa.cube.engine.ext.bpel.v1.blocks.BPELCatchAllBlock
Oct 11, 2016 2:36:17 PM com.collaxa.cube.CubeLogger info
INFO: Composed "SyncOEOrdersSFDCProv_BPEL" in 54.8 milliseconds [nodes 112=2+110, 2,044.4 nodes/sec]
Oct 11, 2016 2:36:19 PM com.collaxa.cube.CubeLogger info
INFO: Compiled "SyncOEOrdersSFDCProv_BPEL" in 1.472 seconds
Oct 11, 2016 2:36:19 PM com.collaxa.cube.CubeLogger info
INFO: Gathered 6 files in 0.7 milliseconds

Oct 11, 2016 2:36:19 PM com.collaxa.cube.CubeLogger info
INFO: Packaged "SyncOEOrdersSFDCProv_BPEL" in 71.7 milliseconds

