2016-10-18 15:29:13.503/2.350 Oracle Coherence 12.2.1.0.0 <Info> (thread=main, member=n/a): Loaded operational configuration from "jar:file:/C:/Oracle/Middleware12c/Oracle_Home/coherence/lib/coherence.jar!/tangosol-coherence.xml"
2016-10-18 15:29:13.563/2.410 Oracle Coherence 12.2.1.0.0 <Info> (thread=main, member=n/a): Loaded operational overrides from "jar:file:/C:/Oracle/Middleware12c/Oracle_Home/coherence/lib/coherence.jar!/tangosol-coherence-override-dev.xml"
2016-10-18 15:29:13.565/2.412 Oracle Coherence 12.2.1.0.0 <D5> (thread=main, member=n/a): Optional configuration override "/tangosol-coherence-override.xml" is not specified
2016-10-18 15:29:13.568/2.416 Oracle Coherence 12.2.1.0.0 <D5> (thread=main, member=n/a): Optional configuration override "cache-factory-config.xml" is not specified
2016-10-18 15:29:13.570/2.418 Oracle Coherence 12.2.1.0.0 <D5> (thread=main, member=n/a): Optional configuration override "cache-factory-builder-config.xml" is not specified
2016-10-18 15:29:13.572/2.420 Oracle Coherence 12.2.1.0.0 <D5> (thread=main, member=n/a): Optional configuration override "/custom-mbeans.xml" is not specified

Oracle Coherence Version 12.2.1.0.0 Build 60603
 Grid Edition: Development mode
Copyright (c) 2000, 2015, Oracle and/or its affiliates. All rights reserved.

2016-10-18 15:29:13.727/2.575 Oracle Coherence GE 12.2.1.0.0 <Info> (thread=main, member=n/a): Loaded FMW commons version: 12.2.1-0-0-SNAPSHOT b60603
2016-10-18 15:29:13.733/2.580 Oracle Coherence GE 12.2.1.0.0 <Info> (thread=main, member=n/a): Created cache factory com.tangosol.net.DefaultConfigurableCacheFactory
2016-10-18 15:29:14.289/3.136 Oracle Coherence GE 12.2.1.0.0 <Info> (thread=main, member=n/a): The cluster name has not been configured, a value of "VA39018's cluster" has been automatically generated
WARNING: Failed to load WSDL from http://dev-fusappdca02.sunpowercorp.com:7003/soa-infra/services/default/CommonSFDCErrorLogService/CallCommSFDCErrMediator.wsdl due to: Error in getting XML input stream: http://dev-fusappdca02.sunpowercorp.com:7003/soa-infra/services/default/CommonSFDCErrorLogService/CallCommSFDCErrMediator.wsdl: http://dev-fusappdca02.sunpowercorp.com:7003/soa-infra/services/default/CommonSFDCErrorLogService/CallCommSFDCErrMediator.wsdl
WARNING: Validating WSDLs from WSDLManager....  with option UseSoaInfraMds:false
INFO: XMLSchema incremental build enabled.
INFO: validating "EnqueOracleSFDCNoItemOperatingUnit_BPEL.bpel" ...
WARNING: JRF is unable to determine the current application server platform.
WARNING: Failed to load WSDL from http://dev-fusappdca02.sunpowercorp.com:7003/soa-infra/services/default/CommonSFDCErrorLogService/CallCommSFDCErrMediator.wsdl due to: Error in getting XML input stream: http://dev-fusappdca02.sunpowercorp.com:7003/soa-infra/services/default/CommonSFDCErrorLogService/CallCommSFDCErrMediator.wsdl: http://dev-fusappdca02.sunpowercorp.com:7003/soa-infra/services/default/CommonSFDCErrorLogService/CallCommSFDCErrMediator.wsdl
SEVERE: 
java.io.FileNotFoundException: http://dev-fusappdca02.sunpowercorp.com:7003/soa-infra/services/default/CommonSFDCErrorLogService/CallCommSFDCErrMediator.wsdl
	at sun.net.www.protocol.http.HttpURLConnection.getInputStream0(HttpURLConnection.java:1836)
	at sun.net.www.protocol.http.HttpURLConnection.getInputStream(HttpURLConnection.java:1441)
	at java.net.URL.openStream(URL.java:1038)
	at oracle.fabric.common.metadata.MetadataManagerImpl.getInputStreamFromAbsoluteURL(MetadataManagerImpl.java:355)
	at oracle.integration.platform.common.MDSMetadataManagerImpl.getInputStreamFromAbsoluteURL(MDSMetadataManagerImpl.java:836)
	at oracle.fabric.common.metadata.MetadataManagerImpl.getDocumentAsInputStreamUsingUrlResolver(MetadataManagerImpl.java:217)
	at oracle.integration.platform.common.MDSMetadataManagerImpl.getDocumentAsInputStreamUsingCustomization(MDSMetadataManagerImpl.java:553)
	at oracle.integration.platform.common.MDSMetadataManagerImpl.getDocumentAsInputStream(MDSMetadataManagerImpl.java:535)
	at oracle.fabric.common.wsdl.WSDLManager.loadWSDL(WSDLManager.java:307)
	at oracle.fabric.common.wsdl.WSDLManager.loadWSDL(WSDLManager.java:408)
	at oracle.fabric.composite.model.CompositeModel.loadImports(CompositeModel.java:545)
	at oracle.fabric.composite.model.CompositeModel.getWSDLManager(CompositeModel.java:251)
	at com.collaxa.cube.lang.compiler.ComponentCompilationModel.getWSDLManager(ComponentCompilationModel.java:62)
	at com.collaxa.cube.lang.compiler.BPELComponentCompilationModel.lookupPartnerLinkType(BPELComponentCompilationModel.java:253)
	at com.collaxa.cube.lang.compiler.bpel.BpelParser.assertWsdlPartnerLink(BpelParser.java:4929)
	at com.collaxa.cube.lang.compiler.bpel.BpelParser.assertPartnerLink(BpelParser.java:4907)
	at com.collaxa.cube.lang.compiler.bpel.BpelParser.parsePartnerLink(BpelParser.java:1453)
	at com.collaxa.cube.lang.compiler.bpel.BpelParser.startElement(BpelParser.java:603)
	at com.collaxa.cube.lang.compiler.bpel.BpelParser.parseElement(BpelParser.java:528)
	at com.collaxa.cube.lang.compiler.bpel.BpelParser.parseElement(BpelParser.java:535)
	at com.collaxa.cube.lang.compiler.bpel.BpelParser.parseElement(BpelParser.java:535)
	at com.collaxa.cube.lang.compiler.bpel.BpelParser.parse(BpelParser.java:481)
	at com.collaxa.cube.lang.compiler.bpel.BpelParser.parse(BpelParser.java:431)
	at com.collaxa.cube.lang.compiler.bpel.BPELValidator.step2_ParseAndValidate(BPELValidator.java:77)
	at com.collaxa.cube.lang.compiler.bpel.BPELValidator.validate(BPELValidator.java:59)
	at com.collaxa.cube.lang.compiler.BPEL1Processor.validate(BPEL1Processor.java:341)
	at com.collaxa.cube.lang.compiler.BPEL1Processor.process(BPEL1Processor.java:162)
	at oracle.fabric.bpel.bpelc.BPELComponentValidator.validate(BPELComponentValidator.java:87)
	at oracle.soa.scac.ValidateComposite.validateComponentTypeServicesReferences(ValidateComposite.java:1161)
	at oracle.soa.scac.ValidateComposite.doValidation0(ValidateComposite.java:598)
	at oracle.soa.scac.ValidateComposite.doValidation(ValidateComposite.java:577)
	at oracle.soa.scac.ValidateComposite.run0(ValidateComposite.java:228)
	at oracle.soa.scac.ValidateComposite.run(ValidateComposite.java:209)
	at oracle.soa.scac.ValidateComposite.main(ValidateComposite.java:201)
WARNING: Failed to load WSDL from http://dev-fusappdca02.sunpowercorp.com:7003/soa-infra/services/default/CommonSFDCErrorLogService/CallCommSFDCErrMediator.wsdl due to: Error in getting XML input stream: http://dev-fusappdca02.sunpowercorp.com:7003/soa-infra/services/default/CommonSFDCErrorLogService/CallCommSFDCErrMediator.wsdl: http://dev-fusappdca02.sunpowercorp.com:7003/soa-infra/services/default/CommonSFDCErrorLogService/CallCommSFDCErrMediator.wsdl
SEVERE: 
java.io.FileNotFoundException: http://dev-fusappdca02.sunpowercorp.com:7003/soa-infra/services/default/CommonSFDCErrorLogService/CallCommSFDCErrMediator.wsdl
	at sun.net.www.protocol.http.HttpURLConnection.getInputStream0(HttpURLConnection.java:1836)
	at sun.net.www.protocol.http.HttpURLConnection.getInputStream(HttpURLConnection.java:1441)
	at java.net.URL.openStream(URL.java:1038)
	at oracle.fabric.common.metadata.MetadataManagerImpl.getInputStreamFromAbsoluteURL(MetadataManagerImpl.java:355)
	at oracle.integration.platform.common.MDSMetadataManagerImpl.getInputStreamFromAbsoluteURL(MDSMetadataManagerImpl.java:836)
	at oracle.fabric.common.metadata.MetadataManagerImpl.getDocumentAsInputStreamUsingUrlResolver(MetadataManagerImpl.java:217)
	at oracle.integration.platform.common.MDSMetadataManagerImpl.getDocumentAsInputStreamUsingCustomization(MDSMetadataManagerImpl.java:553)
	at oracle.integration.platform.common.MDSMetadataManagerImpl.getDocumentAsInputStream(MDSMetadataManagerImpl.java:535)
	at oracle.fabric.common.wsdl.WSDLManager.loadWSDL(WSDLManager.java:307)
	at oracle.fabric.common.wsdl.WSDLManager.loadWSDL(WSDLManager.java:408)
	at oracle.fabric.composite.model.CompositeModel.loadImports(CompositeModel.java:545)
	at oracle.fabric.composite.model.CompositeModel.getWSDLManager(CompositeModel.java:251)
	at com.collaxa.cube.lang.compiler.ComponentCompilationModel.getWSDLManager(ComponentCompilationModel.java:62)
	at com.collaxa.cube.lang.compiler.BPELComponentCompilationModel.lookupPartnerLinkType(BPELComponentCompilationModel.java:253)
	at com.collaxa.cube.lang.compiler.bpel.BpelParser.assertWsdlPartnerLink(BpelParser.java:4929)
	at com.collaxa.cube.lang.compiler.bpel.BpelParser.assertPartnerLink(BpelParser.java:4907)
	at com.collaxa.cube.lang.compiler.bpel.BpelParser.parsePartnerLink(BpelParser.java:1453)
	at com.collaxa.cube.lang.compiler.bpel.BpelParser.startElement(BpelParser.java:603)
	at com.collaxa.cube.lang.compiler.bpel.BpelParser.parseElement(BpelParser.java:528)
	at com.collaxa.cube.lang.compiler.bpel.BpelParser.parseElement(BpelParser.java:535)
	at com.collaxa.cube.lang.compiler.bpel.BpelParser.parseElement(BpelParser.java:535)
	at com.collaxa.cube.lang.compiler.bpel.BpelParser.parse(BpelParser.java:481)
	at com.collaxa.cube.lang.compiler.bpel.BpelParser.parse(BpelParser.java:431)
	at com.collaxa.cube.lang.compiler.bpel.BPELValidator.step2_ParseAndValidate(BPELValidator.java:77)
	at com.collaxa.cube.lang.compiler.bpel.BPELValidator.validate(BPELValidator.java:59)
	at com.collaxa.cube.lang.compiler.BPEL1Processor.validate(BPEL1Processor.java:341)
	at com.collaxa.cube.lang.compiler.BPEL1Processor.process(BPEL1Processor.java:162)
	at oracle.fabric.bpel.bpelc.BPELComponentValidator.validate(BPELComponentValidator.java:87)
	at oracle.soa.scac.ValidateComposite.validateComponentTypeServicesReferences(ValidateComposite.java:1161)
	at oracle.soa.scac.ValidateComposite.doValidation0(ValidateComposite.java:598)
	at oracle.soa.scac.ValidateComposite.doValidation(ValidateComposite.java:577)
	at oracle.soa.scac.ValidateComposite.run0(ValidateComposite.java:228)
	at oracle.soa.scac.ValidateComposite.run(ValidateComposite.java:209)
	at oracle.soa.scac.ValidateComposite.main(ValidateComposite.java:201)
WARNING: Failed to load WSDL from http://dev-fusappdca02.sunpowercorp.com:7003/soa-infra/services/default/CommonSFDCErrorLogService/CallCommSFDCErrMediator.wsdl due to: Error in getting XML input stream: http://dev-fusappdca02.sunpowercorp.com:7003/soa-infra/services/default/CommonSFDCErrorLogService/CallCommSFDCErrMediator.wsdl: http://dev-fusappdca02.sunpowercorp.com:7003/soa-infra/services/default/CommonSFDCErrorLogService/CallCommSFDCErrMediator.wsdl
SEVERE: 
java.io.FileNotFoundException: http://dev-fusappdca02.sunpowercorp.com:7003/soa-infra/services/default/CommonSFDCErrorLogService/CallCommSFDCErrMediator.wsdl
	at sun.net.www.protocol.http.HttpURLConnection.getInputStream0(HttpURLConnection.java:1836)
	at sun.net.www.protocol.http.HttpURLConnection.getInputStream(HttpURLConnection.java:1441)
	at java.net.URL.openStream(URL.java:1038)
	at oracle.fabric.common.metadata.MetadataManagerImpl.getInputStreamFromAbsoluteURL(MetadataManagerImpl.java:355)
	at oracle.integration.platform.common.MDSMetadataManagerImpl.getInputStreamFromAbsoluteURL(MDSMetadataManagerImpl.java:836)
	at oracle.fabric.common.metadata.MetadataManagerImpl.getDocumentAsInputStreamUsingUrlResolver(MetadataManagerImpl.java:217)
	at oracle.integration.platform.common.MDSMetadataManagerImpl.getDocumentAsInputStreamUsingCustomization(MDSMetadataManagerImpl.java:553)
	at oracle.integration.platform.common.MDSMetadataManagerImpl.getDocumentAsInputStream(MDSMetadataManagerImpl.java:535)
	at oracle.fabric.common.wsdl.WSDLManager.loadWSDL(WSDLManager.java:307)
	at oracle.fabric.common.wsdl.WSDLManager.loadWSDL(WSDLManager.java:408)
	at oracle.fabric.composite.model.CompositeModel.loadImports(CompositeModel.java:545)
	at oracle.fabric.composite.model.CompositeModel.getWSDLManager(CompositeModel.java:251)
	at com.collaxa.cube.lang.compiler.ComponentCompilationModel.getWSDLManager(ComponentCompilationModel.java:62)
	at com.collaxa.cube.lang.compiler.BPELComponentCompilationModel.lookupPartnerLinkType(BPELComponentCompilationModel.java:253)
	at com.collaxa.cube.lang.compiler.bpel.BpelParser.assertWsdlPartnerLink(BpelParser.java:4929)
	at com.collaxa.cube.lang.compiler.bpel.BpelParser.assertPartnerLink(BpelParser.java:4907)
	at com.collaxa.cube.lang.compiler.bpel.BpelParser.parsePartnerLink(BpelParser.java:1453)
	at com.collaxa.cube.lang.compiler.bpel.BpelParser.startElement(BpelParser.java:603)
	at com.collaxa.cube.lang.compiler.bpel.BpelParser.parseElement(BpelParser.java:528)
	at com.collaxa.cube.lang.compiler.bpel.BpelParser.parseElement(BpelParser.java:535)
	at com.collaxa.cube.lang.compiler.bpel.BpelParser.parseElement(BpelParser.java:535)
	at com.collaxa.cube.lang.compiler.bpel.BpelParser.parse(BpelParser.java:481)
	at com.collaxa.cube.lang.compiler.bpel.BpelParser.parse(BpelParser.java:431)
	at com.collaxa.cube.lang.compiler.bpel.BPELValidator.step2_ParseAndValidate(BPELValidator.java:77)
	at com.collaxa.cube.lang.compiler.bpel.BPELValidator.validate(BPELValidator.java:59)
	at com.collaxa.cube.lang.compiler.BPEL1Processor.validate(BPEL1Processor.java:341)
	at com.collaxa.cube.lang.compiler.BPEL1Processor.process(BPEL1Processor.java:162)
	at oracle.fabric.bpel.bpelc.BPELComponentValidator.validate(BPELComponentValidator.java:87)
	at oracle.soa.scac.ValidateComposite.validateComponentTypeServicesReferences(ValidateComposite.java:1161)
	at oracle.soa.scac.ValidateComposite.doValidation0(ValidateComposite.java:598)
	at oracle.soa.scac.ValidateComposite.doValidation(ValidateComposite.java:577)
	at oracle.soa.scac.ValidateComposite.run0(ValidateComposite.java:228)
	at oracle.soa.scac.ValidateComposite.run(ValidateComposite.java:209)
	at oracle.soa.scac.ValidateComposite.main(ValidateComposite.java:201)
WARNING: Failed to load WSDL from http://dev-fusappdca02.sunpowercorp.com:7003/soa-infra/services/default/CommonSFDCErrorLogService/CallCommSFDCErrMediator.wsdl due to: Error in getting XML input stream: http://dev-fusappdca02.sunpowercorp.com:7003/soa-infra/services/default/CommonSFDCErrorLogService/CallCommSFDCErrMediator.wsdl: http://dev-fusappdca02.sunpowercorp.com:7003/soa-infra/services/default/CommonSFDCErrorLogService/CallCommSFDCErrMediator.wsdl
SEVERE: 
java.io.FileNotFoundException: http://dev-fusappdca02.sunpowercorp.com:7003/soa-infra/services/default/CommonSFDCErrorLogService/CallCommSFDCErrMediator.wsdl
	at sun.net.www.protocol.http.HttpURLConnection.getInputStream0(HttpURLConnection.java:1836)
	at sun.net.www.protocol.http.HttpURLConnection.getInputStream(HttpURLConnection.java:1441)
	at java.net.URL.openStream(URL.java:1038)
	at oracle.fabric.common.metadata.MetadataManagerImpl.getInputStreamFromAbsoluteURL(MetadataManagerImpl.java:355)
	at oracle.integration.platform.common.MDSMetadataManagerImpl.getInputStreamFromAbsoluteURL(MDSMetadataManagerImpl.java:836)
	at oracle.fabric.common.metadata.MetadataManagerImpl.getDocumentAsInputStreamUsingUrlResolver(MetadataManagerImpl.java:217)
	at oracle.integration.platform.common.MDSMetadataManagerImpl.getDocumentAsInputStreamUsingCustomization(MDSMetadataManagerImpl.java:553)
	at oracle.integration.platform.common.MDSMetadataManagerImpl.getDocumentAsInputStream(MDSMetadataManagerImpl.java:535)
	at oracle.fabric.common.wsdl.WSDLManager.loadWSDL(WSDLManager.java:307)
	at oracle.fabric.common.wsdl.WSDLManager.loadWSDL(WSDLManager.java:408)
	at oracle.fabric.composite.model.CompositeModel.loadImports(CompositeModel.java:545)
	at oracle.fabric.composite.model.CompositeModel.getWSDLManager(CompositeModel.java:251)
	at com.collaxa.cube.lang.compiler.ComponentCompilationModel.getWSDLManager(ComponentCompilationModel.java:62)
	at com.collaxa.cube.lang.compiler.BPELComponentCompilationModel.lookupPartnerLinkType(BPELComponentCompilationModel.java:253)
	at com.collaxa.cube.lang.compiler.bpel.BpelParser.assertWsdlPartnerLink(BpelParser.java:4929)
	at com.collaxa.cube.lang.compiler.bpel.BpelParser.assertPartnerLink(BpelParser.java:4907)
	at com.collaxa.cube.lang.compiler.bpel.BpelParser.parsePartnerLink(BpelParser.java:1453)
	at com.collaxa.cube.lang.compiler.bpel.BpelParser.startElement(BpelParser.java:603)
	at com.collaxa.cube.lang.compiler.bpel.BpelParser.parseElement(BpelParser.java:528)
	at com.collaxa.cube.lang.compiler.bpel.BpelParser.parseElement(BpelParser.java:535)
	at com.collaxa.cube.lang.compiler.bpel.BpelParser.parseElement(BpelParser.java:535)
	at com.collaxa.cube.lang.compiler.bpel.BpelParser.parse(BpelParser.java:481)
	at com.collaxa.cube.lang.compiler.bpel.BpelParser.parse(BpelParser.java:431)
	at com.collaxa.cube.lang.compiler.bpel.BPELValidator.step2_ParseAndValidate(BPELValidator.java:77)
	at com.collaxa.cube.lang.compiler.bpel.BPELValidator.validate(BPELValidator.java:59)
	at com.collaxa.cube.lang.compiler.BPEL1Processor.validate(BPEL1Processor.java:341)
	at com.collaxa.cube.lang.compiler.BPEL1Processor.process(BPEL1Processor.java:162)
	at oracle.fabric.bpel.bpelc.BPELComponentValidator.validate(BPELComponentValidator.java:87)
	at oracle.soa.scac.ValidateComposite.validateComponentTypeServicesReferences(ValidateComposite.java:1161)
	at oracle.soa.scac.ValidateComposite.doValidation0(ValidateComposite.java:598)
	at oracle.soa.scac.ValidateComposite.doValidation(ValidateComposite.java:577)
	at oracle.soa.scac.ValidateComposite.run0(ValidateComposite.java:228)
	at oracle.soa.scac.ValidateComposite.run(ValidateComposite.java:209)
	at oracle.soa.scac.ValidateComposite.main(ValidateComposite.java:201)
WARNING: Failed to load WSDL from http://dev-fusappdca02.sunpowercorp.com:7003/soa-infra/services/default/CommonSFDCErrorLogService/CallCommSFDCErrMediator.wsdl due to: Error in getting XML input stream: http://dev-fusappdca02.sunpowercorp.com:7003/soa-infra/services/default/CommonSFDCErrorLogService/CallCommSFDCErrMediator.wsdl: http://dev-fusappdca02.sunpowercorp.com:7003/soa-infra/services/default/CommonSFDCErrorLogService/CallCommSFDCErrMediator.wsdl
SEVERE: 
java.io.FileNotFoundException: http://dev-fusappdca02.sunpowercorp.com:7003/soa-infra/services/default/CommonSFDCErrorLogService/CallCommSFDCErrMediator.wsdl
	at sun.net.www.protocol.http.HttpURLConnection.getInputStream0(HttpURLConnection.java:1836)
	at sun.net.www.protocol.http.HttpURLConnection.getInputStream(HttpURLConnection.java:1441)
	at java.net.URL.openStream(URL.java:1038)
	at oracle.fabric.common.metadata.MetadataManagerImpl.getInputStreamFromAbsoluteURL(MetadataManagerImpl.java:355)
	at oracle.integration.platform.common.MDSMetadataManagerImpl.getInputStreamFromAbsoluteURL(MDSMetadataManagerImpl.java:836)
	at oracle.fabric.common.metadata.MetadataManagerImpl.getDocumentAsInputStreamUsingUrlResolver(MetadataManagerImpl.java:217)
	at oracle.integration.platform.common.MDSMetadataManagerImpl.getDocumentAsInputStreamUsingCustomization(MDSMetadataManagerImpl.java:553)
	at oracle.integration.platform.common.MDSMetadataManagerImpl.getDocumentAsInputStream(MDSMetadataManagerImpl.java:535)
	at oracle.fabric.common.wsdl.WSDLManager.loadWSDL(WSDLManager.java:307)
	at oracle.fabric.common.wsdl.WSDLManager.loadWSDL(WSDLManager.java:408)
	at oracle.fabric.composite.model.CompositeModel.loadImports(CompositeModel.java:545)
	at oracle.fabric.composite.model.CompositeModel.getWSDLManager(CompositeModel.java:251)
	at com.collaxa.cube.lang.compiler.ComponentCompilationModel.getWSDLManager(ComponentCompilationModel.java:62)
	at com.collaxa.cube.lang.compiler.BPELComponentCompilationModel.lookupMessage(BPELComponentCompilationModel.java:185)
	at com.collaxa.cube.lang.compiler.bpel.BpelParser.assertMessageType(BpelParser.java:4603)
	at com.collaxa.cube.lang.compiler.bpel.BpelParser.parseVariable(BpelParser.java:1991)
	at com.collaxa.cube.lang.compiler.bpel.BpelParser.startElement(BpelParser.java:623)
	at com.collaxa.cube.lang.compiler.bpel.BpelParser.parseElement(BpelParser.java:528)
	at com.collaxa.cube.lang.compiler.bpel.BpelParser.parseElement(BpelParser.java:535)
	at com.collaxa.cube.lang.compiler.bpel.BpelParser.parseElement(BpelParser.java:535)
	at com.collaxa.cube.lang.compiler.bpel.BpelParser.parse(BpelParser.java:481)
	at com.collaxa.cube.lang.compiler.bpel.BpelParser.parse(BpelParser.java:431)
	at com.collaxa.cube.lang.compiler.bpel.BPELValidator.step2_ParseAndValidate(BPELValidator.java:77)
	at com.collaxa.cube.lang.compiler.bpel.BPELValidator.validate(BPELValidator.java:59)
	at com.collaxa.cube.lang.compiler.BPEL1Processor.validate(BPEL1Processor.java:341)
	at com.collaxa.cube.lang.compiler.BPEL1Processor.process(BPEL1Processor.java:162)
	at oracle.fabric.bpel.bpelc.BPELComponentValidator.validate(BPELComponentValidator.java:87)
	at oracle.soa.scac.ValidateComposite.validateComponentTypeServicesReferences(ValidateComposite.java:1161)
	at oracle.soa.scac.ValidateComposite.doValidation0(ValidateComposite.java:598)
	at oracle.soa.scac.ValidateComposite.doValidation(ValidateComposite.java:577)
	at oracle.soa.scac.ValidateComposite.run0(ValidateComposite.java:228)
	at oracle.soa.scac.ValidateComposite.run(ValidateComposite.java:209)
	at oracle.soa.scac.ValidateComposite.main(ValidateComposite.java:201)
SEVERE: EnqueOracleSFDCNoItemOperatingUnit_BPEL
java.io.FileNotFoundException: http://dev-fusappdca02.sunpowercorp.com:7003/soa-infra/services/default/CommonSFDCErrorLogService/CallCommSFDCErrMediator.wsdl
	at sun.net.www.protocol.http.HttpURLConnection.getInputStream0(HttpURLConnection.java:1836)
	at sun.net.www.protocol.http.HttpURLConnection.getInputStream(HttpURLConnection.java:1441)
	at java.net.URL.openStream(URL.java:1038)
	at oracle.fabric.common.metadata.MetadataManagerImpl.getInputStreamFromAbsoluteURL(MetadataManagerImpl.java:355)
	at oracle.integration.platform.common.MDSMetadataManagerImpl.getInputStreamFromAbsoluteURL(MDSMetadataManagerImpl.java:836)
	at oracle.fabric.common.metadata.MetadataManagerImpl.getDocumentAsInputStreamUsingUrlResolver(MetadataManagerImpl.java:217)
	at oracle.integration.platform.common.MDSMetadataManagerImpl.getDocumentAsInputStreamUsingCustomization(MDSMetadataManagerImpl.java:553)
	at oracle.integration.platform.common.MDSMetadataManagerImpl.getDocumentAsInputStream(MDSMetadataManagerImpl.java:535)
	at oracle.fabric.common.wsdl.WSDLManager.loadWSDL(WSDLManager.java:307)
	at oracle.fabric.common.wsdl.WSDLManager.loadWSDL(WSDLManager.java:408)
	at oracle.fabric.composite.model.CompositeModel.loadImports(CompositeModel.java:545)
	at oracle.fabric.composite.model.CompositeModel.getWSDLManager(CompositeModel.java:251)
	at com.collaxa.cube.lang.compiler.ComponentCompilationModel.getWSDLManager(ComponentCompilationModel.java:62)
	at com.collaxa.cube.lang.compiler.BPELComponentCompilationModel.lookupMessage(BPELComponentCompilationModel.java:185)
	at com.collaxa.cube.lang.compiler.bpel.BpelParser.assertMessageType(BpelParser.java:4603)
	at com.collaxa.cube.lang.compiler.bpel.BpelParser.parseVariable(BpelParser.java:1991)
	at com.collaxa.cube.lang.compiler.bpel.BpelParser.startElement(BpelParser.java:623)
	at com.collaxa.cube.lang.compiler.bpel.BpelParser.parseElement(BpelParser.java:528)
	at com.collaxa.cube.lang.compiler.bpel.BpelParser.parseElement(BpelParser.java:535)
	at com.collaxa.cube.lang.compiler.bpel.BpelParser.parseElement(BpelParser.java:535)
	at com.collaxa.cube.lang.compiler.bpel.BpelParser.parse(BpelParser.java:481)
	at com.collaxa.cube.lang.compiler.bpel.BpelParser.parse(BpelParser.java:431)
	at com.collaxa.cube.lang.compiler.bpel.BPELValidator.step2_ParseAndValidate(BPELValidator.java:77)
	at com.collaxa.cube.lang.compiler.bpel.BPELValidator.validate(BPELValidator.java:59)
	at com.collaxa.cube.lang.compiler.BPEL1Processor.validate(BPEL1Processor.java:341)
	at com.collaxa.cube.lang.compiler.BPEL1Processor.process(BPEL1Processor.java:162)
	at oracle.fabric.bpel.bpelc.BPELComponentValidator.validate(BPELComponentValidator.java:87)
	at oracle.soa.scac.ValidateComposite.validateComponentTypeServicesReferences(ValidateComposite.java:1161)
	at oracle.soa.scac.ValidateComposite.doValidation0(ValidateComposite.java:598)
	at oracle.soa.scac.ValidateComposite.doValidation(ValidateComposite.java:577)
	at oracle.soa.scac.ValidateComposite.run0(ValidateComposite.java:228)
	at oracle.soa.scac.ValidateComposite.run(ValidateComposite.java:209)
	at oracle.soa.scac.ValidateComposite.main(ValidateComposite.java:201)
Schema validation failed with exception "null"
oracle.xml.parser.schema.XSDException
	at oracle.xml.parser.schema.XSDBuilder.buildSchema(XSDBuilder.java:1124)
	at oracle.xml.parser.schema.XSDBuilder.build(XSDBuilder.java:630)
	at oracle.soa.scac.ValidationFaultUtil.validateSourceWithSchema(ValidationFaultUtil.java:182)
	at oracle.soa.scac.ValidationFaultUtil.validateWithSchema(ValidationFaultUtil.java:241)
	at oracle.soa.scac.ValidationFaultUtil.validateWithSchema(ValidationFaultUtil.java:225)
	at oracle.soa.scac.ValidateComposite.validateFaultPolicy(ValidateComposite.java:1399)
	at oracle.soa.scac.ValidateComposite.doValidation0(ValidateComposite.java:604)
	at oracle.soa.scac.ValidateComposite.doValidation(ValidateComposite.java:577)
	at oracle.soa.scac.ValidateComposite.run0(ValidateComposite.java:228)
	at oracle.soa.scac.ValidateComposite.run(ValidateComposite.java:209)
	at oracle.soa.scac.ValidateComposite.main(ValidateComposite.java:201)
Java HotSpot(TM) 64-Bit Server VM warning: ignoring option PermSize=32m; support was removed in 8.0
Java HotSpot(TM) 64-Bit Server VM warning: ignoring option MaxPermSize=256m; support was removed in 8.0
