2018-12-12 06:32:04.508/4.986 Oracle Coherence 12.2.1.0.0 <Info> (thread=main, member=n/a): Loaded operational configuration from "jar:file:/E:/Jdev1221/Middleware/Oracle_Home/coherence/lib/coherence.jar!/tangosol-coherence.xml"
2018-12-12 06:32:04.612/5.090 Oracle Coherence 12.2.1.0.0 <Info> (thread=main, member=n/a): Loaded operational overrides from "jar:file:/E:/Jdev1221/Middleware/Oracle_Home/coherence/lib/coherence.jar!/tangosol-coherence-override-dev.xml"
2018-12-12 06:32:04.615/5.093 Oracle Coherence 12.2.1.0.0 <D5> (thread=main, member=n/a): Optional configuration override "/tangosol-coherence-override.xml" is not specified
2018-12-12 06:32:04.620/5.098 Oracle Coherence 12.2.1.0.0 <D5> (thread=main, member=n/a): Optional configuration override "cache-factory-config.xml" is not specified
2018-12-12 06:32:04.622/5.100 Oracle Coherence 12.2.1.0.0 <D5> (thread=main, member=n/a): Optional configuration override "cache-factory-builder-config.xml" is not specified
2018-12-12 06:32:04.626/5.104 Oracle Coherence 12.2.1.0.0 <D5> (thread=main, member=n/a): Optional configuration override "/custom-mbeans.xml" is not specified

Oracle Coherence Version 12.2.1.0.0 Build 60603
 Grid Edition: Development mode
Copyright (c) 2000, 2015, Oracle and/or its affiliates. All rights reserved.

2018-12-12 06:32:04.932/5.410 Oracle Coherence GE 12.2.1.0.0 <Info> (thread=main, member=n/a): Loaded FMW commons version: 12.2.1-0-0-SNAPSHOT b60603
2018-12-12 06:32:04.940/5.418 Oracle Coherence GE 12.2.1.0.0 <Info> (thread=main, member=n/a): Created cache factory com.tangosol.net.DefaultConfigurableCacheFactory
2018-12-12 06:32:06.119/6.596 Oracle Coherence GE 12.2.1.0.0 <Info> (thread=main, member=n/a): The cluster name has not been configured, a value of "RD42768's cluster" has been automatically generated
Dec 12, 2018 6:32:08 AM oracle.soa.scac.ValidateComposite loadWSDLs
WARNING: Validating WSDLs from WSDLManager....  with option UseSoaInfraMds:false
WARNING: Schema load failed due to: Error loading schema from file:/E:/JDeveloper1221/mywork/Testing/OracleToPWCEInvoice/SOA/WSDLs/UpdateOracleApps.wsdl [Cause=Error in getting XML input stream: file:/E:/JDeveloper1221/mywork/Testing/OracleToPWCEInvoice/SOA/Schemas/Params.xsd: E:\JDeveloper1221\mywork\Testing\OracleToPWCEInvoice\SOA\Schemas\Params.xsd (The system cannot find the file specified)]
oracle.fabric.common.wsdl.XSDException: Error loading schema from file:/E:/JDeveloper1221/mywork/Testing/OracleToPWCEInvoice/SOA/WSDLs/UpdateOracleApps.wsdl [Cause=Error in getting XML input stream: file:/E:/JDeveloper1221/mywork/Testing/OracleToPWCEInvoice/SOA/Schemas/Params.xsd: E:\JDeveloper1221\mywork\Testing\OracleToPWCEInvoice\SOA\Schemas\Params.xsd (The system cannot find the file specified)]
	at oracle.fabric.common.wsdl.SchemaBuilder.loadEmbeddedSchemas(SchemaBuilder.java:580)
	at oracle.fabric.common.wsdl.SchemaBuilder.loadSchemasFromWSDL(SchemaBuilder.java:452)
	at oracle.fabric.common.wsdl.SchemaBuilder.loadAllSchemas(SchemaBuilder.java:249)
	at oracle.fabric.common.wsdl.SchemaManager.loadAllXSD(SchemaManager.java:414)
	at oracle.fabric.common.wsdl.SchemaManager.buildXDKSchema(SchemaManager.java:697)
	at oracle.fabric.common.wsdl.SchemaManager.lookupSchema(SchemaManager.java:548)
	at oracle.fabric.common.wsdl.SchemaManager.lookupXSDElementDeclaration(SchemaManager.java:873)
	at oracle.soa.scac.WSDLValidator.validateMessageParts(WSDLValidator.java:113)
	at oracle.soa.scac.WSDLValidator.validateMessages(WSDLValidator.java:88)
	at oracle.soa.scac.WSDLValidator.validate(WSDLValidator.java:44)
	at oracle.soa.scac.ValidateComposite.loadWSDLs(ValidateComposite.java:1002)
	at oracle.soa.scac.ValidateComposite.doValidation0(ValidateComposite.java:589)
	at oracle.soa.scac.ValidateComposite.doValidation(ValidateComposite.java:577)
	at oracle.soa.scac.ValidateComposite.run0(ValidateComposite.java:228)
	at oracle.soa.scac.ValidateComposite.run(ValidateComposite.java:209)
	at oracle.soa.scac.ValidateComposite.main(ValidateComposite.java:201)
Caused by: oracle.fabric.common.FabricException: Error in getting XML input stream: file:/E:/JDeveloper1221/mywork/Testing/OracleToPWCEInvoice/SOA/Schemas/Params.xsd: E:\JDeveloper1221\mywork\Testing\OracleToPWCEInvoice\SOA\Schemas\Params.xsd (The system cannot find the file specified)
	at oracle.fabric.common.metadata.MetadataManagerImpl.getInputStreamFromAbsoluteURL(MetadataManagerImpl.java:361)
	at oracle.integration.platform.common.MDSMetadataManagerImpl.getInputStreamFromAbsoluteURL(MDSMetadataManagerImpl.java:836)
	at oracle.fabric.common.metadata.MetadataManagerImpl.getDocumentAsInputStreamUsingUrlResolver(MetadataManagerImpl.java:217)
	at oracle.integration.platform.common.MDSMetadataManagerImpl.getDocumentAsInputStreamUsingCustomization(MDSMetadataManagerImpl.java:553)
	at oracle.integration.platform.common.MDSMetadataManagerImpl.getDocumentAsInputStream(MDSMetadataManagerImpl.java:535)
	at oracle.fabric.common.wsdl.SchemaBuilder.parseXMLSrc(SchemaBuilder.java:1112)
	at oracle.fabric.common.wsdl.SchemaBuilder.parseXSDSrc(SchemaBuilder.java:1062)
	at oracle.fabric.common.wsdl.SchemaBuilder.processSchemaImportsAndInclude(SchemaBuilder.java:872)
	at oracle.fabric.common.wsdl.SchemaBuilder.loadEmbeddedSchemas(SchemaBuilder.java:576)
	... 15 more
Caused by: java.io.FileNotFoundException: E:\JDeveloper1221\mywork\Testing\OracleToPWCEInvoice\SOA\Schemas\Params.xsd (The system cannot find the file specified)
	at java.io.FileInputStream.open0(Native Method)
	at java.io.FileInputStream.open(FileInputStream.java:195)
	at java.io.FileInputStream.<init>(FileInputStream.java:138)
	at java.io.FileInputStream.<init>(FileInputStream.java:93)
	at sun.net.www.protocol.file.FileURLConnection.connect(FileURLConnection.java:90)
	at sun.net.www.protocol.file.FileURLConnection.getInputStream(FileURLConnection.java:188)
	at java.net.URL.openStream(URL.java:1045)
	at oracle.fabric.common.metadata.MetadataManagerImpl.getInputStreamFromAbsoluteURL(MetadataManagerImpl.java:355)
	... 23 more
WARNING: Cannot resolve entity model for: http://xmlns.oracle.com/pcbpel/adapter/db/UpdateOracleApps
WARNING: Schema load failed due to: Error loading schema from file:/E:/JDeveloper1221/mywork/Testing/OracleToPWCEInvoice/SOA/WSDLs/UpdateOracleApps.wsdl [Cause=Error in getting XML input stream: file:/E:/JDeveloper1221/mywork/Testing/OracleToPWCEInvoice/SOA/Schemas/Params.xsd: E:\JDeveloper1221\mywork\Testing\OracleToPWCEInvoice\SOA\Schemas\Params.xsd (The system cannot find the file specified)]
oracle.fabric.common.wsdl.XSDException: Error loading schema from file:/E:/JDeveloper1221/mywork/Testing/OracleToPWCEInvoice/SOA/WSDLs/UpdateOracleApps.wsdl [Cause=Error in getting XML input stream: file:/E:/JDeveloper1221/mywork/Testing/OracleToPWCEInvoice/SOA/Schemas/Params.xsd: E:\JDeveloper1221\mywork\Testing\OracleToPWCEInvoice\SOA\Schemas\Params.xsd (The system cannot find the file specified)]
	at oracle.fabric.common.wsdl.SchemaBuilder.loadEmbeddedSchemas(SchemaBuilder.java:580)
	at oracle.fabric.common.wsdl.SchemaBuilder.loadSchemasFromWSDL(SchemaBuilder.java:452)
	at oracle.fabric.common.wsdl.SchemaBuilder.loadAllSchemas(SchemaBuilder.java:249)
	at oracle.fabric.common.wsdl.SchemaManager.loadAllXSD(SchemaManager.java:414)
	at oracle.fabric.common.wsdl.SchemaManager.getXSDEntityResolver(SchemaManager.java:672)
	at oracle.fabric.composite.model.CompositeModel.loadImports(CompositeModel.java:575)
	at oracle.fabric.composite.model.CompositeModel.getWSDLManager(CompositeModel.java:251)
	at com.collaxa.cube.lang.compiler.ComponentCompilationModel.getWSDLManager(ComponentCompilationModel.java:62)
	at oracle.bpel.lang.v20.resolver.ProcessImportHandler.getProcessImportHandler(ProcessImportHandler.java:464)
	at oracle.bpel.common.validator.helpers.OracleModelQueryImpl.getProcessImportHandler(OracleModelQueryImpl.java:680)
	at oracle.bpel.common.validator.helpers.OracleModelQueryImpl.getResourceAsDocument(OracleModelQueryImpl.java:811)
	at oracle.bpel.common.validator.helpers.OracleModelQueryImpl.lookup(OracleModelQueryImpl.java:284)
	at org.eclipse.bpel.validator.rules.ImportValidator.rule_CheckNamespaceOfImport_8(ImportValidator.java:168)
	at sun.reflect.NativeMethodAccessorImpl.invoke0(Native Method)
	at sun.reflect.NativeMethodAccessorImpl.invoke(NativeMethodAccessorImpl.java:62)
	at sun.reflect.DelegatingMethodAccessorImpl.invoke(DelegatingMethodAccessorImpl.java:43)
	at java.lang.reflect.Method.invoke(Method.java:498)
	at org.eclipse.bpel.validator.model.Rules$Rule.invoke(Rules.java:316)
	at org.eclipse.bpel.validator.model.RuleRunner.runRules(RuleRunner.java:99)
	at org.eclipse.bpel.validator.model.Validator.validate(Validator.java:278)
	at org.eclipse.bpel.validator.model.Runner.pass1(Runner.java:150)
	at org.eclipse.bpel.validator.model.Runner.run(Runner.java:188)
	at oracle.bpel.lang.v20.validator.helpers.OracleBpelREMValidator.validate(OracleBpelREMValidator.java:239)
	at oracle.bpel.lang.v20.validator.helpers.OracleBpelREMValidator.validate(OracleBpelREMValidator.java:131)
	at oracle.bpel.lang.v20.validator.BPEL20Validator.validate(BPEL20Validator.java:82)
	at com.collaxa.cube.lang.compiler.BPEL2Processor.validate(BPEL2Processor.java:152)
	at com.collaxa.cube.lang.compiler.BPEL2Processor.process(BPEL2Processor.java:122)
	at com.collaxa.cube.lang.compiler.BPEL2Processor.process(BPEL2Processor.java:108)
	at oracle.fabric.bpel.bpelc.BPELComponentValidator.validate(BPELComponentValidator.java:87)
	at oracle.soa.scac.ValidateComposite.validateComponentTypeServicesReferences(ValidateComposite.java:1161)
	at oracle.soa.scac.ValidateComposite.doValidation0(ValidateComposite.java:598)
	at oracle.soa.scac.ValidateComposite.doValidation(ValidateComposite.java:577)
	at oracle.soa.scac.ValidateComposite.run0(ValidateComposite.java:228)
	at oracle.soa.scac.ValidateComposite.run(ValidateComposite.java:209)
	at oracle.soa.scac.ValidateComposite.main(ValidateComposite.java:201)
Caused by: oracle.fabric.common.FabricException: Error in getting XML input stream: file:/E:/JDeveloper1221/mywork/Testing/OracleToPWCEInvoice/SOA/Schemas/Params.xsd: E:\JDeveloper1221\mywork\Testing\OracleToPWCEInvoice\SOA\Schemas\Params.xsd (The system cannot find the file specified)
	at oracle.fabric.common.metadata.MetadataManagerImpl.getInputStreamFromAbsoluteURL(MetadataManagerImpl.java:361)
	at oracle.integration.platform.common.MDSMetadataManagerImpl.getInputStreamFromAbsoluteURL(MDSMetadataManagerImpl.java:836)
	at oracle.fabric.common.metadata.MetadataManagerImpl.getDocumentAsInputStreamUsingUrlResolver(MetadataManagerImpl.java:217)
	at oracle.integration.platform.common.MDSMetadataManagerImpl.getDocumentAsInputStreamUsingCustomization(MDSMetadataManagerImpl.java:553)
	at oracle.integration.platform.common.MDSMetadataManagerImpl.getDocumentAsInputStream(MDSMetadataManagerImpl.java:535)
	at oracle.fabric.common.wsdl.SchemaBuilder.parseXMLSrc(SchemaBuilder.java:1112)
	at oracle.fabric.common.wsdl.SchemaBuilder.parseXSDSrc(SchemaBuilder.java:1062)
	at oracle.fabric.common.wsdl.SchemaBuilder.processSchemaImportsAndInclude(SchemaBuilder.java:872)
	at oracle.fabric.common.wsdl.SchemaBuilder.loadEmbeddedSchemas(SchemaBuilder.java:576)
	... 34 more
Caused by: java.io.FileNotFoundException: E:\JDeveloper1221\mywork\Testing\OracleToPWCEInvoice\SOA\Schemas\Params.xsd (The system cannot find the file specified)
	at java.io.FileInputStream.open0(Native Method)
	at java.io.FileInputStream.open(FileInputStream.java:195)
	at java.io.FileInputStream.<init>(FileInputStream.java:138)
	at java.io.FileInputStream.<init>(FileInputStream.java:93)
	at sun.net.www.protocol.file.FileURLConnection.connect(FileURLConnection.java:90)
	at sun.net.www.protocol.file.FileURLConnection.getInputStream(FileURLConnection.java:188)
	at java.net.URL.openStream(URL.java:1045)
	at oracle.fabric.common.metadata.MetadataManagerImpl.getInputStreamFromAbsoluteURL(MetadataManagerImpl.java:355)
	... 42 more
WARNING: JRF is unable to determine the current application server platform.
WARNING: Schema load failed due to: Error loading schema from file:/E:/JDeveloper1221/mywork/Testing/OracleToPWCEInvoice/SOA/WSDLs/UpdateOracleApps.wsdl [Cause=Error in getting XML input stream: file:/E:/JDeveloper1221/mywork/Testing/OracleToPWCEInvoice/SOA/Schemas/Params.xsd: E:\JDeveloper1221\mywork\Testing\OracleToPWCEInvoice\SOA\Schemas\Params.xsd (The system cannot find the file specified)]
oracle.fabric.common.wsdl.XSDException: Error loading schema from file:/E:/JDeveloper1221/mywork/Testing/OracleToPWCEInvoice/SOA/WSDLs/UpdateOracleApps.wsdl [Cause=Error in getting XML input stream: file:/E:/JDeveloper1221/mywork/Testing/OracleToPWCEInvoice/SOA/Schemas/Params.xsd: E:\JDeveloper1221\mywork\Testing\OracleToPWCEInvoice\SOA\Schemas\Params.xsd (The system cannot find the file specified)]
	at oracle.fabric.common.wsdl.SchemaBuilder.loadEmbeddedSchemas(SchemaBuilder.java:580)
	at oracle.fabric.common.wsdl.SchemaBuilder.loadSchemasFromWSDL(SchemaBuilder.java:452)
	at oracle.fabric.common.wsdl.SchemaBuilder.loadAllSchemas(SchemaBuilder.java:249)
	at oracle.fabric.common.wsdl.SchemaManager.loadAllXSD(SchemaManager.java:414)
	at oracle.fabric.common.wsdl.SchemaManager.buildXDKSchema(SchemaManager.java:697)
	at oracle.fabric.common.wsdl.SchemaManager.lookupSchema(SchemaManager.java:548)
	at oracle.fabric.common.wsdl.SchemaManager.lookupXSDElementDeclaration(SchemaManager.java:873)
	at oracle.bpel.lang.v20.resolver.ProcessImportHandler.lookupXSDElement(ProcessImportHandler.java:285)
	at oracle.bpel.common.validator.helpers.OracleModelQueryImpl.lookupXSDElement(OracleModelQueryImpl.java:744)
	at oracle.bpel.common.validator.helpers.OracleModelQueryImpl.lookupXSDPartType(OracleModelQueryImpl.java:855)
	at oracle.bpel.common.validator.helpers.OracleModelQueryImpl.lookupMessagePartType(OracleModelQueryImpl.java:835)
	at oracle.bpel.common.validator.helpers.OracleModelQueryImpl.lookup(OracleModelQueryImpl.java:415)
	at oracle.bpel.common.validator.helpers.OracleModelQueryImpl.lookup(OracleModelQueryImpl.java:179)
	at org.eclipse.bpel.validator.xpath.XPathValidator.rule_CheckVariable_10(XPathValidator.java:633)
	at sun.reflect.NativeMethodAccessorImpl.invoke0(Native Method)
	at sun.reflect.NativeMethodAccessorImpl.invoke(NativeMethodAccessorImpl.java:62)
	at sun.reflect.DelegatingMethodAccessorImpl.invoke(DelegatingMethodAccessorImpl.java:43)
	at java.lang.reflect.Method.invoke(Method.java:498)
	at org.eclipse.bpel.validator.model.Rules$Rule.invoke(Rules.java:316)
	at org.eclipse.bpel.validator.model.RuleRunner.runRules(RuleRunner.java:99)
	at org.eclipse.bpel.validator.model.Validator.runRules(Validator.java:468)
	at org.eclipse.bpel.validator.model.Validator.runRulesInChain(Validator.java:473)
	at org.eclipse.bpel.validator.xpath.CExpr.runRulesInChain(CExpr.java:199)
	at org.eclipse.bpel.validator.xpath.XPathVisitor.visit(XPathVisitor.java:276)
	at org.eclipse.bpel.validator.xpath.XPathVisitor.visitExpr(XPathVisitor.java:580)
	at org.eclipse.bpel.validator.xpath.XPathVisitor.visit(XPathVisitor.java:160)
	at org.eclipse.bpel.validator.xpath.To.rule_CheckVariableReference_15(To.java:60)
	at sun.reflect.NativeMethodAccessorImpl.invoke0(Native Method)
	at sun.reflect.NativeMethodAccessorImpl.invoke(NativeMethodAccessorImpl.java:62)
	at sun.reflect.DelegatingMethodAccessorImpl.invoke(DelegatingMethodAccessorImpl.java:43)
	at java.lang.reflect.Method.invoke(Method.java:498)
	at org.eclipse.bpel.validator.model.Rules$Rule.invoke(Rules.java:316)
	at org.eclipse.bpel.validator.model.RuleRunner.runRules(RuleRunner.java:99)
	at org.eclipse.bpel.validator.model.Validator.validate(Validator.java:278)
	at org.eclipse.bpel.validator.model.Runner.pass1(Runner.java:150)
	at org.eclipse.bpel.validator.model.Runner.run(Runner.java:188)
	at oracle.bpel.lang.v20.validator.helpers.OracleBpelREMValidator.validate(OracleBpelREMValidator.java:239)
	at oracle.bpel.lang.v20.validator.helpers.OracleBpelREMValidator.validate(OracleBpelREMValidator.java:131)
	at oracle.bpel.lang.v20.validator.BPEL20Validator.validate(BPEL20Validator.java:82)
	at com.collaxa.cube.lang.compiler.BPEL2Processor.validate(BPEL2Processor.java:152)
	at com.collaxa.cube.lang.compiler.BPEL2Processor.process(BPEL2Processor.java:122)
	at com.collaxa.cube.lang.compiler.BPEL2Processor.process(BPEL2Processor.java:108)
	at oracle.fabric.bpel.bpelc.BPELComponentValidator.validate(BPELComponentValidator.java:87)
	at oracle.soa.scac.ValidateComposite.validateComponentTypeServicesReferences(ValidateComposite.java:1161)
	at oracle.soa.scac.ValidateComposite.doValidation0(ValidateComposite.java:598)
	at oracle.soa.scac.ValidateComposite.doValidation(ValidateComposite.java:577)
	at oracle.soa.scac.ValidateComposite.run0(ValidateComposite.java:228)
	at oracle.soa.scac.ValidateComposite.run(ValidateComposite.java:209)
	at oracle.soa.scac.ValidateComposite.main(ValidateComposite.java:201)
Caused by: oracle.fabric.common.FabricException: Error in getting XML input stream: file:/E:/JDeveloper1221/mywork/Testing/OracleToPWCEInvoice/SOA/Schemas/Params.xsd: E:\JDeveloper1221\mywork\Testing\OracleToPWCEInvoice\SOA\Schemas\Params.xsd (The system cannot find the file specified)
	at oracle.fabric.common.metadata.MetadataManagerImpl.getInputStreamFromAbsoluteURL(MetadataManagerImpl.java:361)
	at oracle.integration.platform.common.MDSMetadataManagerImpl.getInputStreamFromAbsoluteURL(MDSMetadataManagerImpl.java:836)
	at oracle.fabric.common.metadata.MetadataManagerImpl.getDocumentAsInputStreamUsingUrlResolver(MetadataManagerImpl.java:217)
	at oracle.integration.platform.common.MDSMetadataManagerImpl.getDocumentAsInputStreamUsingCustomization(MDSMetadataManagerImpl.java:553)
	at oracle.integration.platform.common.MDSMetadataManagerImpl.getDocumentAsInputStream(MDSMetadataManagerImpl.java:535)
	at oracle.fabric.common.wsdl.SchemaBuilder.parseXMLSrc(SchemaBuilder.java:1112)
	at oracle.fabric.common.wsdl.SchemaBuilder.parseXSDSrc(SchemaBuilder.java:1062)
	at oracle.fabric.common.wsdl.SchemaBuilder.processSchemaImportsAndInclude(SchemaBuilder.java:872)
	at oracle.fabric.common.wsdl.SchemaBuilder.loadEmbeddedSchemas(SchemaBuilder.java:576)
	... 48 more
Caused by: java.io.FileNotFoundException: E:\JDeveloper1221\mywork\Testing\OracleToPWCEInvoice\SOA\Schemas\Params.xsd (The system cannot find the file specified)
	at java.io.FileInputStream.open0(Native Method)
	at java.io.FileInputStream.open(FileInputStream.java:195)
	at java.io.FileInputStream.<init>(FileInputStream.java:138)
	at java.io.FileInputStream.<init>(FileInputStream.java:93)
	at sun.net.www.protocol.file.FileURLConnection.connect(FileURLConnection.java:90)
	at sun.net.www.protocol.file.FileURLConnection.getInputStream(FileURLConnection.java:188)
	at java.net.URL.openStream(URL.java:1045)
	at oracle.fabric.common.metadata.MetadataManagerImpl.getInputStreamFromAbsoluteURL(MetadataManagerImpl.java:355)
	... 56 more
WARNING: Cannot resolve entity model for: http://xmlns.oracle.com/pcbpel/adapter/db/UpdateOracleApps
WARNING: Cannot resolve entity model for: http://xmlns.oracle.com/pcbpel/adapter/db/UpdateOracleApps
WARNING: Cannot resolve entity model for: http://xmlns.oracle.com/pcbpel/adapter/db/UpdateOracleApps
WARNING: Cannot resolve entity model for: http://xmlns.oracle.com/pcbpel/adapter/db/UpdateOracleApps
WARNING: Cannot resolve entity model for: http://xmlns.oracle.com/pcbpel/adapter/db/UpdateOracleApps
WARNING: Cannot resolve entity model for: http://xmlns.oracle.com/pcbpel/adapter/db/UpdateOracleApps
WARNING: Cannot resolve entity model for: http://xmlns.oracle.com/pcbpel/adapter/db/UpdateOracleApps
WARNING: Cannot resolve entity model for: http://xmlns.oracle.com/pcbpel/adapter/db/UpdateOracleApps
WARNING: Cannot resolve entity model for: http://xmlns.oracle.com/pcbpel/adapter/db/UpdateOracleApps
WARNING: Cannot resolve entity model for: http://xmlns.oracle.com/pcbpel/adapter/db/UpdateOracleApps
Java HotSpot(TM) 64-Bit Server VM warning: ignoring option PermSize=32m; support was removed in 8.0
Java HotSpot(TM) 64-Bit Server VM warning: ignoring option MaxPermSize=256m; support was removed in 8.0
