2016-10-06 19:39:26.598/3.285 Oracle Coherence 12.2.1.0.0 <Info> (thread=main, member=n/a): Loaded operational configuration from "jar:file:/E:/Jdev1221/Middleware/Oracle_Home/coherence/lib/coherence.jar!/tangosol-coherence.xml"
2016-10-06 19:39:26.751/3.438 Oracle Coherence 12.2.1.0.0 <Info> (thread=main, member=n/a): Loaded operational overrides from "jar:file:/E:/Jdev1221/Middleware/Oracle_Home/coherence/lib/coherence.jar!/tangosol-coherence-override-dev.xml"
2016-10-06 19:39:26.754/3.441 Oracle Coherence 12.2.1.0.0 <D5> (thread=main, member=n/a): Optional configuration override "/tangosol-coherence-override.xml" is not specified
2016-10-06 19:39:26.760/3.446 Oracle Coherence 12.2.1.0.0 <D5> (thread=main, member=n/a): Optional configuration override "cache-factory-config.xml" is not specified
2016-10-06 19:39:26.770/3.456 Oracle Coherence 12.2.1.0.0 <D5> (thread=main, member=n/a): Optional configuration override "cache-factory-builder-config.xml" is not specified
2016-10-06 19:39:26.772/3.459 Oracle Coherence 12.2.1.0.0 <D5> (thread=main, member=n/a): Optional configuration override "/custom-mbeans.xml" is not specified

Oracle Coherence Version 12.2.1.0.0 Build 60603
 Grid Edition: Development mode
Copyright (c) 2000, 2015, Oracle and/or its affiliates. All rights reserved.

2016-10-06 19:39:26.966/3.652 Oracle Coherence GE 12.2.1.0.0 <Info> (thread=main, member=n/a): Loaded FMW commons version: 12.2.1-0-0-SNAPSHOT b60603
2016-10-06 19:39:26.972/3.658 Oracle Coherence GE 12.2.1.0.0 <Info> (thread=main, member=n/a): Created cache factory com.tangosol.net.DefaultConfigurableCacheFactory
2016-10-06 19:39:27.797/4.482 Oracle Coherence GE 12.2.1.0.0 <Info> (thread=main, member=n/a): The cluster name has not been configured, a value of "RD42768's cluster" has been automatically generated
Oct 06, 2016 7:39:35 PM oracle.soa.scac.ValidateComposite loadWSDLs
WARNING: Validating WSDLs from WSDLManager....  with option UseSoaInfraMds:false
Oct 06, 2016 7:39:38 PM oracle.fabric.common.wsdl.SchemaManager isIncrementalBuildSupported
INFO: XMLSchema incremental build enabled.
Oct 06, 2016 7:39:38 PM com.collaxa.cube.CubeLogger info
INFO: validating "PublishARSupplPaymntReversalsOracleToOSG_BPEL.bpel" ...
Oct 06, 2016 7:39:39 PM oracle.integration.platform.blocks.PlatformConfigurationProvider getPlatformConfigurationProvider
WARNING: JRF is unable to determine the current application server platform.
Oct 06, 2016 7:39:44 PM com.collaxa.cube.CubeLogger info
INFO: Composed "PublishARSupplPaymntReversalsOracleToOSG_BPEL" in 157.9 milliseconds [nodes 33=0+33, 209.0 nodes/sec]
Oct 06, 2016 7:39:47 PM com.collaxa.cube.CubeLogger info
INFO: Compiled "PublishARSupplPaymntReversalsOracleToOSG_BPEL" in 3.208 seconds
Oct 06, 2016 7:39:47 PM com.collaxa.cube.CubeLogger info
INFO: Gathered 6 files in 1.4 milliseconds
Oct 06, 2016 7:39:47 PM com.collaxa.cube.CubeLogger info
INFO: Packaged "PublishARSupplPaymntReversalsOracleToOSG_BPEL" in 159.2 milliseconds
Java HotSpot(TM) 64-Bit Server VM warning: ignoring option PermSize=32m; support was removed in 8.0
Java HotSpot(TM) 64-Bit Server VM warning: ignoring option MaxPermSize=256m; support was removed in 8.0
