2016-10-18 13:32:34.984/1.725 Oracle Coherence 12.2.1.0.0 <Info> (thread=main, member=n/a): Loaded operational configuration from "jar:file:/C:/Oracle/Middleware12c/Oracle_Home/coherence/lib/coherence.jar!/tangosol-coherence.xml"
2016-10-18 13:32:35.037/1.778 Oracle Coherence 12.2.1.0.0 <Info> (thread=main, member=n/a): Loaded operational overrides from "jar:file:/C:/Oracle/Middleware12c/Oracle_Home/coherence/lib/coherence.jar!/tangosol-coherence-override-dev.xml"
2016-10-18 13:32:35.039/1.780 Oracle Coherence 12.2.1.0.0 <D5> (thread=main, member=n/a): Optional configuration override "/tangosol-coherence-override.xml" is not specified
2016-10-18 13:32:35.042/1.782 Oracle Coherence 12.2.1.0.0 <D5> (thread=main, member=n/a): Optional configuration override "cache-factory-config.xml" is not specified
2016-10-18 13:32:35.043/1.783 Oracle Coherence 12.2.1.0.0 <D5> (thread=main, member=n/a): Optional configuration override "cache-factory-builder-config.xml" is not specified
2016-10-18 13:32:35.044/1.785 Oracle Coherence 12.2.1.0.0 <D5> (thread=main, member=n/a): Optional configuration override "/custom-mbeans.xml" is not specified

Oracle Coherence Version 12.2.1.0.0 Build 60603
 Grid Edition: Development mode
Copyright (c) 2000, 2015, Oracle and/or its affiliates. All rights reserved.

2016-10-18 13:32:35.148/1.888 Oracle Coherence GE 12.2.1.0.0 <Info> (thread=main, member=n/a): Loaded FMW commons version: 12.2.1-0-0-SNAPSHOT b60603
2016-10-18 13:32:35.152/1.892 Oracle Coherence GE 12.2.1.0.0 <Info> (thread=main, member=n/a): Created cache factory com.tangosol.net.DefaultConfigurableCacheFactory
2016-10-18 13:32:35.590/2.330 Oracle Coherence GE 12.2.1.0.0 <Info> (thread=main, member=n/a): The cluster name has not been configured, a value of "VA39018's cluster" has been automatically generated
Oct 18, 2016 1:32:36 PM oracle.soa.scac.ValidateComposite loadWSDLs
WARNING: Validating WSDLs from WSDLManager....  with option UseSoaInfraMds:false
Oct 18, 2016 1:32:36 PM oracle.fabric.common.wsdl.SchemaManager isIncrementalBuildSupported
INFO: XMLSchema incremental build enabled.
Oct 18, 2016 1:32:36 PM com.collaxa.cube.CubeLogger info
INFO: validating "SFDCLogin_BPEL.bpel" ...
Oct 18, 2016 1:32:36 PM oracle.integration.platform.blocks.PlatformConfigurationProvider getPlatformConfigurationProvider
WARNING: JRF is unable to determine the current application server platform.
Oct 18, 2016 1:32:37 PM com.collaxa.cube.CubeLogger info
INFO: Composed "SFDCLogin_BPEL" in 94.6 milliseconds [nodes 51=0+51, 539.0 nodes/sec]
Oct 18, 2016 1:32:38 PM com.collaxa.cube.CubeLogger info
INFO: Compiled "SFDCLogin_BPEL" in 1.630 seconds
Oct 18, 2016 1:32:38 PM com.collaxa.cube.CubeLogger info
INFO: Gathered 5 files in 0.7 milliseconds
Oct 18, 2016 1:32:38 PM com.collaxa.cube.CubeLogger info
INFO: Packaged "SFDCLogin_BPEL" in 59.6 milliseconds
Java HotSpot(TM) 64-Bit Server VM warning: ignoring option PermSize=32m; support was removed in 8.0
Java HotSpot(TM) 64-Bit Server VM warning: ignoring option MaxPermSize=256m; support was removed in 8.0
