2017-05-04 00:35:04.481/18.782 Oracle Coherence 12.2.1.0.0 <Info> (thread=main, member=n/a): Loaded operational configuration from "jar:file:/E:/Jdev1221/Middleware/Oracle_Home/coherence/lib/coherence.jar!/tangosol-coherence.xml"
2017-05-04 00:35:04.593/18.893 Oracle Coherence 12.2.1.0.0 <Info> (thread=main, member=n/a): Loaded operational overrides from "jar:file:/E:/Jdev1221/Middleware/Oracle_Home/coherence/lib/coherence.jar!/tangosol-coherence-override-dev.xml"
2017-05-04 00:35:04.596/18.896 Oracle Coherence 12.2.1.0.0 <D5> (thread=main, member=n/a): Optional configuration override "/tangosol-coherence-override.xml" is not specified
2017-05-04 00:35:04.603/18.903 Oracle Coherence 12.2.1.0.0 <D5> (thread=main, member=n/a): Optional configuration override "cache-factory-config.xml" is not specified
2017-05-04 00:35:04.606/18.906 Oracle Coherence 12.2.1.0.0 <D5> (thread=main, member=n/a): Optional configuration override "cache-factory-builder-config.xml" is not specified
2017-05-04 00:35:04.608/18.908 Oracle Coherence 12.2.1.0.0 <D5> (thread=main, member=n/a): Optional configuration override "/custom-mbeans.xml" is not specified

Oracle Coherence Version 12.2.1.0.0 Build 60603
 Grid Edition: Development mode
Copyright (c) 2000, 2015, Oracle and/or its affiliates. All rights reserved.

2017-05-04 00:35:06.066/20.367 Oracle Coherence GE 12.2.1.0.0 <Info> (thread=main, member=n/a): Loaded FMW commons version: 12.2.1-0-0-SNAPSHOT b60603
2017-05-04 00:35:06.070/20.370 Oracle Coherence GE 12.2.1.0.0 <Info> (thread=main, member=n/a): Created cache factory com.tangosol.net.DefaultConfigurableCacheFactory
2017-05-04 00:35:07.963/22.263 Oracle Coherence GE 12.2.1.0.0 <Info> (thread=main, member=n/a): The cluster name has not been configured, a value of "RD42768's cluster" has been automatically generated
May 04, 2017 12:35:12 AM oracle.soa.scac.ValidateComposite loadWSDLs
WARNING: Validating WSDLs from WSDLManager....  with option UseSoaInfraMds:false
May 04, 2017 12:35:15 AM oracle.fabric.common.wsdl.SchemaManager isIncrementalBuildSupported
INFO: XMLSchema incremental build enabled.
May 04, 2017 12:35:16 AM com.collaxa.cube.CubeLogger info
INFO: validating "GetEDI997ProcessProv_BPEL.bpel" ...
May 04, 2017 12:35:17 AM oracle.integration.platform.blocks.PlatformConfigurationProvider getPlatformConfigurationProvider
WARNING: JRF is unable to determine the current application server platform.
May 04, 2017 12:35:22 AM com.collaxa.cube.CubeLogger info
INFO: Composed "GetEDI997ProcessProv_BPEL" in 278.5 milliseconds [nodes 33=0+33, 118.5 nodes/sec]
May 04, 2017 12:35:26 AM com.collaxa.cube.CubeLogger info
INFO: Compiled "GetEDI997ProcessProv_BPEL" in 3.665 seconds
May 04, 2017 12:35:26 AM com.collaxa.cube.CubeLogger info
INFO: Gathered 5 files in 1.3 milliseconds
May 04, 2017 12:35:26 AM com.collaxa.cube.CubeLogger info
INFO: Packaged "GetEDI997ProcessProv_BPEL" in 197.3 milliseconds
Java HotSpot(TM) 64-Bit Server VM warning: ignoring option PermSize=32m; support was removed in 8.0
Java HotSpot(TM) 64-Bit Server VM warning: ignoring option MaxPermSize=256m; support was removed in 8.0
