2016-10-06 21:58:55.916/2.669 Oracle Coherence 12.2.1.0.0 <Info> (thread=main, member=n/a): Loaded operational configuration from "jar:file:/E:/Jdev1221/Middleware/Oracle_Home/coherence/lib/coherence.jar!/tangosol-coherence.xml"
2016-10-06 21:58:56.014/2.766 Oracle Coherence 12.2.1.0.0 <Info> (thread=main, member=n/a): Loaded operational overrides from "jar:file:/E:/Jdev1221/Middleware/Oracle_Home/coherence/lib/coherence.jar!/tangosol-coherence-override-dev.xml"
2016-10-06 21:58:56.017/2.769 Oracle Coherence 12.2.1.0.0 <D5> (thread=main, member=n/a): Optional configuration override "/tangosol-coherence-override.xml" is not specified
2016-10-06 21:58:56.022/2.774 Oracle Coherence 12.2.1.0.0 <D5> (thread=main, member=n/a): Optional configuration override "cache-factory-config.xml" is not specified
2016-10-06 21:58:56.024/2.776 Oracle Coherence 12.2.1.0.0 <D5> (thread=main, member=n/a): Optional configuration override "cache-factory-builder-config.xml" is not specified
2016-10-06 21:58:56.025/2.777 Oracle Coherence 12.2.1.0.0 <D5> (thread=main, member=n/a): Optional configuration override "/custom-mbeans.xml" is not specified

Oracle Coherence Version 12.2.1.0.0 Build 60603
 Grid Edition: Development mode
Copyright (c) 2000, 2015, Oracle and/or its affiliates. All rights reserved.

2016-10-06 21:58:56.180/2.932 Oracle Coherence GE 12.2.1.0.0 <Info> (thread=main, member=n/a): Loaded FMW commons version: 12.2.1-0-0-SNAPSHOT b60603
2016-10-06 21:58:56.187/2.939 Oracle Coherence GE 12.2.1.0.0 <Info> (thread=main, member=n/a): Created cache factory com.tangosol.net.DefaultConfigurableCacheFactory
2016-10-06 21:58:56.794/3.546 Oracle Coherence GE 12.2.1.0.0 <Info> (thread=main, member=n/a): The cluster name has not been configured, a value of "RD42768's cluster" has been automatically generated
Oct 06, 2016 9:59:08 PM oracle.soa.scac.ValidateComposite loadWSDLs
WARNING: Validating WSDLs from WSDLManager....  with option UseSoaInfraMds:false
Oct 06, 2016 9:59:15 PM oracle.fabric.common.wsdl.SchemaManager isIncrementalBuildSupported
INFO: XMLSchema incremental build enabled.
Oct 06, 2016 9:59:18 PM com.collaxa.cube.CubeLogger info
INFO: validating "CostCenterFeedOracle2SF_BPEL.bpel" ...
Oct 06, 2016 9:59:18 PM oracle.integration.platform.blocks.PlatformConfigurationProvider getPlatformConfigurationProvider
WARNING: JRF is unable to determine the current application server platform.
Oct 06, 2016 9:59:46 PM com.collaxa.cube.CubeLogger info
INFO: Composed "CostCenterFeedOracle2SF_BPEL" in 120.0 milliseconds [nodes 28=0+28, 233.4 nodes/sec]
Oct 06, 2016 9:59:48 PM com.collaxa.cube.CubeLogger info
INFO: Compiled "CostCenterFeedOracle2SF_BPEL" in 2.355 seconds
Oct 06, 2016 9:59:48 PM com.collaxa.cube.CubeLogger info
INFO: Gathered 4 files in 1.2 milliseconds
Oct 06, 2016 9:59:48 PM com.collaxa.cube.CubeLogger info
INFO: Packaged "CostCenterFeedOracle2SF_BPEL" in 120.5 milliseconds
Java HotSpot(TM) 64-Bit Server VM warning: ignoring option PermSize=32m; support was removed in 8.0
Java HotSpot(TM) 64-Bit Server VM warning: ignoring option MaxPermSize=256m; support was removed in 8.0
