2021-01-08 11:54:19.528/1.699 Oracle Coherence 12.2.1.3.0 <Info> (thread=main, member=n/a): Loaded operational configuration from "jar:file:/D:/SOA/Oracle/Middleware/Oracle_Home/coherence/lib/coherence.jar!/tangosol-coherence.xml"
2021-01-08 11:54:19.547/1.719 Oracle Coherence 12.2.1.3.0 <Info> (thread=main, member=n/a): Loaded operational overrides from "jar:file:/D:/SOA/Oracle/Middleware/Oracle_Home/coherence/lib/coherence.jar!/tangosol-coherence-override-dev.xml"
2021-01-08 11:54:19.549/1.720 Oracle Coherence 12.2.1.3.0 <D5> (thread=main, member=n/a): Optional configuration override "/tangosol-coherence-override.xml" is not specified
2021-01-08 11:54:19.550/1.722 Oracle Coherence 12.2.1.3.0 <D5> (thread=main, member=n/a): Optional configuration override "cache-factory-config.xml" is not specified
2021-01-08 11:54:19.551/1.723 Oracle Coherence 12.2.1.3.0 <D5> (thread=main, member=n/a): Optional configuration override "cache-factory-builder-config.xml" is not specified
2021-01-08 11:54:19.552/1.723 Oracle Coherence 12.2.1.3.0 <D5> (thread=main, member=n/a): Optional configuration override "/custom-mbeans.xml" is not specified

Oracle Coherence Version 12.2.1.3.0 Build 68243
 Grid Edition: Development mode
Copyright (c) 2000, 2017, Oracle and/or its affiliates. All rights reserved.

2021-01-08 11:54:20.280/2.451 Oracle Coherence GE 12.2.1.3.0 <Info> (thread=main, member=n/a): Created cache factory com.tangosol.net.ExtensibleConfigurableCacheFactory
2021-01-08 11:54:20.382/2.555 Oracle Coherence GE 12.2.1.3.0 <Info> (thread=main, member=n/a): The cluster name has not been configured, a value of "sn38854's cluster" has been automatically generated
Jan 08, 2021 11:54:24 AM oracle.soa.scac.ValidateComposite loadWSDLs
WARNING: Validating WSDLs from WSDLManager....  with option UseSoaInfraMds:false
Jan 08, 2021 11:54:29 AM oracle.fabric.common.wsdl.SchemaManager isIncrementalBuildSupported
INFO: XMLSchema incremental build enabled.
Jan 08, 2021 11:54:32 AM com.collaxa.cube.CubeLogger info
INFO: validating "OIM_Feeds_2SF_BPEL.bpel" ...
Jan 08, 2021 11:54:42 AM com.collaxa.cube.CubeLogger info
INFO: Composed "OIM_Feeds_2SF_BPEL" in 53.0 milliseconds [nodes 17=0+17, 321.0 nodes/sec]
Jan 08, 2021 11:54:43 AM com.collaxa.cube.CubeLogger info
INFO: Compiled "OIM_Feeds_2SF_BPEL" in 1.235 seconds
Jan 08, 2021 11:54:43 AM com.collaxa.cube.CubeLogger info
INFO: Gathered 4 files in 0.6 milliseconds
Jan 08, 2021 11:54:44 AM com.collaxa.cube.CubeLogger info
INFO: Packaged "OIM_Feeds_2SF_BPEL" in 36.0 milliseconds
Java HotSpot(TM) Client VM warning: ignoring option PermSize=32m; support was removed in 8.0
Java HotSpot(TM) Client VM warning: ignoring option MaxPermSize=256m; support was removed in 8.0
