2020-12-02 16:50:04.005/1.590 Oracle Coherence 12.2.1.3.0 <Info> (thread=main, member=n/a): Loaded operational configuration from "jar:file:/D:/SOA/Oracle/Middleware/Oracle_Home/coherence/lib/coherence.jar!/tangosol-coherence.xml"
2020-12-02 16:50:04.024/1.610 Oracle Coherence 12.2.1.3.0 <Info> (thread=main, member=n/a): Loaded operational overrides from "jar:file:/D:/SOA/Oracle/Middleware/Oracle_Home/coherence/lib/coherence.jar!/tangosol-coherence-override-dev.xml"
2020-12-02 16:50:04.026/1.611 Oracle Coherence 12.2.1.3.0 <D5> (thread=main, member=n/a): Optional configuration override "/tangosol-coherence-override.xml" is not specified
2020-12-02 16:50:04.027/1.613 Oracle Coherence 12.2.1.3.0 <D5> (thread=main, member=n/a): Optional configuration override "cache-factory-config.xml" is not specified
2020-12-02 16:50:04.028/1.613 Oracle Coherence 12.2.1.3.0 <D5> (thread=main, member=n/a): Optional configuration override "cache-factory-builder-config.xml" is not specified
2020-12-02 16:50:04.029/1.614 Oracle Coherence 12.2.1.3.0 <D5> (thread=main, member=n/a): Optional configuration override "/custom-mbeans.xml" is not specified

Oracle Coherence Version 12.2.1.3.0 Build 68243
 Grid Edition: Development mode
Copyright (c) 2000, 2017, Oracle and/or its affiliates. All rights reserved.

2020-12-02 16:50:04.790/2.375 Oracle Coherence GE 12.2.1.3.0 <Info> (thread=main, member=n/a): Created cache factory com.tangosol.net.ExtensibleConfigurableCacheFactory
2020-12-02 16:50:04.892/2.478 Oracle Coherence GE 12.2.1.3.0 <Info> (thread=main, member=n/a): The cluster name has not been configured, a value of "sn38854's cluster" has been automatically generated
Dec 02, 2020 4:50:09 PM oracle.soa.scac.ValidateComposite loadWSDLs
WARNING: Validating WSDLs from WSDLManager....  with option UseSoaInfraMds:false
Dec 02, 2020 4:50:13 PM oracle.fabric.common.wsdl.SchemaManager isIncrementalBuildSupported
INFO: XMLSchema incremental build enabled.
Dec 02, 2020 4:50:15 PM com.collaxa.cube.CubeLogger info
INFO: validating "MaxeonEmployeeCentralFeedOracle2SF_BPEL.bpel" ...
Dec 02, 2020 4:50:23 PM com.collaxa.cube.CubeLogger info
INFO: Composed "EmployeeCentralFeedOracle2SF_BPEL" in 63.4 milliseconds [nodes 28=0+28, 441.5 nodes/sec]
Dec 02, 2020 4:50:24 PM com.collaxa.cube.CubeLogger info
INFO: Compiled "EmployeeCentralFeedOracle2SF_BPEL" in 1.179 seconds
Dec 02, 2020 4:50:24 PM com.collaxa.cube.CubeLogger info
INFO: Gathered 4 files in 0.9 milliseconds
Dec 02, 2020 4:50:24 PM com.collaxa.cube.CubeLogger info
INFO: Packaged "EmployeeCentralFeedOracle2SF_BPEL" in 10.5 milliseconds
Java HotSpot(TM) Client VM warning: ignoring option PermSize=32m; support was removed in 8.0
Java HotSpot(TM) Client VM warning: ignoring option MaxPermSize=256m; support was removed in 8.0
