2016-10-06 22:11:12.002/2.768 Oracle Coherence 12.2.1.0.0 <Info> (thread=main, member=n/a): Loaded operational configuration from "jar:file:/E:/Jdev1221/Middleware/Oracle_Home/coherence/lib/coherence.jar!/tangosol-coherence.xml"
2016-10-06 22:11:12.114/2.880 Oracle Coherence 12.2.1.0.0 <Info> (thread=main, member=n/a): Loaded operational overrides from "jar:file:/E:/Jdev1221/Middleware/Oracle_Home/coherence/lib/coherence.jar!/tangosol-coherence-override-dev.xml"
2016-10-06 22:11:12.117/2.883 Oracle Coherence 12.2.1.0.0 <D5> (thread=main, member=n/a): Optional configuration override "/tangosol-coherence-override.xml" is not specified
2016-10-06 22:11:12.122/2.888 Oracle Coherence 12.2.1.0.0 <D5> (thread=main, member=n/a): Optional configuration override "cache-factory-config.xml" is not specified
2016-10-06 22:11:12.123/2.890 Oracle Coherence 12.2.1.0.0 <D5> (thread=main, member=n/a): Optional configuration override "cache-factory-builder-config.xml" is not specified
2016-10-06 22:11:12.125/2.891 Oracle Coherence 12.2.1.0.0 <D5> (thread=main, member=n/a): Optional configuration override "/custom-mbeans.xml" is not specified

Oracle Coherence Version 12.2.1.0.0 Build 60603
 Grid Edition: Development mode
Copyright (c) 2000, 2015, Oracle and/or its affiliates. All rights reserved.

2016-10-06 22:11:12.296/3.062 Oracle Coherence GE 12.2.1.0.0 <Info> (thread=main, member=n/a): Loaded FMW commons version: 12.2.1-0-0-SNAPSHOT b60603
2016-10-06 22:11:12.309/3.075 Oracle Coherence GE 12.2.1.0.0 <Info> (thread=main, member=n/a): Created cache factory com.tangosol.net.DefaultConfigurableCacheFactory
2016-10-06 22:11:12.960/3.726 Oracle Coherence GE 12.2.1.0.0 <Info> (thread=main, member=n/a): The cluster name has not been configured, a value of "RD42768's cluster" has been automatically generated
Oct 06, 2016 10:11:30 PM oracle.soa.scac.ValidateComposite loadWSDLs
WARNING: Validating WSDLs from WSDLManager....  with option UseSoaInfraMds:false
Oct 06, 2016 10:11:37 PM oracle.fabric.common.wsdl.SchemaManager isIncrementalBuildSupported
INFO: XMLSchema incremental build enabled.
Oct 06, 2016 10:11:40 PM com.collaxa.cube.CubeLogger info
INFO: validating "FPNAEmployeeFeedOracle2SF_BPEL.bpel" ...
Oct 06, 2016 10:11:40 PM oracle.integration.platform.blocks.PlatformConfigurationProvider getPlatformConfigurationProvider
WARNING: JRF is unable to determine the current application server platform.
Oct 06, 2016 10:11:53 PM com.collaxa.cube.CubeLogger info
INFO: Composed "FPNAEmployeeFeedOracle2SF_BPEL" in 136.9 milliseconds [nodes 25=0+25, 182.6 nodes/sec]
Oct 06, 2016 10:11:56 PM com.collaxa.cube.CubeLogger info
INFO: Compiled "FPNAEmployeeFeedOracle2SF_BPEL" in 2.445 seconds
Oct 06, 2016 10:11:56 PM com.collaxa.cube.CubeLogger info
INFO: Gathered 4 files in 1.5 milliseconds
Oct 06, 2016 10:11:56 PM com.collaxa.cube.CubeLogger info
INFO: Packaged "FPNAEmployeeFeedOracle2SF_BPEL" in 116.3 milliseconds
Java HotSpot(TM) 64-Bit Server VM warning: ignoring option PermSize=32m; support was removed in 8.0
Java HotSpot(TM) 64-Bit Server VM warning: ignoring option MaxPermSize=256m; support was removed in 8.0
