2018-10-16 00:02:50.249/9.118 Oracle Coherence 12.2.1.0.0 <Info> (thread=main, member=n/a): Loaded operational configuration from "jar:file:/D:/Oracle/Middleware/Oracle_Home/coherence/lib/coherence.jar!/tangosol-coherence.xml"
2018-10-16 00:02:50.580/9.448 Oracle Coherence 12.2.1.0.0 <Info> (thread=main, member=n/a): Loaded operational overrides from "jar:file:/D:/Oracle/Middleware/Oracle_Home/coherence/lib/coherence.jar!/tangosol-coherence-override-dev.xml"
2018-10-16 00:02:50.582/9.451 Oracle Coherence 12.2.1.0.0 <D5> (thread=main, member=n/a): Optional configuration override "/tangosol-coherence-override.xml" is not specified
2018-10-16 00:02:50.590/9.458 Oracle Coherence 12.2.1.0.0 <D5> (thread=main, member=n/a): Optional configuration override "cache-factory-config.xml" is not specified
2018-10-16 00:02:50.593/9.461 Oracle Coherence 12.2.1.0.0 <D5> (thread=main, member=n/a): Optional configuration override "cache-factory-builder-config.xml" is not specified
2018-10-16 00:02:50.595/9.463 Oracle Coherence 12.2.1.0.0 <D5> (thread=main, member=n/a): Optional configuration override "/custom-mbeans.xml" is not specified

Oracle Coherence Version 12.2.1.0.0 Build 60603
 Grid Edition: Development mode
Copyright (c) 2000, 2015, Oracle and/or its affiliates. All rights reserved.

2018-10-16 00:02:51.132/10.001 Oracle Coherence GE 12.2.1.0.0 <Info> (thread=main, member=n/a): Loaded FMW commons version: 12.2.1-0-0-SNAPSHOT b60603
2018-10-16 00:02:51.143/10.012 Oracle Coherence GE 12.2.1.0.0 <Info> (thread=main, member=n/a): Created cache factory com.tangosol.net.DefaultConfigurableCacheFactory
2018-10-16 00:02:52.693/11.561 Oracle Coherence GE 12.2.1.0.0 <Info> (thread=main, member=n/a): The cluster name has not been configured, a value of "RR46183's cluster" has been automatically generated
Oct 16, 2018 12:03:02 AM oracle.soa.scac.ValidateComposite loadWSDLs
WARNING: Validating WSDLs from WSDLManager....  with option UseSoaInfraMds:false
Oct 16, 2018 12:03:06 AM oracle.fabric.common.wsdl.SchemaBuilder resolveWorkFlowSchemas
WARNING: Ignoring composite local workflow schema of file:/C:/JDeveloper/mywork/POCApp/OracleSFDCItemPRODProv/Schemas/NotificationService.xsd as there is a MDS shared version of the schema used by workflow engine oramds:/soa/shared/workflow/NotificationService.xsd
Oct 16, 2018 12:03:07 AM oracle.fabric.common.wsdl.SchemaManager isIncrementalBuildSupported
INFO: XMLSchema incremental build enabled.
Oct 16, 2018 12:03:11 AM com.collaxa.cube.CubeLogger info
INFO: validating "OracleSFDCItemPRODProv_BPEL.bpel" ...
Oct 16, 2018 12:03:12 AM oracle.integration.platform.blocks.PlatformConfigurationProvider getPlatformConfigurationProvider
WARNING: JRF is unable to determine the current application server platform.
Oct 16, 2018 12:03:17 AM oracle.fabric.common.wsdl.SchemaBuilder resolveWorkFlowSchemas
WARNING: Ignoring composite local workflow schema of file:/C:/JDeveloper/mywork/POCApp/OracleSFDCItemPRODProv/Schemas/NotificationService.xsd as there is a MDS shared version of the schema used by workflow engine oramds:/soa/shared/workflow/NotificationService.xsd
Oct 16, 2018 12:03:23 AM oracle.fabric.common.wsdl.SchemaManager buildXDKSchema
INFO: Namespace specified for the lookup belongs to a default namespace URI: http://www.w3.org/2001/XMLSchema. Will not attempt to build the schema model for it...
Oct 16, 2018 12:03:23 AM oracle.fabric.common.wsdl.SchemaManager buildXDKSchema
INFO: Namespace specified for the lookup belongs to a default namespace URI: http://www.w3.org/2001/XMLSchema. Will not attempt to build the schema model for it...
Oct 16, 2018 12:03:23 AM oracle.fabric.common.wsdl.SchemaManager buildXDKSchema
INFO: Namespace specified for the lookup belongs to a default namespace URI: http://www.w3.org/2001/XMLSchema. Will not attempt to build the schema model for it...
Oct 16, 2018 12:03:23 AM com.collaxa.cube.CubeLogger info
INFO: Composed "OracleSFDCItemPRODProv_BPEL" in 307.5 milliseconds [nodes 22=1+21, 71.5 nodes/sec]
Oct 16, 2018 12:03:29 AM com.collaxa.cube.CubeLogger info
INFO: Compiled "OracleSFDCItemPRODProv_BPEL" in 5.925 seconds
Oct 16, 2018 12:03:29 AM com.collaxa.cube.CubeLogger info
INFO: Gathered 6 files in 4.1 milliseconds
Oct 16, 2018 12:03:29 AM com.collaxa.cube.CubeLogger info
INFO: Packaged "OracleSFDCItemPRODProv_BPEL" in 916.9 milliseconds
Schema validation failed with exception "null"
oracle.xml.parser.schema.XSDException
	at oracle.xml.parser.schema.XSDBuilder.buildSchema(XSDBuilder.java:1124)
	at oracle.xml.parser.schema.XSDBuilder.build(XSDBuilder.java:630)
	at oracle.soa.scac.ValidationFaultUtil.validateSourceWithSchema(ValidationFaultUtil.java:182)
	at oracle.soa.scac.ValidationFaultUtil.validateWithSchema(ValidationFaultUtil.java:241)
	at oracle.soa.scac.ValidationFaultUtil.validateWithSchema(ValidationFaultUtil.java:225)
	at oracle.soa.scac.ValidateComposite.validateFaultPolicy(ValidateComposite.java:1399)
	at oracle.soa.scac.ValidateComposite.doValidation0(ValidateComposite.java:604)
	at oracle.soa.scac.ValidateComposite.doValidation(ValidateComposite.java:577)
	at oracle.soa.scac.ValidateComposite.run0(ValidateComposite.java:228)
	at oracle.soa.scac.ValidateComposite.run(ValidateComposite.java:209)
	at oracle.soa.scac.ValidateComposite.main(ValidateComposite.java:201)
Java HotSpot(TM) 64-Bit Server VM warning: ignoring option PermSize=32m; support was removed in 8.0
Java HotSpot(TM) 64-Bit Server VM warning: ignoring option MaxPermSize=256m; support was removed in 8.0
