2016-10-11 11:36:04.600/1.735 Oracle Coherence 12.2.1.0.0 <Info> (thread=main, member=n/a): Loaded operational configuration from "jar:file:/C:/Oracle/Middleware12c/Oracle_Home/coherence/lib/coherence.jar!/tangosol-coherence.xml"
2016-10-11 11:36:04.653/1.787 Oracle Coherence 12.2.1.0.0 <Info> (thread=main, member=n/a): Loaded operational overrides from "jar:file:/C:/Oracle/Middleware12c/Oracle_Home/coherence/lib/coherence.jar!/tangosol-coherence-override-dev.xml"
2016-10-11 11:36:04.656/1.791 Oracle Coherence 12.2.1.0.0 <D5> (thread=main, member=n/a): Optional configuration override "/tangosol-coherence-override.xml" is not specified
2016-10-11 11:36:04.670/1.805 Oracle Coherence 12.2.1.0.0 <D5> (thread=main, member=n/a): Optional configuration override "cache-factory-config.xml" is not specified
2016-10-11 11:36:04.672/1.807 Oracle Coherence 12.2.1.0.0 <D5> (thread=main, member=n/a): Optional configuration override "cache-factory-builder-config.xml" is not specified
2016-10-11 11:36:04.675/1.810 Oracle Coherence 12.2.1.0.0 <D5> (thread=main, member=n/a): Optional configuration override "/custom-mbeans.xml" is not specified

Oracle Coherence Version 12.2.1.0.0 Build 60603
 Grid Edition: Development mode
Copyright (c) 2000, 2015, Oracle and/or its affiliates. All rights reserved.

2016-10-11 11:36:04.798/1.933 Oracle Coherence GE 12.2.1.0.0 <Info> (thread=main, member=n/a): Loaded FMW commons version: 12.2.1-0-0-SNAPSHOT b60603
2016-10-11 11:36:04.802/1.937 Oracle Coherence GE 12.2.1.0.0 <Info> (thread=main, member=n/a): Created cache factory com.tangosol.net.DefaultConfigurableCacheFactory
2016-10-11 11:36:05.249/2.384 Oracle Coherence GE 12.2.1.0.0 <Info> (thread=main, member=n/a): The cluster name has not been configured, a value of "VA39018's cluster" has been automatically generated
Oct 11, 2016 11:36:06 AM oracle.soa.scac.ValidateComposite loadWSDLs
WARNING: Validating WSDLs from WSDLManager....  with option UseSoaInfraMds:false
Oct 11, 2016 11:36:07 AM oracle.fabric.common.wsdl.SchemaManager isIncrementalBuildSupported
INFO: XMLSchema incremental build enabled.
Oct 11, 2016 11:36:07 AM com.collaxa.cube.CubeLogger info
INFO: validating "SyncCreditLimitOracleReq.bpel" ...
Oct 11, 2016 11:36:07 AM oracle.integration.platform.blocks.PlatformConfigurationProvider getPlatformConfigurationProvider
WARNING: JRF is unable to determine the current application server platform.
Oct 11, 2016 11:36:09 AM com.collaxa.cube.CubeLogger info
INFO: Composed "SyncCreditLimitOracleReq" in 79.1 milliseconds [nodes 25=0+25, 316.0 nodes/sec]
Oct 11, 2016 11:36:11 AM com.collaxa.cube.CubeLogger info
INFO: Compiled "SyncCreditLimitOracleReq" in 1.526 seconds
Oct 11, 2016 11:36:11 AM com.collaxa.cube.CubeLogger info
INFO: Gathered 4 files in 1.2 milliseconds
Oct 11, 2016 11:36:11 AM com.collaxa.cube.CubeLogger info
INFO: Packaged "SyncCreditLimitOracleReq" in 43.9 milliseconds
Java HotSpot(TM) 64-Bit Server VM warning: ignoring option PermSize=32m; support was removed in 8.0
Java HotSpot(TM) 64-Bit Server VM warning: ignoring option MaxPermSize=256m; support was removed in 8.0
