2020-12-07 14:28:58.777/2.082 Oracle Coherence 12.2.1.3.0 <Info> (thread=main, member=n/a): Loaded operational configuration from "jar:file:/D:/SOA/Oracle/Middleware/Oracle_Home/coherence/lib/coherence.jar!/tangosol-coherence.xml"
2020-12-07 14:28:58.811/2.115 Oracle Coherence 12.2.1.3.0 <Info> (thread=main, member=n/a): Loaded operational overrides from "jar:file:/D:/SOA/Oracle/Middleware/Oracle_Home/coherence/lib/coherence.jar!/tangosol-coherence-override-dev.xml"
2020-12-07 14:28:58.812/2.117 Oracle Coherence 12.2.1.3.0 <D5> (thread=main, member=n/a): Optional configuration override "/tangosol-coherence-override.xml" is not specified
2020-12-07 14:28:58.814/2.119 Oracle Coherence 12.2.1.3.0 <D5> (thread=main, member=n/a): Optional configuration override "cache-factory-config.xml" is not specified
2020-12-07 14:28:58.815/2.120 Oracle Coherence 12.2.1.3.0 <D5> (thread=main, member=n/a): Optional configuration override "cache-factory-builder-config.xml" is not specified
2020-12-07 14:28:58.816/2.121 Oracle Coherence 12.2.1.3.0 <D5> (thread=main, member=n/a): Optional configuration override "/custom-mbeans.xml" is not specified

Oracle Coherence Version 12.2.1.3.0 Build 68243
 Grid Edition: Development mode
Copyright (c) 2000, 2017, Oracle and/or its affiliates. All rights reserved.

2020-12-07 14:28:59.763/3.068 Oracle Coherence GE 12.2.1.3.0 <Info> (thread=main, member=n/a): Created cache factory com.tangosol.net.ExtensibleConfigurableCacheFactory
2020-12-07 14:28:59.884/3.189 Oracle Coherence GE 12.2.1.3.0 <Info> (thread=main, member=n/a): The cluster name has not been configured, a value of "sn38854's cluster" has been automatically generated
Dec 07, 2020 2:29:04 PM oracle.soa.scac.ValidateComposite loadWSDLs
WARNING: Validating WSDLs from WSDLManager....  with option UseSoaInfraMds:false
Dec 07, 2020 2:29:09 PM oracle.fabric.common.wsdl.SchemaManager isIncrementalBuildSupported
INFO: XMLSchema incremental build enabled.
Dec 07, 2020 2:29:09 PM com.collaxa.cube.CubeLogger info
INFO: validating "MaxeonJobFeedSF2Oracle.bpel" ...
Dec 07, 2020 2:29:16 PM com.collaxa.cube.CubeLogger info
INFO: Composed "JobFeedSF2Oracle" in 71.9 milliseconds [nodes 44=0+44, 611.9 nodes/sec]
Dec 07, 2020 2:29:18 PM com.collaxa.cube.CubeLogger info
INFO: Compiled "JobFeedSF2Oracle" in 1.618 seconds
Dec 07, 2020 2:29:18 PM com.collaxa.cube.CubeLogger info
INFO: Gathered 5 files in 1.3 milliseconds
Dec 07, 2020 2:29:18 PM com.collaxa.cube.CubeLogger info
INFO: Packaged "JobFeedSF2Oracle" in 15.6 milliseconds
Java HotSpot(TM) Client VM warning: ignoring option PermSize=32m; support was removed in 8.0
Java HotSpot(TM) Client VM warning: ignoring option MaxPermSize=256m; support was removed in 8.0
