2016-10-04 14:40:34.302/2.648 Oracle Coherence 12.2.1.0.0 <Info> (thread=main, member=n/a): Loaded operational configuration from "jar:file:/C:/Oracle/Middleware12c/Oracle_Home/coherence/lib/coherence.jar!/tangosol-coherence.xml"
2016-10-04 14:40:34.375/2.721 Oracle Coherence 12.2.1.0.0 <Info> (thread=main, member=n/a): Loaded operational overrides from "jar:file:/C:/Oracle/Middleware12c/Oracle_Home/coherence/lib/coherence.jar!/tangosol-coherence-override-dev.xml"
2016-10-04 14:40:34.376/2.722 Oracle Coherence 12.2.1.0.0 <D5> (thread=main, member=n/a): Optional configuration override "/tangosol-coherence-override.xml" is not specified
2016-10-04 14:40:34.379/2.725 Oracle Coherence 12.2.1.0.0 <D5> (thread=main, member=n/a): Optional configuration override "cache-factory-config.xml" is not specified
2016-10-04 14:40:34.380/2.726 Oracle Coherence 12.2.1.0.0 <D5> (thread=main, member=n/a): Optional configuration override "cache-factory-builder-config.xml" is not specified
2016-10-04 14:40:34.382/2.728 Oracle Coherence 12.2.1.0.0 <D5> (thread=main, member=n/a): Optional configuration override "/custom-mbeans.xml" is not specified

Oracle Coherence Version 12.2.1.0.0 Build 60603
 Grid Edition: Development mode
Copyright (c) 2000, 2015, Oracle and/or its affiliates. All rights reserved.

2016-10-04 14:40:34.518/2.864 Oracle Coherence GE 12.2.1.0.0 <Info> (thread=main, member=n/a): Loaded FMW commons version: 12.2.1-0-0-SNAPSHOT b60603
2016-10-04 14:40:34.523/2.869 Oracle Coherence GE 12.2.1.0.0 <Info> (thread=main, member=n/a): Created cache factory com.tangosol.net.DefaultConfigurableCacheFactory
2016-10-04 14:40:37.330/5.676 Oracle Coherence GE 12.2.1.0.0 <Info> (thread=main, member=n/a): The cluster name has not been configured, a value of "VA39018's cluster" has been automatically generated
Oct 04, 2016 2:40:38 PM oracle.soa.scac.ValidateComposite loadWSDLs
WARNING: Validating WSDLs from WSDLManager....  with option UseSoaInfraMds:false
Oct 04, 2016 2:40:39 PM oracle.fabric.common.wsdl.SchemaManager isIncrementalBuildSupported
INFO: XMLSchema incremental build enabled.
Oct 04, 2016 2:40:40 PM com.collaxa.cube.CubeLogger info
INFO: validating "CommonBankInterface.bpel" ...
Oct 04, 2016 2:40:40 PM oracle.integration.platform.blocks.PlatformConfigurationProvider getPlatformConfigurationProvider
WARNING: JRF is unable to determine the current application server platform.
Oct 04, 2016 2:40:43 PM oracle.fabric.common.wsdl.SchemaManager buildXDKSchema
INFO: Namespace specified for the lookup belongs to a default namespace URI: http://www.w3.org/2001/XMLSchema. Will not attempt to build the schema model for it...
Oct 04, 2016 2:40:43 PM oracle.fabric.common.wsdl.SchemaManager buildXDKSchema
INFO: Namespace specified for the lookup belongs to a default namespace URI: http://www.w3.org/2001/XMLSchema. Will not attempt to build the schema model for it...
Oct 04, 2016 2:40:43 PM oracle.fabric.common.wsdl.SchemaManager buildXDKSchema
INFO: Namespace specified for the lookup belongs to a default namespace URI: http://www.w3.org/2001/XMLSchema. Will not attempt to build the schema model for it...
Oct 04, 2016 2:40:43 PM com.collaxa.cube.CubeLogger info
INFO: Composed "CommonBankInterface" in 125.7 milliseconds [nodes 59=2+57, 469.4 nodes/sec]
Oct 04, 2016 2:40:44 PM com.collaxa.cube.CubeLogger info
INFO: Compiled "CommonBankInterface" in 1.853 seconds
Oct 04, 2016 2:40:44 PM com.collaxa.cube.CubeLogger info
INFO: Gathered 8 files in 1.5 milliseconds
Oct 04, 2016 2:40:45 PM com.collaxa.cube.CubeLogger info
INFO: Packaged "CommonBankInterface" in 123.8 milliseconds
Schema validation failed with exception "null"
oracle.xml.parser.schema.XSDException
	at oracle.xml.parser.schema.XSDBuilder.buildSchema(XSDBuilder.java:1124)
	at oracle.xml.parser.schema.XSDBuilder.build(XSDBuilder.java:630)
	at oracle.soa.scac.ValidationFaultUtil.validateSourceWithSchema(ValidationFaultUtil.java:182)
	at oracle.soa.scac.ValidationFaultUtil.validateWithSchema(ValidationFaultUtil.java:241)
	at oracle.soa.scac.ValidationFaultUtil.validateWithSchema(ValidationFaultUtil.java:225)
	at oracle.soa.scac.ValidateComposite.validateFaultPolicy(ValidateComposite.java:1399)
	at oracle.soa.scac.ValidateComposite.doValidation0(ValidateComposite.java:604)
	at oracle.soa.scac.ValidateComposite.doValidation(ValidateComposite.java:577)
	at oracle.soa.scac.ValidateComposite.run0(ValidateComposite.java:228)
	at oracle.soa.scac.ValidateComposite.run(ValidateComposite.java:209)
	at oracle.soa.scac.ValidateComposite.main(ValidateComposite.java:201)
Java HotSpot(TM) 64-Bit Server VM warning: ignoring option PermSize=32m; support was removed in 8.0
Java HotSpot(TM) 64-Bit Server VM warning: ignoring option MaxPermSize=256m; support was removed in 8.0
