2016-10-11 11:31:37.890/3.207 Oracle Coherence 12.2.1.0.0 <Info> (thread=main, member=n/a): Loaded operational configuration from "jar:file:/C:/Oracle/Middleware12c/Oracle_Home/coherence/lib/coherence.jar!/tangosol-coherence.xml"
2016-10-11 11:31:37.962/3.278 Oracle Coherence 12.2.1.0.0 <Info> (thread=main, member=n/a): Loaded operational overrides from "jar:file:/C:/Oracle/Middleware12c/Oracle_Home/coherence/lib/coherence.jar!/tangosol-coherence-override-dev.xml"
2016-10-11 11:31:37.964/3.281 Oracle Coherence 12.2.1.0.0 <D5> (thread=main, member=n/a): Optional configuration override "/tangosol-coherence-override.xml" is not specified
2016-10-11 11:31:37.967/3.284 Oracle Coherence 12.2.1.0.0 <D5> (thread=main, member=n/a): Optional configuration override "cache-factory-config.xml" is not specified
2016-10-11 11:31:37.969/3.285 Oracle Coherence 12.2.1.0.0 <D5> (thread=main, member=n/a): Optional configuration override "cache-factory-builder-config.xml" is not specified
2016-10-11 11:31:37.971/3.287 Oracle Coherence 12.2.1.0.0 <D5> (thread=main, member=n/a): Optional configuration override "/custom-mbeans.xml" is not specified

Oracle Coherence Version 12.2.1.0.0 Build 60603
 Grid Edition: Development mode
Copyright (c) 2000, 2015, Oracle and/or its affiliates. All rights reserved.

2016-10-11 11:31:38.098/3.414 Oracle Coherence GE 12.2.1.0.0 <Info> (thread=main, member=n/a): Loaded FMW commons version: 12.2.1-0-0-SNAPSHOT b60603
2016-10-11 11:31:38.102/3.418 Oracle Coherence GE 12.2.1.0.0 <Info> (thread=main, member=n/a): Created cache factory com.tangosol.net.DefaultConfigurableCacheFactory
2016-10-11 11:31:38.599/3.915 Oracle Coherence GE 12.2.1.0.0 <Info> (thread=main, member=n/a): The cluster name has not been configured, a value of "VA39018's cluster" has been automatically generated
Oct 11, 2016 11:31:40 AM oracle.soa.scac.ValidateComposite loadWSDLs
WARNING: Validating WSDLs from WSDLManager....  with option UseSoaInfraMds:false
WARNING: Schema load failed due to: Error loading schema from file:/C:/SunPower/SOA12cUpgradeProjects/039_CreditLimit_Oracle2SFDCV2/SyncCreditLimitSFDCProv/WSDLs/SyncCreditLimitSFDCProv.wsdl [Cause=Error in getting XML input stream: file:/C:/SunPower/SOA12cUpgradeProjects/039_CreditLimit_Oracle2SFDCV2/SyncCreditLimitSFDCProv/Schemas/CDM/BOD/Nouns/Dealer_PartnerCreditINFO/V1/Dealer_PartnerCreditINFO.xsdD/Nouns/Dealer_PartnerCreditINFO/V1/Dealer_PartnerCreditINFO.xsd: C:\SunPower\SOA12cUpgradeProjects\039_CreditLimit_Oracle2SFDCV2\SyncCreditLimitSFDCProv\Schemas\CDM\BOD\Nouns\Dealer_PartnerCreditINFO\V1\Dealer_PartnerCreditINFO.xsdD\Nouns\Dealer_PartnerCreditINFO\V1\Dealer_PartnerCreditINFO.xsd (The system cannot find the path specified)]
oracle.fabric.common.wsdl.XSDException: Error loading schema from file:/C:/SunPower/SOA12cUpgradeProjects/039_CreditLimit_Oracle2SFDCV2/SyncCreditLimitSFDCProv/WSDLs/SyncCreditLimitSFDCProv.wsdl [Cause=Error in getting XML input stream: file:/C:/SunPower/SOA12cUpgradeProjects/039_CreditLimit_Oracle2SFDCV2/SyncCreditLimitSFDCProv/Schemas/CDM/BOD/Nouns/Dealer_PartnerCreditINFO/V1/Dealer_PartnerCreditINFO.xsdD/Nouns/Dealer_PartnerCreditINFO/V1/Dealer_PartnerCreditINFO.xsd: C:\SunPower\SOA12cUpgradeProjects\039_CreditLimit_Oracle2SFDCV2\SyncCreditLimitSFDCProv\Schemas\CDM\BOD\Nouns\Dealer_PartnerCreditINFO\V1\Dealer_PartnerCreditINFO.xsdD\Nouns\Dealer_PartnerCreditINFO\V1\Dealer_PartnerCreditINFO.xsd (The system cannot find the path specified)]
	at oracle.fabric.common.wsdl.SchemaBuilder.loadEmbeddedSchemas(SchemaBuilder.java:580)
	at oracle.fabric.common.wsdl.SchemaBuilder.loadSchemasFromWSDL(SchemaBuilder.java:452)
	at oracle.fabric.common.wsdl.SchemaBuilder.loadAllSchemas(SchemaBuilder.java:249)
	at oracle.fabric.common.wsdl.SchemaManager.loadAllXSD(SchemaManager.java:414)
	at oracle.fabric.common.wsdl.SchemaManager.buildXDKSchema(SchemaManager.java:697)
	at oracle.fabric.common.wsdl.SchemaManager.lookupSchema(SchemaManager.java:548)
	at oracle.fabric.common.wsdl.SchemaManager.lookupXSDElementDeclaration(SchemaManager.java:873)
	at oracle.soa.scac.WSDLValidator.validateMessageParts(WSDLValidator.java:113)
	at oracle.soa.scac.WSDLValidator.validateMessages(WSDLValidator.java:88)
	at oracle.soa.scac.WSDLValidator.validate(WSDLValidator.java:44)
	at oracle.soa.scac.ValidateComposite.loadWSDLs(ValidateComposite.java:1002)
	at oracle.soa.scac.ValidateComposite.doValidation0(ValidateComposite.java:589)
	at oracle.soa.scac.ValidateComposite.doValidation(ValidateComposite.java:577)
	at oracle.soa.scac.ValidateComposite.run0(ValidateComposite.java:228)
	at oracle.soa.scac.ValidateComposite.run(ValidateComposite.java:209)
	at oracle.soa.scac.ValidateComposite.main(ValidateComposite.java:201)
Caused by: oracle.fabric.common.FabricException: Error in getting XML input stream: file:/C:/SunPower/SOA12cUpgradeProjects/039_CreditLimit_Oracle2SFDCV2/SyncCreditLimitSFDCProv/Schemas/CDM/BOD/Nouns/Dealer_PartnerCreditINFO/V1/Dealer_PartnerCreditINFO.xsdD/Nouns/Dealer_PartnerCreditINFO/V1/Dealer_PartnerCreditINFO.xsd: C:\SunPower\SOA12cUpgradeProjects\039_CreditLimit_Oracle2SFDCV2\SyncCreditLimitSFDCProv\Schemas\CDM\BOD\Nouns\Dealer_PartnerCreditINFO\V1\Dealer_PartnerCreditINFO.xsdD\Nouns\Dealer_PartnerCreditINFO\V1\Dealer_PartnerCreditINFO.xsd (The system cannot find the path specified)
	at oracle.fabric.common.metadata.MetadataManagerImpl.getInputStreamFromAbsoluteURL(MetadataManagerImpl.java:361)
	at oracle.integration.platform.common.MDSMetadataManagerImpl.getInputStreamFromAbsoluteURL(MDSMetadataManagerImpl.java:836)
	at oracle.fabric.common.metadata.MetadataManagerImpl.getDocumentAsInputStreamUsingUrlResolver(MetadataManagerImpl.java:217)
	at oracle.integration.platform.common.MDSMetadataManagerImpl.getDocumentAsInputStreamUsingCustomization(MDSMetadataManagerImpl.java:553)
	at oracle.integration.platform.common.MDSMetadataManagerImpl.getDocumentAsInputStream(MDSMetadataManagerImpl.java:535)
	at oracle.fabric.common.wsdl.SchemaBuilder.parseXMLSrc(SchemaBuilder.java:1112)
	at oracle.fabric.common.wsdl.SchemaBuilder.parseXSDSrc(SchemaBuilder.java:1062)
	at oracle.fabric.common.wsdl.SchemaBuilder.processSchemaImportsAndInclude(SchemaBuilder.java:872)
	at oracle.fabric.common.wsdl.SchemaBuilder.processSchemaImportsAndInclude(SchemaBuilder.java:874)
	at oracle.fabric.common.wsdl.SchemaBuilder.loadEmbeddedSchemas(SchemaBuilder.java:576)
	... 15 more
Caused by: java.io.FileNotFoundException: C:\SunPower\SOA12cUpgradeProjects\039_CreditLimit_Oracle2SFDCV2\SyncCreditLimitSFDCProv\Schemas\CDM\BOD\Nouns\Dealer_PartnerCreditINFO\V1\Dealer_PartnerCreditINFO.xsdD\Nouns\Dealer_PartnerCreditINFO\V1\Dealer_PartnerCreditINFO.xsd (The system cannot find the path specified)
	at java.io.FileInputStream.open0(Native Method)
	at java.io.FileInputStream.open(FileInputStream.java:195)
	at java.io.FileInputStream.<init>(FileInputStream.java:138)
	at java.io.FileInputStream.<init>(FileInputStream.java:93)
	at sun.net.www.protocol.file.FileURLConnection.connect(FileURLConnection.java:90)
	at sun.net.www.protocol.file.FileURLConnection.getInputStream(FileURLConnection.java:188)
	at java.net.URL.openStream(URL.java:1038)
	at oracle.fabric.common.metadata.MetadataManagerImpl.getInputStreamFromAbsoluteURL(MetadataManagerImpl.java:355)
	... 24 more
WARNING: Cannot resolve entity model for: http://www.sunpowercorp.com/BOD/ProcessDealer_PartnerCreditINFO/V1
WARNING: Cannot resolve entity model for: urn:partner.soap.sforce.com
WARNING: Cannot resolve entity model for: urn:partner.soap.sforce.com
WARNING: Cannot resolve entity model for: urn:fault.partner.soap.sforce.com
WARNING: Cannot resolve entity model for: urn:fault.partner.soap.sforce.com
WARNING: Cannot resolve entity model for: urn:fault.partner.soap.sforce.com
WARNING: Cannot resolve entity model for: urn:partner.soap.sforce.com
WARNING: Cannot resolve entity model for: urn:partner.soap.sforce.com
WARNING: Cannot resolve entity model for: urn:fault.partner.soap.sforce.com
WARNING: Cannot resolve entity model for: urn:partner.soap.sforce.com
WARNING: Cannot resolve entity model for: urn:partner.soap.sforce.com
WARNING: Cannot resolve entity model for: urn:partner.soap.sforce.com
WARNING: Cannot resolve entity model for: urn:partner.soap.sforce.com
WARNING: Cannot resolve entity model for: urn:partner.soap.sforce.com
WARNING: Cannot resolve entity model for: urn:partner.soap.sforce.com
WARNING: Cannot resolve entity model for: urn:partner.soap.sforce.com
WARNING: Cannot resolve entity model for: urn:partner.soap.sforce.com
WARNING: Cannot resolve entity model for: urn:partner.soap.sforce.com
WARNING: Cannot resolve entity model for: urn:partner.soap.sforce.com
WARNING: Cannot resolve entity model for: urn:partner.soap.sforce.com
WARNING: Cannot resolve entity model for: urn:partner.soap.sforce.com
WARNING: Cannot resolve entity model for: urn:partner.soap.sforce.com
WARNING: Cannot resolve entity model for: urn:partner.soap.sforce.com
WARNING: Cannot resolve entity model for: urn:partner.soap.sforce.com
WARNING: Cannot resolve entity model for: urn:partner.soap.sforce.com
WARNING: Cannot resolve entity model for: urn:fault.partner.soap.sforce.com
WARNING: Cannot resolve entity model for: urn:partner.soap.sforce.com
WARNING: Cannot resolve entity model for: urn:partner.soap.sforce.com
WARNING: Cannot resolve entity model for: urn:partner.soap.sforce.com
WARNING: Cannot resolve entity model for: urn:partner.soap.sforce.com
WARNING: Cannot resolve entity model for: urn:partner.soap.sforce.com
WARNING: Cannot resolve entity model for: urn:partner.soap.sforce.com
WARNING: Cannot resolve entity model for: urn:partner.soap.sforce.com
WARNING: Cannot resolve entity model for: urn:partner.soap.sforce.com
WARNING: Cannot resolve entity model for: urn:partner.soap.sforce.com
WARNING: Cannot resolve entity model for: urn:partner.soap.sforce.com
WARNING: Cannot resolve entity model for: urn:partner.soap.sforce.com
WARNING: Cannot resolve entity model for: urn:partner.soap.sforce.com
WARNING: Cannot resolve entity model for: urn:partner.soap.sforce.com
WARNING: Cannot resolve entity model for: urn:partner.soap.sforce.com
WARNING: Cannot resolve entity model for: urn:fault.partner.soap.sforce.com
WARNING: Cannot resolve entity model for: urn:partner.soap.sforce.com
WARNING: Cannot resolve entity model for: urn:partner.soap.sforce.com
WARNING: Cannot resolve entity model for: urn:partner.soap.sforce.com
WARNING: Cannot resolve entity model for: urn:partner.soap.sforce.com
WARNING: Cannot resolve entity model for: urn:partner.soap.sforce.com
WARNING: Cannot resolve entity model for: urn:partner.soap.sforce.com
WARNING: Cannot resolve entity model for: urn:partner.soap.sforce.com
WARNING: Cannot resolve entity model for: urn:partner.soap.sforce.com
WARNING: Cannot resolve entity model for: urn:partner.soap.sforce.com
WARNING: Cannot resolve entity model for: urn:partner.soap.sforce.com
WARNING: Cannot resolve entity model for: urn:partner.soap.sforce.com
WARNING: Cannot resolve entity model for: urn:partner.soap.sforce.com
WARNING: Cannot resolve entity model for: urn:partner.soap.sforce.com
WARNING: Cannot resolve entity model for: urn:partner.soap.sforce.com
WARNING: Cannot resolve entity model for: urn:fault.partner.soap.sforce.com
WARNING: Cannot resolve entity model for: urn:partner.soap.sforce.com
WARNING: Cannot resolve entity model for: urn:partner.soap.sforce.com
WARNING: Cannot resolve entity model for: urn:partner.soap.sforce.com
WARNING: Cannot resolve entity model for: urn:partner.soap.sforce.com
WARNING: Cannot resolve entity model for: urn:partner.soap.sforce.com
WARNING: Cannot resolve entity model for: urn:partner.soap.sforce.com
WARNING: Cannot resolve entity model for: urn:fault.partner.soap.sforce.com
WARNING: Cannot resolve entity model for: urn:partner.soap.sforce.com
WARNING: Cannot resolve entity model for: urn:partner.soap.sforce.com
WARNING: Cannot resolve entity model for: urn:partner.soap.sforce.com
WARNING: Cannot resolve entity model for: urn:partner.soap.sforce.com
WARNING: Cannot resolve entity model for: urn:fault.partner.soap.sforce.com
WARNING: Cannot resolve entity model for: urn:partner.soap.sforce.com
WARNING: Cannot resolve entity model for: urn:partner.soap.sforce.com
WARNING: Cannot resolve entity model for: urn:partner.soap.sforce.com
WARNING: Cannot resolve entity model for: urn:partner.soap.sforce.com
WARNING: Cannot resolve entity model for: urn:partner.soap.sforce.com
WARNING: Cannot resolve entity model for: urn:partner.soap.sforce.com
WARNING: Cannot resolve entity model for: urn:partner.soap.sforce.com
WARNING: Cannot resolve entity model for: urn:partner.soap.sforce.com
WARNING: Cannot resolve entity model for: urn:partner.soap.sforce.com
WARNING: Cannot resolve entity model for: urn:partner.soap.sforce.com
WARNING: Cannot resolve entity model for: urn:partner.soap.sforce.com
WARNING: Cannot resolve entity model for: urn:partner.soap.sforce.com
WARNING: Cannot resolve entity model for: urn:partner.soap.sforce.com
WARNING: Cannot resolve entity model for: urn:partner.soap.sforce.com
WARNING: Cannot resolve entity model for: urn:partner.soap.sforce.com
WARNING: Cannot resolve entity model for: urn:partner.soap.sforce.com
WARNING: Cannot resolve entity model for: urn:partner.soap.sforce.com
WARNING: Cannot resolve entity model for: urn:partner.soap.sforce.com
WARNING: Cannot resolve entity model for: urn:partner.soap.sforce.com
WARNING: Cannot resolve entity model for: urn:partner.soap.sforce.com
WARNING: Cannot resolve entity model for: urn:partner.soap.sforce.com
WARNING: Cannot resolve entity model for: urn:partner.soap.sforce.com
WARNING: Cannot resolve entity model for: urn:fault.partner.soap.sforce.com
WARNING: Cannot resolve entity model for: urn:partner.soap.sforce.com
WARNING: Cannot resolve entity model for: urn:partner.soap.sforce.com
WARNING: Cannot resolve entity model for: urn:fault.partner.soap.sforce.com
WARNING: Cannot resolve entity model for: urn:fault.partner.soap.sforce.com
WARNING: Cannot resolve entity model for: urn:fault.partner.soap.sforce.com
WARNING: Cannot resolve entity model for: urn:partner.soap.sforce.com
WARNING: Cannot resolve entity model for: urn:partner.soap.sforce.com
WARNING: Cannot resolve entity model for: urn:fault.partner.soap.sforce.com
WARNING: Cannot resolve entity model for: urn:partner.soap.sforce.com
WARNING: Cannot resolve entity model for: urn:partner.soap.sforce.com
WARNING: Cannot resolve entity model for: urn:partner.soap.sforce.com
WARNING: Cannot resolve entity model for: urn:partner.soap.sforce.com
WARNING: Cannot resolve entity model for: urn:partner.soap.sforce.com
WARNING: Cannot resolve entity model for: urn:partner.soap.sforce.com
WARNING: Cannot resolve entity model for: urn:partner.soap.sforce.com
WARNING: Cannot resolve entity model for: urn:partner.soap.sforce.com
WARNING: Cannot resolve entity model for: urn:partner.soap.sforce.com
WARNING: Cannot resolve entity model for: urn:partner.soap.sforce.com
WARNING: Cannot resolve entity model for: urn:partner.soap.sforce.com
WARNING: Cannot resolve entity model for: urn:partner.soap.sforce.com
WARNING: Cannot resolve entity model for: urn:partner.soap.sforce.com
WARNING: Cannot resolve entity model for: urn:partner.soap.sforce.com
WARNING: Cannot resolve entity model for: urn:partner.soap.sforce.com
WARNING: Cannot resolve entity model for: urn:partner.soap.sforce.com
WARNING: Cannot resolve entity model for: urn:fault.partner.soap.sforce.com
WARNING: Cannot resolve entity model for: urn:partner.soap.sforce.com
WARNING: Cannot resolve entity model for: urn:partner.soap.sforce.com
WARNING: Cannot resolve entity model for: urn:partner.soap.sforce.com
WARNING: Cannot resolve entity model for: urn:partner.soap.sforce.com
WARNING: Cannot resolve entity model for: urn:partner.soap.sforce.com
WARNING: Cannot resolve entity model for: urn:partner.soap.sforce.com
WARNING: Cannot resolve entity model for: urn:partner.soap.sforce.com
WARNING: Cannot resolve entity model for: urn:partner.soap.sforce.com
WARNING: Cannot resolve entity model for: urn:partner.soap.sforce.com
WARNING: Cannot resolve entity model for: urn:partner.soap.sforce.com
WARNING: Cannot resolve entity model for: urn:partner.soap.sforce.com
WARNING: Cannot resolve entity model for: urn:partner.soap.sforce.com
WARNING: Cannot resolve entity model for: urn:partner.soap.sforce.com
WARNING: Cannot resolve entity model for: urn:partner.soap.sforce.com
WARNING: Cannot resolve entity model for: urn:fault.partner.soap.sforce.com
WARNING: Cannot resolve entity model for: urn:partner.soap.sforce.com
WARNING: Cannot resolve entity model for: urn:partner.soap.sforce.com
WARNING: Cannot resolve entity model for: urn:partner.soap.sforce.com
WARNING: Cannot resolve entity model for: urn:partner.soap.sforce.com
WARNING: Cannot resolve entity model for: urn:partner.soap.sforce.com
WARNING: Cannot resolve entity model for: urn:partner.soap.sforce.com
WARNING: Cannot resolve entity model for: urn:partner.soap.sforce.com
WARNING: Cannot resolve entity model for: urn:partner.soap.sforce.com
WARNING: Cannot resolve entity model for: urn:partner.soap.sforce.com
WARNING: Cannot resolve entity model for: urn:partner.soap.sforce.com
WARNING: Cannot resolve entity model for: urn:partner.soap.sforce.com
WARNING: Cannot resolve entity model for: urn:partner.soap.sforce.com
WARNING: Cannot resolve entity model for: urn:partner.soap.sforce.com
WARNING: Cannot resolve entity model for: urn:partner.soap.sforce.com
WARNING: Cannot resolve entity model for: urn:fault.partner.soap.sforce.com
WARNING: Cannot resolve entity model for: urn:partner.soap.sforce.com
WARNING: Cannot resolve entity model for: urn:partner.soap.sforce.com
WARNING: Cannot resolve entity model for: urn:partner.soap.sforce.com
WARNING: Cannot resolve entity model for: urn:partner.soap.sforce.com
WARNING: Cannot resolve entity model for: urn:partner.soap.sforce.com
WARNING: Cannot resolve entity model for: urn:partner.soap.sforce.com
WARNING: Cannot resolve entity model for: urn:fault.partner.soap.sforce.com
WARNING: Cannot resolve entity model for: urn:partner.soap.sforce.com
WARNING: Cannot resolve entity model for: urn:partner.soap.sforce.com
WARNING: Cannot resolve entity model for: urn:partner.soap.sforce.com
WARNING: Cannot resolve entity model for: urn:partner.soap.sforce.com
WARNING: Cannot resolve entity model for: urn:fault.partner.soap.sforce.com
WARNING: Cannot resolve entity model for: urn:partner.soap.sforce.com
WARNING: Cannot resolve entity model for: urn:partner.soap.sforce.com
WARNING: Cannot resolve entity model for: urn:partner.soap.sforce.com
WARNING: Cannot resolve entity model for: urn:partner.soap.sforce.com
WARNING: Cannot resolve entity model for: urn:partner.soap.sforce.com
WARNING: Cannot resolve entity model for: urn:partner.soap.sforce.com
WARNING: Cannot resolve entity model for: urn:partner.soap.sforce.com
WARNING: Cannot resolve entity model for: urn:partner.soap.sforce.com
WARNING: Cannot resolve entity model for: urn:partner.soap.sforce.com
WARNING: Cannot resolve entity model for: urn:partner.soap.sforce.com
WARNING: Cannot resolve entity model for: urn:partner.soap.sforce.com
WARNING: Cannot resolve entity model for: urn:partner.soap.sforce.com
WARNING: Cannot resolve entity model for: urn:partner.soap.sforce.com
WARNING: Cannot resolve entity model for: urn:partner.soap.sforce.com
WARNING: Cannot resolve entity model for: urn:partner.soap.sforce.com
WARNING: Cannot resolve entity model for: urn:partner.soap.sforce.com
WARNING: Cannot resolve entity model for: urn:partner.soap.sforce.com
WARNING: Cannot resolve entity model for: urn:partner.soap.sforce.com
WARNING: Cannot resolve entity model for: urn:partner.soap.sforce.com
WARNING: Cannot resolve entity model for: urn:partner.soap.sforce.com
WARNING: Cannot resolve entity model for: urn:partner.soap.sforce.com
WARNING: Cannot resolve entity model for: urn:partner.soap.sforce.com
WARNING: Cannot resolve entity model for: urn:fault.partner.soap.sforce.com
WARNING: Cannot resolve entity model for: urn:partner.soap.sforce.com
WARNING: Cannot resolve entity model for: urn:partner.soap.sforce.com
WARNING: Cannot resolve entity model for: urn:fault.partner.soap.sforce.com
WARNING: Cannot resolve entity model for: urn:fault.partner.soap.sforce.com
WARNING: Cannot resolve entity model for: urn:fault.partner.soap.sforce.com
WARNING: Cannot resolve entity model for: urn:partner.soap.sforce.com
WARNING: Cannot resolve entity model for: urn:partner.soap.sforce.com
WARNING: Cannot resolve entity model for: urn:fault.partner.soap.sforce.com
WARNING: Cannot resolve entity model for: urn:partner.soap.sforce.com
WARNING: Cannot resolve entity model for: urn:partner.soap.sforce.com
WARNING: Cannot resolve entity model for: urn:partner.soap.sforce.com
WARNING: Cannot resolve entity model for: urn:partner.soap.sforce.com
WARNING: Cannot resolve entity model for: urn:partner.soap.sforce.com
WARNING: Cannot resolve entity model for: urn:partner.soap.sforce.com
WARNING: Cannot resolve entity model for: urn:partner.soap.sforce.com
WARNING: Cannot resolve entity model for: urn:partner.soap.sforce.com
WARNING: Cannot resolve entity model for: urn:partner.soap.sforce.com
WARNING: Cannot resolve entity model for: urn:partner.soap.sforce.com
WARNING: Cannot resolve entity model for: urn:partner.soap.sforce.com
WARNING: Cannot resolve entity model for: urn:partner.soap.sforce.com
WARNING: Cannot resolve entity model for: urn:partner.soap.sforce.com
WARNING: Cannot resolve entity model for: urn:partner.soap.sforce.com
WARNING: Cannot resolve entity model for: urn:partner.soap.sforce.com
WARNING: Cannot resolve entity model for: urn:partner.soap.sforce.com
WARNING: Cannot resolve entity model for: urn:fault.partner.soap.sforce.com
WARNING: Cannot resolve entity model for: urn:partner.soap.sforce.com
WARNING: Cannot resolve entity model for: urn:partner.soap.sforce.com
WARNING: Cannot resolve entity model for: urn:partner.soap.sforce.com
WARNING: Cannot resolve entity model for: urn:partner.soap.sforce.com
WARNING: Cannot resolve entity model for: urn:partner.soap.sforce.com
WARNING: Cannot resolve entity model for: urn:partner.soap.sforce.com
WARNING: Cannot resolve entity model for: urn:partner.soap.sforce.com
WARNING: Cannot resolve entity model for: urn:partner.soap.sforce.com
WARNING: Cannot resolve entity model for: urn:partner.soap.sforce.com
WARNING: Cannot resolve entity model for: urn:partner.soap.sforce.com
WARNING: Cannot resolve entity model for: urn:partner.soap.sforce.com
WARNING: Cannot resolve entity model for: urn:partner.soap.sforce.com
WARNING: Cannot resolve entity model for: urn:partner.soap.sforce.com
WARNING: Cannot resolve entity model for: urn:partner.soap.sforce.com
WARNING: Cannot resolve entity model for: urn:fault.partner.soap.sforce.com
WARNING: Cannot resolve entity model for: urn:partner.soap.sforce.com
WARNING: Cannot resolve entity model for: urn:partner.soap.sforce.com
WARNING: Cannot resolve entity model for: urn:partner.soap.sforce.com
WARNING: Cannot resolve entity model for: urn:partner.soap.sforce.com
WARNING: Cannot resolve entity model for: urn:partner.soap.sforce.com
WARNING: Cannot resolve entity model for: urn:partner.soap.sforce.com
WARNING: Cannot resolve entity model for: urn:partner.soap.sforce.com
WARNING: Cannot resolve entity model for: urn:partner.soap.sforce.com
WARNING: Cannot resolve entity model for: urn:partner.soap.sforce.com
WARNING: Cannot resolve entity model for: urn:partner.soap.sforce.com
WARNING: Cannot resolve entity model for: urn:partner.soap.sforce.com
WARNING: Cannot resolve entity model for: urn:partner.soap.sforce.com
WARNING: Cannot resolve entity model for: urn:partner.soap.sforce.com
WARNING: Cannot resolve entity model for: urn:partner.soap.sforce.com
WARNING: Cannot resolve entity model for: urn:fault.partner.soap.sforce.com
WARNING: Cannot resolve entity model for: urn:partner.soap.sforce.com
WARNING: Cannot resolve entity model for: urn:partner.soap.sforce.com
WARNING: Cannot resolve entity model for: urn:partner.soap.sforce.com
WARNING: Cannot resolve entity model for: urn:partner.soap.sforce.com
WARNING: Cannot resolve entity model for: urn:partner.soap.sforce.com
WARNING: Cannot resolve entity model for: urn:partner.soap.sforce.com
WARNING: Cannot resolve entity model for: urn:fault.partner.soap.sforce.com
WARNING: Cannot resolve entity model for: urn:partner.soap.sforce.com
WARNING: Cannot resolve entity model for: urn:partner.soap.sforce.com
WARNING: Cannot resolve entity model for: urn:partner.soap.sforce.com
WARNING: Cannot resolve entity model for: urn:partner.soap.sforce.com
WARNING: Cannot resolve entity model for: urn:fault.partner.soap.sforce.com
WARNING: Cannot resolve entity model for: urn:partner.soap.sforce.com
WARNING: Cannot resolve entity model for: urn:partner.soap.sforce.com
WARNING: Cannot resolve entity model for: urn:partner.soap.sforce.com
WARNING: Cannot resolve entity model for: urn:partner.soap.sforce.com
WARNING: Cannot resolve entity model for: urn:partner.soap.sforce.com
WARNING: Cannot resolve entity model for: urn:partner.soap.sforce.com
WARNING: Cannot resolve entity model for: urn:partner.soap.sforce.com
WARNING: Cannot resolve entity model for: urn:partner.soap.sforce.com
WARNING: Cannot resolve entity model for: urn:partner.soap.sforce.com
WARNING: Cannot resolve entity model for: urn:partner.soap.sforce.com
WARNING: Cannot resolve entity model for: urn:partner.soap.sforce.com
WARNING: Cannot resolve entity model for: urn:partner.soap.sforce.com
WARNING: Cannot resolve entity model for: urn:partner.soap.sforce.com
WARNING: Cannot resolve entity model for: urn:partner.soap.sforce.com
WARNING: Cannot resolve entity model for: urn:partner.soap.sforce.com
WARNING: Cannot resolve entity model for: urn:partner.soap.sforce.com
WARNING: Cannot resolve entity model for: urn:partner.soap.sforce.com
WARNING: Cannot resolve entity model for: urn:partner.soap.sforce.com
WARNING: Cannot resolve entity model for: urn:partner.soap.sforce.com
WARNING: Cannot resolve entity model for: urn:partner.soap.sforce.com
WARNING: Cannot resolve entity model for: urn:partner.soap.sforce.com
WARNING: Cannot resolve entity model for: urn:partner.soap.sforce.com
WARNING: Cannot resolve entity model for: urn:fault.partner.soap.sforce.com
WARNING: Cannot resolve entity model for: urn:partner.soap.sforce.com
WARNING: Cannot resolve entity model for: urn:partner.soap.sforce.com
WARNING: Cannot resolve entity model for: urn:fault.partner.soap.sforce.com
WARNING: Cannot resolve entity model for: urn:fault.partner.soap.sforce.com
WARNING: Cannot resolve entity model for: urn:fault.partner.soap.sforce.com
WARNING: Cannot resolve entity model for: urn:partner.soap.sforce.com
WARNING: Cannot resolve entity model for: urn:partner.soap.sforce.com
WARNING: Cannot resolve entity model for: urn:fault.partner.soap.sforce.com
WARNING: Cannot resolve entity model for: urn:partner.soap.sforce.com
WARNING: Cannot resolve entity model for: urn:partner.soap.sforce.com
WARNING: Cannot resolve entity model for: urn:partner.soap.sforce.com
WARNING: Cannot resolve entity model for: urn:partner.soap.sforce.com
WARNING: Cannot resolve entity model for: urn:partner.soap.sforce.com
WARNING: Cannot resolve entity model for: urn:partner.soap.sforce.com
WARNING: Cannot resolve entity model for: urn:partner.soap.sforce.com
WARNING: Cannot resolve entity model for: urn:partner.soap.sforce.com
WARNING: Cannot resolve entity model for: urn:partner.soap.sforce.com
WARNING: Cannot resolve entity model for: urn:partner.soap.sforce.com
WARNING: Cannot resolve entity model for: urn:partner.soap.sforce.com
WARNING: Cannot resolve entity model for: urn:partner.soap.sforce.com
WARNING: Cannot resolve entity model for: urn:partner.soap.sforce.com
WARNING: Cannot resolve entity model for: urn:partner.soap.sforce.com
WARNING: Cannot resolve entity model for: urn:partner.soap.sforce.com
WARNING: Cannot resolve entity model for: urn:partner.soap.sforce.com
WARNING: Cannot resolve entity model for: urn:fault.partner.soap.sforce.com
WARNING: Cannot resolve entity model for: urn:partner.soap.sforce.com
WARNING: Cannot resolve entity model for: urn:partner.soap.sforce.com
WARNING: Cannot resolve entity model for: urn:partner.soap.sforce.com
WARNING: Cannot resolve entity model for: urn:partner.soap.sforce.com
WARNING: Cannot resolve entity model for: urn:partner.soap.sforce.com
WARNING: Cannot resolve entity model for: urn:partner.soap.sforce.com
WARNING: Cannot resolve entity model for: urn:partner.soap.sforce.com
WARNING: Cannot resolve entity model for: urn:partner.soap.sforce.com
WARNING: Cannot resolve entity model for: urn:partner.soap.sforce.com
WARNING: Cannot resolve entity model for: urn:partner.soap.sforce.com
WARNING: Cannot resolve entity model for: urn:partner.soap.sforce.com
WARNING: Cannot resolve entity model for: urn:partner.soap.sforce.com
WARNING: Cannot resolve entity model for: urn:partner.soap.sforce.com
WARNING: Cannot resolve entity model for: urn:partner.soap.sforce.com
WARNING: Cannot resolve entity model for: urn:fault.partner.soap.sforce.com
WARNING: Cannot resolve entity model for: urn:partner.soap.sforce.com
WARNING: Cannot resolve entity model for: urn:partner.soap.sforce.com
WARNING: Cannot resolve entity model for: urn:partner.soap.sforce.com
WARNING: Cannot resolve entity model for: urn:partner.soap.sforce.com
WARNING: Cannot resolve entity model for: urn:partner.soap.sforce.com
WARNING: Cannot resolve entity model for: urn:partner.soap.sforce.com
WARNING: Cannot resolve entity model for: urn:partner.soap.sforce.com
WARNING: Cannot resolve entity model for: urn:partner.soap.sforce.com
WARNING: Cannot resolve entity model for: urn:partner.soap.sforce.com
WARNING: Cannot resolve entity model for: urn:partner.soap.sforce.com
WARNING: Cannot resolve entity model for: urn:partner.soap.sforce.com
WARNING: Cannot resolve entity model for: urn:partner.soap.sforce.com
WARNING: Cannot resolve entity model for: urn:partner.soap.sforce.com
WARNING: Cannot resolve entity model for: urn:partner.soap.sforce.com
WARNING: Cannot resolve entity model for: urn:fault.partner.soap.sforce.com
WARNING: Cannot resolve entity model for: urn:partner.soap.sforce.com
WARNING: Cannot resolve entity model for: urn:partner.soap.sforce.com
WARNING: Cannot resolve entity model for: urn:partner.soap.sforce.com
WARNING: Cannot resolve entity model for: urn:partner.soap.sforce.com
WARNING: Cannot resolve entity model for: urn:partner.soap.sforce.com
WARNING: Cannot resolve entity model for: urn:partner.soap.sforce.com
WARNING: Cannot resolve entity model for: urn:fault.partner.soap.sforce.com
WARNING: Cannot resolve entity model for: urn:partner.soap.sforce.com
WARNING: Cannot resolve entity model for: urn:partner.soap.sforce.com
WARNING: Cannot resolve entity model for: urn:partner.soap.sforce.com
WARNING: Cannot resolve entity model for: urn:partner.soap.sforce.com
WARNING: Cannot resolve entity model for: urn:fault.partner.soap.sforce.com
WARNING: Cannot resolve entity model for: urn:partner.soap.sforce.com
WARNING: Cannot resolve entity model for: urn:partner.soap.sforce.com
WARNING: Cannot resolve entity model for: urn:partner.soap.sforce.com
WARNING: Cannot resolve entity model for: urn:partner.soap.sforce.com
WARNING: Cannot resolve entity model for: urn:partner.soap.sforce.com
WARNING: Cannot resolve entity model for: urn:partner.soap.sforce.com
WARNING: Cannot resolve entity model for: urn:partner.soap.sforce.com
WARNING: Cannot resolve entity model for: urn:partner.soap.sforce.com
WARNING: Cannot resolve entity model for: urn:partner.soap.sforce.com
WARNING: Cannot resolve entity model for: urn:partner.soap.sforce.com
WARNING: Cannot resolve entity model for: urn:partner.soap.sforce.com
WARNING: Cannot resolve entity model for: urn:partner.soap.sforce.com
WARNING: Cannot resolve entity model for: urn:partner.soap.sforce.com
WARNING: Cannot resolve entity model for: urn:partner.soap.sforce.com
WARNING: Cannot resolve entity model for: urn:partner.soap.sforce.com
WARNING: Cannot resolve entity model for: urn:partner.soap.sforce.com
WARNING: Cannot resolve entity model for: urn:partner.soap.sforce.com
WARNING: Cannot resolve entity model for: urn:partner.soap.sforce.com
WARNING: Cannot resolve entity model for: urn:partner.soap.sforce.com
WARNING: Cannot resolve entity model for: urn:partner.soap.sforce.com
WARNING: Cannot resolve entity model for: urn:partner.soap.sforce.com
WARNING: Cannot resolve entity model for: urn:partner.soap.sforce.com
WARNING: Cannot resolve entity model for: urn:fault.partner.soap.sforce.com
WARNING: Cannot resolve entity model for: urn:partner.soap.sforce.com
WARNING: Cannot resolve entity model for: urn:partner.soap.sforce.com
WARNING: Cannot resolve entity model for: urn:fault.partner.soap.sforce.com
WARNING: Cannot resolve entity model for: urn:fault.partner.soap.sforce.com
WARNING: Cannot resolve entity model for: urn:fault.partner.soap.sforce.com
WARNING: Cannot resolve entity model for: urn:partner.soap.sforce.com
WARNING: Cannot resolve entity model for: urn:partner.soap.sforce.com
WARNING: Cannot resolve entity model for: urn:fault.partner.soap.sforce.com
WARNING: Cannot resolve entity model for: urn:partner.soap.sforce.com
WARNING: Cannot resolve entity model for: urn:partner.soap.sforce.com
WARNING: Cannot resolve entity model for: urn:partner.soap.sforce.com
WARNING: Cannot resolve entity model for: urn:partner.soap.sforce.com
WARNING: Cannot resolve entity model for: urn:partner.soap.sforce.com
WARNING: Cannot resolve entity model for: urn:partner.soap.sforce.com
WARNING: Cannot resolve entity model for: urn:partner.soap.sforce.com
WARNING: Cannot resolve entity model for: urn:partner.soap.sforce.com
WARNING: Cannot resolve entity model for: urn:partner.soap.sforce.com
WARNING: Cannot resolve entity model for: urn:partner.soap.sforce.com
WARNING: Cannot resolve entity model for: urn:partner.soap.sforce.com
WARNING: Cannot resolve entity model for: urn:partner.soap.sforce.com
WARNING: Cannot resolve entity model for: urn:partner.soap.sforce.com
WARNING: Cannot resolve entity model for: urn:partner.soap.sforce.com
WARNING: Cannot resolve entity model for: urn:partner.soap.sforce.com
WARNING: Cannot resolve entity model for: urn:partner.soap.sforce.com
WARNING: Cannot resolve entity model for: urn:fault.partner.soap.sforce.com
WARNING: Cannot resolve entity model for: urn:partner.soap.sforce.com
WARNING: Cannot resolve entity model for: urn:partner.soap.sforce.com
WARNING: Cannot resolve entity model for: urn:partner.soap.sforce.com
WARNING: Cannot resolve entity model for: urn:partner.soap.sforce.com
WARNING: Cannot resolve entity model for: urn:partner.soap.sforce.com
WARNING: Cannot resolve entity model for: urn:partner.soap.sforce.com
WARNING: Cannot resolve entity model for: urn:partner.soap.sforce.com
WARNING: Cannot resolve entity model for: urn:partner.soap.sforce.com
WARNING: Cannot resolve entity model for: urn:partner.soap.sforce.com
WARNING: Cannot resolve entity model for: urn:partner.soap.sforce.com
WARNING: Cannot resolve entity model for: urn:partner.soap.sforce.com
WARNING: Cannot resolve entity model for: urn:partner.soap.sforce.com
WARNING: Cannot resolve entity model for: urn:partner.soap.sforce.com
WARNING: Cannot resolve entity model for: urn:partner.soap.sforce.com
WARNING: Cannot resolve entity model for: urn:fault.partner.soap.sforce.com
WARNING: Cannot resolve entity model for: urn:partner.soap.sforce.com
WARNING: Cannot resolve entity model for: urn:partner.soap.sforce.com
WARNING: Cannot resolve entity model for: urn:partner.soap.sforce.com
WARNING: Cannot resolve entity model for: urn:partner.soap.sforce.com
WARNING: Cannot resolve entity model for: urn:partner.soap.sforce.com
WARNING: Cannot resolve entity model for: urn:partner.soap.sforce.com
WARNING: Cannot resolve entity model for: urn:partner.soap.sforce.com
WARNING: Cannot resolve entity model for: urn:partner.soap.sforce.com
WARNING: Cannot resolve entity model for: urn:partner.soap.sforce.com
WARNING: Cannot resolve entity model for: urn:partner.soap.sforce.com
WARNING: Cannot resolve entity model for: urn:partner.soap.sforce.com
WARNING: Cannot resolve entity model for: urn:partner.soap.sforce.com
WARNING: Cannot resolve entity model for: urn:partner.soap.sforce.com
WARNING: Cannot resolve entity model for: urn:partner.soap.sforce.com
WARNING: Cannot resolve entity model for: urn:fault.partner.soap.sforce.com
WARNING: Cannot resolve entity model for: urn:partner.soap.sforce.com
WARNING: Cannot resolve entity model for: urn:partner.soap.sforce.com
WARNING: Cannot resolve entity model for: urn:partner.soap.sforce.com
WARNING: Cannot resolve entity model for: urn:partner.soap.sforce.com
WARNING: Cannot resolve entity model for: urn:partner.soap.sforce.com
WARNING: Cannot resolve entity model for: urn:partner.soap.sforce.com
WARNING: Cannot resolve entity model for: urn:fault.partner.soap.sforce.com
WARNING: Cannot resolve entity model for: urn:partner.soap.sforce.com
WARNING: Cannot resolve entity model for: urn:partner.soap.sforce.com
WARNING: Cannot resolve entity model for: urn:partner.soap.sforce.com
WARNING: Cannot resolve entity model for: urn:partner.soap.sforce.com
WARNING: Cannot resolve entity model for: urn:fault.partner.soap.sforce.com
WARNING: Cannot resolve entity model for: urn:partner.soap.sforce.com
WARNING: Cannot resolve entity model for: urn:partner.soap.sforce.com
WARNING: Cannot resolve entity model for: urn:partner.soap.sforce.com
WARNING: Cannot resolve entity model for: urn:partner.soap.sforce.com
WARNING: Cannot resolve entity model for: urn:partner.soap.sforce.com
WARNING: Cannot resolve entity model for: urn:partner.soap.sforce.com
WARNING: Cannot resolve entity model for: urn:partner.soap.sforce.com
WARNING: Cannot resolve entity model for: urn:partner.soap.sforce.com
WARNING: Cannot resolve entity model for: urn:partner.soap.sforce.com
WARNING: Cannot resolve entity model for: urn:partner.soap.sforce.com
WARNING: Cannot resolve entity model for: urn:partner.soap.sforce.com
WARNING: Cannot resolve entity model for: urn:partner.soap.sforce.com
WARNING: Cannot resolve entity model for: urn:partner.soap.sforce.com
WARNING: Cannot resolve entity model for: urn:partner.soap.sforce.com
WARNING: Cannot resolve entity model for: urn:partner.soap.sforce.com
WARNING: Cannot resolve entity model for: urn:partner.soap.sforce.com
WARNING: Cannot resolve entity model for: urn:partner.soap.sforce.com
WARNING: Cannot resolve entity model for: urn:partner.soap.sforce.com
WARNING: Cannot resolve entity model for: urn:partner.soap.sforce.com
WARNING: Cannot resolve entity model for: urn:partner.soap.sforce.com
WARNING: Cannot resolve entity model for: urn:partner.soap.sforce.com
WARNING: Cannot resolve entity model for: urn:partner.soap.sforce.com
WARNING: Cannot resolve entity model for: urn:fault.partner.soap.sforce.com
INFO: validating "SyncCreditLimitSFDCProv.bpel" ...
WARNING: JRF is unable to determine the current application server platform.
WARNING: Schema load failed due to: Error loading schema from file:/C:/SunPower/SOA12cUpgradeProjects/039_CreditLimit_Oracle2SFDCV2/SyncCreditLimitSFDCProv/WSDLs/SyncCreditLimitSFDCProv.wsdl [Cause=Error in getting XML input stream: file:/C:/SunPower/SOA12cUpgradeProjects/039_CreditLimit_Oracle2SFDCV2/SyncCreditLimitSFDCProv/Schemas/CDM/BOD/Nouns/Dealer_PartnerCreditINFO/V1/Dealer_PartnerCreditINFO.xsdD/Nouns/Dealer_PartnerCreditINFO/V1/Dealer_PartnerCreditINFO.xsd: C:\SunPower\SOA12cUpgradeProjects\039_CreditLimit_Oracle2SFDCV2\SyncCreditLimitSFDCProv\Schemas\CDM\BOD\Nouns\Dealer_PartnerCreditINFO\V1\Dealer_PartnerCreditINFO.xsdD\Nouns\Dealer_PartnerCreditINFO\V1\Dealer_PartnerCreditINFO.xsd (The system cannot find the path specified)]
oracle.fabric.common.wsdl.XSDException: Error loading schema from file:/C:/SunPower/SOA12cUpgradeProjects/039_CreditLimit_Oracle2SFDCV2/SyncCreditLimitSFDCProv/WSDLs/SyncCreditLimitSFDCProv.wsdl [Cause=Error in getting XML input stream: file:/C:/SunPower/SOA12cUpgradeProjects/039_CreditLimit_Oracle2SFDCV2/SyncCreditLimitSFDCProv/Schemas/CDM/BOD/Nouns/Dealer_PartnerCreditINFO/V1/Dealer_PartnerCreditINFO.xsdD/Nouns/Dealer_PartnerCreditINFO/V1/Dealer_PartnerCreditINFO.xsd: C:\SunPower\SOA12cUpgradeProjects\039_CreditLimit_Oracle2SFDCV2\SyncCreditLimitSFDCProv\Schemas\CDM\BOD\Nouns\Dealer_PartnerCreditINFO\V1\Dealer_PartnerCreditINFO.xsdD\Nouns\Dealer_PartnerCreditINFO\V1\Dealer_PartnerCreditINFO.xsd (The system cannot find the path specified)]
	at oracle.fabric.common.wsdl.SchemaBuilder.loadEmbeddedSchemas(SchemaBuilder.java:580)
	at oracle.fabric.common.wsdl.SchemaBuilder.loadSchemasFromWSDL(SchemaBuilder.java:452)
	at oracle.fabric.common.wsdl.SchemaBuilder.loadAllSchemas(SchemaBuilder.java:249)
	at oracle.fabric.common.wsdl.SchemaManager.loadAllXSD(SchemaManager.java:414)
	at oracle.fabric.common.wsdl.SchemaManager.getXSDEntityResolver(SchemaManager.java:672)
	at oracle.fabric.composite.model.CompositeModel.loadImports(CompositeModel.java:575)
	at oracle.fabric.composite.model.CompositeModel.getWSDLManager(CompositeModel.java:251)
	at com.collaxa.cube.lang.compiler.ComponentCompilationModel.getWSDLManager(ComponentCompilationModel.java:62)
	at com.collaxa.cube.lang.compiler.BPELComponentCompilationModel.lookupPartnerLinkType(BPELComponentCompilationModel.java:253)
	at com.collaxa.cube.lang.compiler.bpel.BpelParser.assertWsdlPartnerLink(BpelParser.java:4929)
	at com.collaxa.cube.lang.compiler.bpel.BpelParser.assertPartnerLink(BpelParser.java:4907)
	at com.collaxa.cube.lang.compiler.bpel.BpelParser.parsePartnerLink(BpelParser.java:1453)
	at com.collaxa.cube.lang.compiler.bpel.BpelParser.startElement(BpelParser.java:603)
	at com.collaxa.cube.lang.compiler.bpel.BpelParser.parseElement(BpelParser.java:528)
	at com.collaxa.cube.lang.compiler.bpel.BpelParser.parseElement(BpelParser.java:535)
	at com.collaxa.cube.lang.compiler.bpel.BpelParser.parseElement(BpelParser.java:535)
	at com.collaxa.cube.lang.compiler.bpel.BpelParser.parse(BpelParser.java:481)
	at com.collaxa.cube.lang.compiler.bpel.BpelParser.parse(BpelParser.java:431)
	at com.collaxa.cube.lang.compiler.bpel.BPELValidator.step2_ParseAndValidate(BPELValidator.java:77)
	at com.collaxa.cube.lang.compiler.bpel.BPELValidator.validate(BPELValidator.java:59)
	at com.collaxa.cube.lang.compiler.BPEL1Processor.validate(BPEL1Processor.java:341)
	at com.collaxa.cube.lang.compiler.BPEL1Processor.process(BPEL1Processor.java:162)
	at oracle.fabric.bpel.bpelc.BPELComponentValidator.validate(BPELComponentValidator.java:87)
	at oracle.soa.scac.ValidateComposite.validateComponentTypeServicesReferences(ValidateComposite.java:1161)
	at oracle.soa.scac.ValidateComposite.doValidation0(ValidateComposite.java:598)
	at oracle.soa.scac.ValidateComposite.doValidation(ValidateComposite.java:577)
	at oracle.soa.scac.ValidateComposite.run0(ValidateComposite.java:228)
	at oracle.soa.scac.ValidateComposite.run(ValidateComposite.java:209)
	at oracle.soa.scac.ValidateComposite.main(ValidateComposite.java:201)
Caused by: oracle.fabric.common.FabricException: Error in getting XML input stream: file:/C:/SunPower/SOA12cUpgradeProjects/039_CreditLimit_Oracle2SFDCV2/SyncCreditLimitSFDCProv/Schemas/CDM/BOD/Nouns/Dealer_PartnerCreditINFO/V1/Dealer_PartnerCreditINFO.xsdD/Nouns/Dealer_PartnerCreditINFO/V1/Dealer_PartnerCreditINFO.xsd: C:\SunPower\SOA12cUpgradeProjects\039_CreditLimit_Oracle2SFDCV2\SyncCreditLimitSFDCProv\Schemas\CDM\BOD\Nouns\Dealer_PartnerCreditINFO\V1\Dealer_PartnerCreditINFO.xsdD\Nouns\Dealer_PartnerCreditINFO\V1\Dealer_PartnerCreditINFO.xsd (The system cannot find the path specified)
	at oracle.fabric.common.metadata.MetadataManagerImpl.getInputStreamFromAbsoluteURL(MetadataManagerImpl.java:361)
	at oracle.integration.platform.common.MDSMetadataManagerImpl.getInputStreamFromAbsoluteURL(MDSMetadataManagerImpl.java:836)
	at oracle.fabric.common.metadata.MetadataManagerImpl.getDocumentAsInputStreamUsingUrlResolver(MetadataManagerImpl.java:217)
	at oracle.integration.platform.common.MDSMetadataManagerImpl.getDocumentAsInputStreamUsingCustomization(MDSMetadataManagerImpl.java:553)
	at oracle.integration.platform.common.MDSMetadataManagerImpl.getDocumentAsInputStream(MDSMetadataManagerImpl.java:535)
	at oracle.fabric.common.wsdl.SchemaBuilder.parseXMLSrc(SchemaBuilder.java:1112)
	at oracle.fabric.common.wsdl.SchemaBuilder.parseXSDSrc(SchemaBuilder.java:1062)
	at oracle.fabric.common.wsdl.SchemaBuilder.processSchemaImportsAndInclude(SchemaBuilder.java:872)
	at oracle.fabric.common.wsdl.SchemaBuilder.processSchemaImportsAndInclude(SchemaBuilder.java:874)
	at oracle.fabric.common.wsdl.SchemaBuilder.loadEmbeddedSchemas(SchemaBuilder.java:576)
	... 28 more
Caused by: java.io.FileNotFoundException: C:\SunPower\SOA12cUpgradeProjects\039_CreditLimit_Oracle2SFDCV2\SyncCreditLimitSFDCProv\Schemas\CDM\BOD\Nouns\Dealer_PartnerCreditINFO\V1\Dealer_PartnerCreditINFO.xsdD\Nouns\Dealer_PartnerCreditINFO\V1\Dealer_PartnerCreditINFO.xsd (The system cannot find the path specified)
	at java.io.FileInputStream.open0(Native Method)
	at java.io.FileInputStream.open(FileInputStream.java:195)
	at java.io.FileInputStream.<init>(FileInputStream.java:138)
	at java.io.FileInputStream.<init>(FileInputStream.java:93)
	at sun.net.www.protocol.file.FileURLConnection.connect(FileURLConnection.java:90)
	at sun.net.www.protocol.file.FileURLConnection.getInputStream(FileURLConnection.java:188)
	at java.net.URL.openStream(URL.java:1038)
	at oracle.fabric.common.metadata.MetadataManagerImpl.getInputStreamFromAbsoluteURL(MetadataManagerImpl.java:355)
	... 37 more
WARNING: Cannot resolve entity model for: http://www.sunpowercorp.com/BOD/ProcessDealer_PartnerCreditINFO/V1
WARNING: Cannot resolve entity model for: urn:partner.soap.sforce.com
WARNING: Cannot resolve entity model for: urn:partner.soap.sforce.com
WARNING: Cannot resolve entity model for: urn:partner.soap.sforce.com
WARNING: Cannot resolve entity model for: http://www.sunpowercorp.com/BOD/ProcessDealer_PartnerCreditINFO/V1
WARNING: Cannot resolve entity model for: urn:partner.soap.sforce.com
WARNING: Cannot resolve entity model for: http://www.sunpowercorp.com/BOD/ProcessDealer_PartnerCreditINFO/V1
WARNING: Cannot resolve entity model for: urn:partner.soap.sforce.com
WARNING: Cannot resolve entity model for: http://www.sunpowercorp.com/BOD/ProcessDealer_PartnerCreditINFO/V1
WARNING: Cannot resolve entity model for: urn:partner.soap.sforce.com
Java HotSpot(TM) 64-Bit Server VM warning: ignoring option PermSize=32m; support was removed in 8.0
Java HotSpot(TM) 64-Bit Server VM warning: ignoring option MaxPermSize=256m; support was removed in 8.0
