2018-07-25 16:28:32.061/2.958 Oracle Coherence 12.2.1.0.0 <Info> (thread=main, member=n/a): Loaded operational configuration from "jar:file:/D:/Oracle/Middleware/Oracle_Home/coherence/lib/coherence.jar!/tangosol-coherence.xml"
2018-07-25 16:28:32.158/3.055 Oracle Coherence 12.2.1.0.0 <Info> (thread=main, member=n/a): Loaded operational overrides from "jar:file:/D:/Oracle/Middleware/Oracle_Home/coherence/lib/coherence.jar!/tangosol-coherence-override-dev.xml"
2018-07-25 16:28:32.161/3.057 Oracle Coherence 12.2.1.0.0 <D5> (thread=main, member=n/a): Optional configuration override "/tangosol-coherence-override.xml" is not specified
2018-07-25 16:28:32.165/3.062 Oracle Coherence 12.2.1.0.0 <D5> (thread=main, member=n/a): Optional configuration override "cache-factory-config.xml" is not specified
2018-07-25 16:28:32.171/3.067 Oracle Coherence 12.2.1.0.0 <D5> (thread=main, member=n/a): Optional configuration override "cache-factory-builder-config.xml" is not specified
2018-07-25 16:28:32.172/3.069 Oracle Coherence 12.2.1.0.0 <D5> (thread=main, member=n/a): Optional configuration override "/custom-mbeans.xml" is not specified

Oracle Coherence Version 12.2.1.0.0 Build 60603
 Grid Edition: Development mode
Copyright (c) 2000, 2015, Oracle and/or its affiliates. All rights reserved.

2018-07-25 16:28:32.424/3.321 Oracle Coherence GE 12.2.1.0.0 <Info> (thread=main, member=n/a): Loaded FMW commons version: 12.2.1-0-0-SNAPSHOT b60603
2018-07-25 16:28:32.430/3.328 Oracle Coherence GE 12.2.1.0.0 <Info> (thread=main, member=n/a): Created cache factory com.tangosol.net.DefaultConfigurableCacheFactory
2018-07-25 16:28:32.996/3.892 Oracle Coherence GE 12.2.1.0.0 <Info> (thread=main, member=n/a): The cluster name has not been configured, a value of "RR46183's cluster" has been automatically generated
Jul 25, 2018 4:28:37 PM oracle.soa.scac.ValidateComposite loadWSDLs
WARNING: Validating WSDLs from WSDLManager....  with option UseSoaInfraMds:false
Jul 25, 2018 4:28:42 PM oracle.fabric.common.wsdl.SchemaManager isIncrementalBuildSupported
INFO: XMLSchema incremental build enabled.
Jul 25, 2018 4:28:45 PM com.collaxa.cube.CubeLogger info
INFO: validating "EmployeeFeedSF2OIM_BPEL.bpel" ...
Jul 25, 2018 4:28:45 PM oracle.integration.platform.blocks.PlatformConfigurationProvider getPlatformConfigurationProvider
WARNING: JRF is unable to determine the current application server platform.
Jul 25, 2018 4:28:57 PM com.collaxa.cube.CubeLogger info
INFO: Composed "EmployeeFeedSF2OIM_BPEL" in 141.9 milliseconds [nodes 19=0+19, 133.9 nodes/sec]
Jul 25, 2018 4:28:59 PM com.collaxa.cube.CubeLogger info
INFO: Compiled "EmployeeFeedSF2OIM_BPEL" in 2.725 seconds
Jul 25, 2018 4:28:59 PM com.collaxa.cube.CubeLogger info
INFO: Gathered 4 files in 2.6 milliseconds
Jul 25, 2018 4:28:59 PM com.collaxa.cube.CubeLogger info
INFO: Packaged "EmployeeFeedSF2OIM_BPEL" in 20.5 milliseconds
Java HotSpot(TM) 64-Bit Server VM warning: ignoring option PermSize=32m; support was removed in 8.0
Java HotSpot(TM) 64-Bit Server VM warning: ignoring option MaxPermSize=256m; support was removed in 8.0
