2016-11-17 15:51:49.133/2.777 Oracle Coherence 12.2.1.0.0 <Info> (thread=main, member=n/a): Loaded operational configuration from "jar:file:/C:/Oracle/Middleware/Oracle_Home/coherence/lib/coherence.jar!/tangosol-coherence.xml"
2016-11-17 15:51:49.223/2.866 Oracle Coherence 12.2.1.0.0 <Info> (thread=main, member=n/a): Loaded operational overrides from "jar:file:/C:/Oracle/Middleware/Oracle_Home/coherence/lib/coherence.jar!/tangosol-coherence-override-dev.xml"
2016-11-17 15:51:49.225/2.869 Oracle Coherence 12.2.1.0.0 <D5> (thread=main, member=n/a): Optional configuration override "/tangosol-coherence-override.xml" is not specified
2016-11-17 15:51:49.230/2.874 Oracle Coherence 12.2.1.0.0 <D5> (thread=main, member=n/a): Optional configuration override "cache-factory-config.xml" is not specified
2016-11-17 15:51:49.232/2.875 Oracle Coherence 12.2.1.0.0 <D5> (thread=main, member=n/a): Optional configuration override "cache-factory-builder-config.xml" is not specified
2016-11-17 15:51:49.234/2.877 Oracle Coherence 12.2.1.0.0 <D5> (thread=main, member=n/a): Optional configuration override "/custom-mbeans.xml" is not specified

Oracle Coherence Version 12.2.1.0.0 Build 60603
 Grid Edition: Development mode
Copyright (c) 2000, 2015, Oracle and/or its affiliates. All rights reserved.

2016-11-17 15:51:49.412/3.056 Oracle Coherence GE 12.2.1.0.0 <Info> (thread=main, member=n/a): Loaded FMW commons version: 12.2.1-0-0-SNAPSHOT b60603
2016-11-17 15:51:49.424/3.067 Oracle Coherence GE 12.2.1.0.0 <Info> (thread=main, member=n/a): Created cache factory com.tangosol.net.DefaultConfigurableCacheFactory
2016-11-17 15:51:49.970/3.613 Oracle Coherence GE 12.2.1.0.0 <Info> (thread=main, member=n/a): The cluster name has not been configured, a value of "sn38854's cluster" has been automatically generated
Nov 17, 2016 3:51:53 PM oracle.soa.scac.ValidateComposite loadWSDLs
WARNING: Validating WSDLs from WSDLManager....  with option UseSoaInfraMds:false
Nov 17, 2016 3:51:56 PM oracle.fabric.common.wsdl.SchemaBuilder resolveWorkFlowSchemas
WARNING: Ignoring composite local workflow schema of file:/D:/12c_Ant/ant_soa/code/Publish856n204OracleToEDICOM/Schemas/NotificationService.xsd as there is a MDS shared version of the schema used by workflow engine oramds:/soa/shared/workflow/NotificationService.xsd
Nov 17, 2016 3:51:56 PM oracle.fabric.common.wsdl.SchemaManager isIncrementalBuildSupported
INFO: XMLSchema incremental build enabled.
Nov 17, 2016 3:51:58 PM com.collaxa.cube.CubeLogger info
INFO: validating "Publish856n204OracleToEDICOMBPEL.bpel" ...
Nov 17, 2016 3:51:58 PM oracle.integration.platform.blocks.PlatformConfigurationProvider getPlatformConfigurationProvider
WARNING: JRF is unable to determine the current application server platform.
Nov 17, 2016 3:52:02 PM oracle.fabric.common.wsdl.SchemaBuilder resolveWorkFlowSchemas
WARNING: Ignoring composite local workflow schema of file:/D:/12c_Ant/ant_soa/code/Publish856n204OracleToEDICOM/Schemas/NotificationService.xsd as there is a MDS shared version of the schema used by workflow engine oramds:/soa/shared/workflow/NotificationService.xsd
Nov 17, 2016 3:52:06 PM oracle.fabric.common.wsdl.SchemaManager buildXDKSchema
INFO: Namespace specified for the lookup belongs to a default namespace URI: http://www.w3.org/2001/XMLSchema. Will not attempt to build the schema model for it...
Nov 17, 2016 3:52:06 PM oracle.fabric.common.wsdl.SchemaManager buildXDKSchema
INFO: Namespace specified for the lookup belongs to a default namespace URI: http://www.w3.org/2001/XMLSchema. Will not attempt to build the schema model for it...
Nov 17, 2016 3:52:06 PM oracle.fabric.common.wsdl.SchemaManager buildXDKSchema
INFO: Namespace specified for the lookup belongs to a default namespace URI: http://www.w3.org/2001/XMLSchema. Will not attempt to build the schema model for it...
Nov 17, 2016 3:52:06 PM oracle.fabric.common.wsdl.SchemaManager buildXDKSchema
INFO: Namespace specified for the lookup belongs to a default namespace URI: http://www.w3.org/2001/XMLSchema. Will not attempt to build the schema model for it...
Nov 17, 2016 3:52:06 PM oracle.fabric.common.wsdl.SchemaManager buildXDKSchema
INFO: Namespace specified for the lookup belongs to a default namespace URI: http://www.w3.org/2001/XMLSchema. Will not attempt to build the schema model for it...
Nov 17, 2016 3:52:06 PM oracle.fabric.common.wsdl.SchemaManager buildXDKSchema
INFO: Namespace specified for the lookup belongs to a default namespace URI: http://www.w3.org/2001/XMLSchema. Will not attempt to build the schema model for it...
Nov 17, 2016 3:52:06 PM com.collaxa.cube.CubeLogger info
INFO: Composed "Publish856n204OracleToEDICOMBPEL" in 317.3 milliseconds [nodes 90=2+88, 283.6 nodes/sec]
Nov 17, 2016 3:52:10 PM com.collaxa.cube.CubeLogger info
INFO: Compiled "Publish856n204OracleToEDICOMBPEL" in 3.881 seconds
Nov 17, 2016 3:52:10 PM com.collaxa.cube.CubeLogger info
INFO: Gathered 9 files in 2.1 milliseconds
Nov 17, 2016 3:52:10 PM com.collaxa.cube.CubeLogger info
INFO: Packaged "Publish856n204OracleToEDICOMBPEL" in 167.9 milliseconds
Java HotSpot(TM) 64-Bit Server VM warning: ignoring option PermSize=32m; support was removed in 8.0
Java HotSpot(TM) 64-Bit Server VM warning: ignoring option MaxPermSize=256m; support was removed in 8.0
