2020-12-11 19:10:34.359/1.696 Oracle Coherence 12.2.1.3.0 <Info> (thread=main, member=n/a): Loaded operational configuration from "jar:file:/D:/SOA/Oracle/Middleware/Oracle_Home/coherence/lib/coherence.jar!/tangosol-coherence.xml"
2020-12-11 19:10:34.378/1.715 Oracle Coherence 12.2.1.3.0 <Info> (thread=main, member=n/a): Loaded operational overrides from "jar:file:/D:/SOA/Oracle/Middleware/Oracle_Home/coherence/lib/coherence.jar!/tangosol-coherence-override-dev.xml"
2020-12-11 19:10:34.379/1.716 Oracle Coherence 12.2.1.3.0 <D5> (thread=main, member=n/a): Optional configuration override "/tangosol-coherence-override.xml" is not specified
2020-12-11 19:10:34.381/1.718 Oracle Coherence 12.2.1.3.0 <D5> (thread=main, member=n/a): Optional configuration override "cache-factory-config.xml" is not specified
2020-12-11 19:10:34.382/1.719 Oracle Coherence 12.2.1.3.0 <D5> (thread=main, member=n/a): Optional configuration override "cache-factory-builder-config.xml" is not specified
2020-12-11 19:10:34.383/1.720 Oracle Coherence 12.2.1.3.0 <D5> (thread=main, member=n/a): Optional configuration override "/custom-mbeans.xml" is not specified

Oracle Coherence Version 12.2.1.3.0 Build 68243
 Grid Edition: Development mode
Copyright (c) 2000, 2017, Oracle and/or its affiliates. All rights reserved.

2020-12-11 19:10:35.146/2.482 Oracle Coherence GE 12.2.1.3.0 <Info> (thread=main, member=n/a): Created cache factory com.tangosol.net.ExtensibleConfigurableCacheFactory
2020-12-11 19:10:35.246/2.583 Oracle Coherence GE 12.2.1.3.0 <Info> (thread=main, member=n/a): The cluster name has not been configured, a value of "sn38854's cluster" has been automatically generated
Dec 11, 2020 7:10:38 PM oracle.soa.scac.ValidateComposite loadWSDLs
WARNING: Validating WSDLs from WSDLManager....  with option UseSoaInfraMds:false
Dec 11, 2020 7:10:43 PM oracle.fabric.common.wsdl.SchemaManager isIncrementalBuildSupported
INFO: XMLSchema incremental build enabled.
Dec 11, 2020 7:10:46 PM com.collaxa.cube.CubeLogger info
INFO: validating "CompanyProjectFeedOracle2SF_BPEL.bpel" ...
Dec 11, 2020 7:10:56 PM com.collaxa.cube.CubeLogger info
INFO: Composed "CompanyProjectFeedOracle2SF_BPEL" in 51.9 milliseconds [nodes 28=0+28, 539.4 nodes/sec]
Dec 11, 2020 7:10:57 PM com.collaxa.cube.CubeLogger info
INFO: Compiled "CompanyProjectFeedOracle2SF_BPEL" in 1.109 seconds
Dec 11, 2020 7:10:57 PM com.collaxa.cube.CubeLogger info
INFO: Gathered 4 files in 0.5 milliseconds
Dec 11, 2020 7:10:57 PM com.collaxa.cube.CubeLogger info
INFO: Packaged "CompanyProjectFeedOracle2SF_BPEL" in 9.6 milliseconds
Java HotSpot(TM) Client VM warning: ignoring option PermSize=32m; support was removed in 8.0
Java HotSpot(TM) Client VM warning: ignoring option MaxPermSize=256m; support was removed in 8.0
